{"contracts/Factory.sol":{"l":{"47":1092,"48":1092,"49":1092,"50":1092,"51":1092,"67":295,"68":294,"69":294,"70":294,"71":294,"72":294,"74":294,"82":252,"96":394,"97":392,"98":392,"99":392,"103":392,"104":392,"106":392,"113":308,"125":0,"126":0,"139":5,"140":4,"141":3,"149":5,"150":4,"151":3,"159":5,"160":4,"161":3,"169":5,"170":4,"171":3,"180":5,"181":4,"182":3},"path":"/home/user/Documents/stable/hungama-heftyverse/contracts/Factory.sol","s":{"1":1092,"2":1092,"3":1092,"4":1092,"5":1092,"6":295,"7":294,"8":294,"9":294,"10":294,"11":294,"12":294,"13":252,"14":394,"15":392,"16":392,"17":392,"18":392,"19":392,"20":392,"21":308,"22":0,"23":0,"24":5,"25":4,"26":3,"27":5,"28":4,"29":3,"30":5,"31":4,"32":3,"33":5,"34":4,"35":3,"36":5,"37":4,"38":3},"b":{"1":[294,1],"2":[392,2],"3":[4,1],"4":[3,1],"5":[4,1],"6":[3,1],"7":[4,1],"8":[3,1],"9":[4,1],"10":[3,1],"11":[4,1],"12":[3,1]},"f":{"1":1092,"2":295,"3":394,"4":0,"5":5,"6":5,"7":5,"8":5,"9":5},"fnMap":{"1":{"name":"initialize","line":46,"loc":{"start":{"line":42,"column":4},"end":{"line":52,"column":4}}},"2":{"name":"create721Token","line":61,"loc":{"start":{"line":61,"column":4},"end":{"line":83,"column":4}}},"3":{"name":"create1155Token","line":91,"loc":{"start":{"line":91,"column":4},"end":{"line":114,"column":4}}},"4":{"name":"predictNFTContractAddress","line":119,"loc":{"start":{"line":119,"column":4},"end":{"line":132,"column":4}}},"5":{"name":"updateTemplate721","line":138,"loc":{"start":{"line":138,"column":4},"end":{"line":142,"column":4}}},"6":{"name":"updateTemplate1155","line":148,"loc":{"start":{"line":148,"column":4},"end":{"line":152,"column":4}}},"7":{"name":"updateMarketplace","line":158,"loc":{"start":{"line":158,"column":4},"end":{"line":162,"column":4}}},"8":{"name":"updateAdmin","line":168,"loc":{"start":{"line":168,"column":4},"end":{"line":172,"column":4}}},"9":{"name":"updateOperator","line":179,"loc":{"start":{"line":179,"column":4},"end":{"line":183,"column":4}}}},"statementMap":{"1":{"start":{"line":47,"column":8},"end":{"line":47,"column":25}},"2":{"start":{"line":48,"column":8},"end":{"line":48,"column":47}},"3":{"start":{"line":49,"column":8},"end":{"line":49,"column":49}},"4":{"start":{"line":50,"column":8},"end":{"line":50,"column":33}},"5":{"start":{"line":51,"column":8},"end":{"line":51,"column":35}},"6":{"start":{"line":67,"column":8},"end":{"line":67,"column":53}},"7":{"start":{"line":68,"column":8},"end":{"line":68,"column":28}},"8":{"start":{"line":69,"column":8},"end":{"line":69,"column":73}},"9":{"start":{"line":70,"column":8},"end":{"line":70,"column":77}},"10":{"start":{"line":71,"column":8},"end":{"line":71,"column":50}},"11":{"start":{"line":72,"column":8},"end":{"line":72,"column":26}},"12":{"start":{"line":74,"column":8},"end":{"line":74,"column":2912}},"13":{"start":{"line":82,"column":8},"end":{"line":82,"column":47}},"14":{"start":{"line":96,"column":8},"end":{"line":96,"column":53}},"15":{"start":{"line":97,"column":8},"end":{"line":97,"column":28}},"16":{"start":{"line":98,"column":8},"end":{"line":98,"column":72}},"17":{"start":{"line":99,"column":8},"end":{"line":99,"column":3822}},"18":{"start":{"line":103,"column":8},"end":{"line":103,"column":54}},"19":{"start":{"line":104,"column":8},"end":{"line":104,"column":26}},"20":{"start":{"line":106,"column":8},"end":{"line":106,"column":4028}},"21":{"start":{"line":113,"column":8},"end":{"line":113,"column":43}},"22":{"start":{"line":125,"column":8},"end":{"line":125,"column":72}},"23":{"start":{"line":126,"column":8},"end":{"line":126,"column":4600}},"24":{"start":{"line":139,"column":8},"end":{"line":139,"column":60}},"25":{"start":{"line":140,"column":8},"end":{"line":140,"column":69}},"26":{"start":{"line":141,"column":8},"end":{"line":141,"column":37}},"27":{"start":{"line":149,"column":8},"end":{"line":149,"column":60}},"28":{"start":{"line":150,"column":8},"end":{"line":150,"column":69}},"29":{"start":{"line":151,"column":8},"end":{"line":151,"column":38}},"30":{"start":{"line":159,"column":8},"end":{"line":159,"column":63}},"31":{"start":{"line":160,"column":8},"end":{"line":160,"column":69}},"32":{"start":{"line":161,"column":8},"end":{"line":161,"column":33}},"33":{"start":{"line":169,"column":8},"end":{"line":169,"column":60}},"34":{"start":{"line":170,"column":8},"end":{"line":170,"column":69}},"35":{"start":{"line":171,"column":8},"end":{"line":171,"column":24}},"36":{"start":{"line":180,"column":8},"end":{"line":180,"column":48}},"37":{"start":{"line":181,"column":8},"end":{"line":181,"column":59}},"38":{"start":{"line":182,"column":8},"end":{"line":182,"column":36}}},"branchMap":{"1":{"line":67,"type":"if","locations":[{"start":{"line":67,"column":8},"end":{"line":67,"column":8}},{"start":{"line":67,"column":8},"end":{"line":67,"column":8}}]},"2":{"line":96,"type":"if","locations":[{"start":{"line":96,"column":8},"end":{"line":96,"column":8}},{"start":{"line":96,"column":8},"end":{"line":96,"column":8}}]},"3":{"line":139,"type":"if","locations":[{"start":{"line":139,"column":8},"end":{"line":139,"column":8}},{"start":{"line":139,"column":8},"end":{"line":139,"column":8}}]},"4":{"line":140,"type":"if","locations":[{"start":{"line":140,"column":8},"end":{"line":140,"column":8}},{"start":{"line":140,"column":8},"end":{"line":140,"column":8}}]},"5":{"line":149,"type":"if","locations":[{"start":{"line":149,"column":8},"end":{"line":149,"column":8}},{"start":{"line":149,"column":8},"end":{"line":149,"column":8}}]},"6":{"line":150,"type":"if","locations":[{"start":{"line":150,"column":8},"end":{"line":150,"column":8}},{"start":{"line":150,"column":8},"end":{"line":150,"column":8}}]},"7":{"line":159,"type":"if","locations":[{"start":{"line":159,"column":8},"end":{"line":159,"column":8}},{"start":{"line":159,"column":8},"end":{"line":159,"column":8}}]},"8":{"line":160,"type":"if","locations":[{"start":{"line":160,"column":8},"end":{"line":160,"column":8}},{"start":{"line":160,"column":8},"end":{"line":160,"column":8}}]},"9":{"line":169,"type":"if","locations":[{"start":{"line":169,"column":8},"end":{"line":169,"column":8}},{"start":{"line":169,"column":8},"end":{"line":169,"column":8}}]},"10":{"line":170,"type":"if","locations":[{"start":{"line":170,"column":8},"end":{"line":170,"column":8}},{"start":{"line":170,"column":8},"end":{"line":170,"column":8}}]},"11":{"line":180,"type":"if","locations":[{"start":{"line":180,"column":8},"end":{"line":180,"column":8}},{"start":{"line":180,"column":8},"end":{"line":180,"column":8}}]},"12":{"line":181,"type":"if","locations":[{"start":{"line":181,"column":8},"end":{"line":181,"column":8}},{"start":{"line":181,"column":8},"end":{"line":181,"column":8}}]}}},"contracts/interfaces/IFactory.sol":{"l":{},"path":"/home/user/Documents/stable/hungama-heftyverse/contracts/interfaces/IFactory.sol","s":{},"b":{},"f":{},"fnMap":{},"statementMap":{},"branchMap":{}},"contracts/interfaces/INFTTemplate.sol":{"l":{},"path":"/home/user/Documents/stable/hungama-heftyverse/contracts/interfaces/INFTTemplate.sol","s":{},"b":{},"f":{},"fnMap":{},"statementMap":{},"branchMap":{}},"contracts/interfaces/ISFTTemplate.sol":{"l":{},"path":"/home/user/Documents/stable/hungama-heftyverse/contracts/interfaces/ISFTTemplate.sol","s":{},"b":{},"f":{},"fnMap":{},"statementMap":{},"branchMap":{}},"contracts/interfaces/IUSDT.sol":{"l":{},"path":"/home/user/Documents/stable/hungama-heftyverse/contracts/interfaces/IUSDT.sol","s":{},"b":{},"f":{},"fnMap":{},"statementMap":{},"branchMap":{}},"contracts/libraries/VoucherLib.sol":{"l":{},"path":"/home/user/Documents/stable/hungama-heftyverse/contracts/libraries/VoucherLib.sol","s":{},"b":{},"f":{},"fnMap":{},"statementMap":{},"branchMap":{}},"contracts/mock/USDT.sol":{"l":{"12":252,"16":252,"17":252,"21":252},"path":"/home/user/Documents/stable/hungama-heftyverse/contracts/mock/USDT.sol","s":{"1":252,"2":252,"3":252,"4":252},"b":{"1":[252,0]},"f":{"1":252,"2":252,"3":252},"fnMap":{"1":{"name":"constructor","line":10,"loc":{"start":{"line":10,"column":4},"end":{"line":13,"column":4}}},"2":{"name":"mint","line":15,"loc":{"start":{"line":15,"column":4},"end":{"line":18,"column":4}}},"3":{"name":"decimals","line":20,"loc":{"start":{"line":20,"column":3},"end":{"line":22,"column":1}}}},"statementMap":{"1":{"start":{"line":12,"column":8},"end":{"line":12,"column":52}},"2":{"start":{"line":16,"column":8},"end":{"line":16,"column":50}},"3":{"start":{"line":17,"column":8},"end":{"line":17,"column":24}},"4":{"start":{"line":21,"column":2},"end":{"line":21,"column":10}}},"branchMap":{"1":{"line":16,"type":"if","locations":[{"start":{"line":16,"column":8},"end":{"line":16,"column":8}},{"start":{"line":16,"column":8},"end":{"line":16,"column":8}}]}}},"contracts/OwnedUpgradeabilityProxy.sol":{"l":{"33":0,"41":0,"42":0,"51":0,"52":0,"62":0,"63":0,"72":0,"73":0,"83":0,"84":0,"85":0,"93":0,"104":0,"105":0,"106":0,"114":0,"118":0,"126":0,"127":0,"137":0,"138":0,"148":0,"149":0,"150":0,"151":0,"155":0,"156":0,"158":0,"159":0,"160":0,"177":0,"178":0},"path":"/home/user/Documents/stable/hungama-heftyverse/contracts/OwnedUpgradeabilityProxy.sol","s":{"1":0,"2":0,"3":0,"4":0,"5":0,"6":0,"7":0,"8":0,"9":0,"10":0,"11":0,"12":0,"13":0,"14":0,"15":0,"16":0,"17":0,"18":0,"19":0,"20":0,"21":0,"22":0,"23":0,"24":0},"b":{"1":[0,0],"2":[0,0],"3":[0,0],"4":[0,0],"5":[0,0],"6":[0,0],"7":[0,0]},"f":{"1":0,"2":0,"3":0,"4":0,"5":0,"6":0,"7":0,"8":0,"9":0,"10":0,"11":0,"12":0,"13":0,"14":0},"fnMap":{"1":{"name":"constructor","line":32,"loc":{"start":{"line":32,"column":4},"end":{"line":34,"column":4}}},"2":{"name":"maintenance","line":40,"loc":{"start":{"line":40,"column":4},"end":{"line":45,"column":4}}},"3":{"name":"setMaintenance","line":50,"loc":{"start":{"line":50,"column":4},"end":{"line":55,"column":4}}},"4":{"name":"proxyOwner","line":61,"loc":{"start":{"line":61,"column":4},"end":{"line":66,"column":4}}},"5":{"name":"setUpgradeabilityOwner","line":71,"loc":{"start":{"line":71,"column":4},"end":{"line":76,"column":4}}},"6":{"name":"transferProxyOwnership","line":82,"loc":{"start":{"line":82,"column":4},"end":{"line":86,"column":4}}},"7":{"name":"upgradeTo","line":92,"loc":{"start":{"line":92,"column":4},"end":{"line":94,"column":4}}},"8":{"name":"upgradeToAndCall","line":103,"loc":{"start":{"line":103,"column":4},"end":{"line":107,"column":4}}},"9":{"name":null,"line":113,"loc":{"start":{"line":113,"column":4},"end":{"line":115,"column":4}}},"10":{"name":"implementation","line":125,"loc":{"start":{"line":125,"column":4},"end":{"line":130,"column":4}}},"11":{"name":"setImplementation","line":136,"loc":{"start":{"line":136,"column":4},"end":{"line":141,"column":4}}},"12":{"name":"_upgradeTo","line":147,"loc":{"start":{"line":147,"column":4},"end":{"line":152,"column":4}}},"13":{"name":"_fallback","line":154,"loc":{"start":{"line":154,"column":4},"end":{"line":171,"column":4}}},"14":{"name":"onlyProxyOwner","line":176,"loc":{"start":{"line":176,"column":4},"end":{"line":179,"column":4}}}},"statementMap":{"1":{"start":{"line":33,"column":8},"end":{"line":33,"column":41}},"2":{"start":{"line":41,"column":8},"end":{"line":41,"column":46}},"3":{"start":{"line":51,"column":8},"end":{"line":51,"column":46}},"4":{"start":{"line":62,"column":8},"end":{"line":62,"column":45}},"5":{"start":{"line":72,"column":8},"end":{"line":72,"column":45}},"6":{"start":{"line":83,"column":8},"end":{"line":83,"column":75}},"7":{"start":{"line":84,"column":8},"end":{"line":84,"column":62}},"8":{"start":{"line":85,"column":8},"end":{"line":85,"column":39}},"9":{"start":{"line":93,"column":8},"end":{"line":93,"column":36}},"10":{"start":{"line":104,"column":8},"end":{"line":104,"column":35}},"11":{"start":{"line":105,"column":8},"end":{"line":105,"column":71}},"12":{"start":{"line":106,"column":8},"end":{"line":106,"column":60}},"13":{"start":{"line":114,"column":8},"end":{"line":114,"column":18}},"14":{"start":{"line":126,"column":8},"end":{"line":126,"column":49}},"15":{"start":{"line":137,"column":8},"end":{"line":137,"column":49}},"16":{"start":{"line":148,"column":8},"end":{"line":148,"column":56}},"17":{"start":{"line":149,"column":8},"end":{"line":149,"column":95}},"18":{"start":{"line":150,"column":8},"end":{"line":150,"column":43}},"19":{"start":{"line":151,"column":8},"end":{"line":151,"column":40}},"20":{"start":{"line":155,"column":8},"end":{"line":155,"column":5589}},"21":{"start":{"line":156,"column":12},"end":{"line":156,"column":85}},"22":{"start":{"line":158,"column":8},"end":{"line":158,"column":40}},"23":{"start":{"line":159,"column":8},"end":{"line":159,"column":72}},"24":{"start":{"line":177,"column":8},"end":{"line":177,"column":81}}},"branchMap":{"1":{"line":83,"type":"if","locations":[{"start":{"line":83,"column":8},"end":{"line":83,"column":8}},{"start":{"line":83,"column":8},"end":{"line":83,"column":8}}]},"2":{"line":106,"type":"if","locations":[{"start":{"line":106,"column":8},"end":{"line":106,"column":8}},{"start":{"line":106,"column":8},"end":{"line":106,"column":8}}]},"3":{"line":149,"type":"if","locations":[{"start":{"line":149,"column":8},"end":{"line":149,"column":8}},{"start":{"line":149,"column":8},"end":{"line":149,"column":8}}]},"4":{"line":155,"type":"if","locations":[{"start":{"line":155,"column":8},"end":{"line":155,"column":8}},{"start":{"line":155,"column":8},"end":{"line":155,"column":8}}]},"5":{"line":156,"type":"if","locations":[{"start":{"line":156,"column":12},"end":{"line":156,"column":12}},{"start":{"line":156,"column":12},"end":{"line":156,"column":12}}]},"6":{"line":159,"type":"if","locations":[{"start":{"line":159,"column":8},"end":{"line":159,"column":8}},{"start":{"line":159,"column":8},"end":{"line":159,"column":8}}]},"7":{"line":177,"type":"if","locations":[{"start":{"line":177,"column":8},"end":{"line":177,"column":8}},{"start":{"line":177,"column":8},"end":{"line":177,"column":8}}]}}},"contracts/Relayer/BasicMetaTransaction.sol":{"l":{"14":220,"15":220,"18":220,"35":0,"36":0,"39":0,"41":0,"42":0,"43":0,"47":0,"52":0,"58":0,"59":0,"60":0,"61":0,"65":1055,"66":0,"67":0,"68":0,"73":1055},"path":"/home/user/Documents/stable/hungama-heftyverse/contracts/Relayer/BasicMetaTransaction.sol","s":{"1":220,"2":220,"3":0,"4":0,"5":0,"6":0,"7":0,"8":0,"9":0,"10":0,"11":0,"12":0,"13":0,"14":0,"15":1055,"16":0,"17":0,"18":1055},"b":{"1":[0,0],"2":[0,0],"3":[0,0],"4":[0,1055]},"f":{"1":220,"2":0,"3":0,"4":0,"5":0,"6":1055},"fnMap":{"1":{"name":"getChainID","line":13,"loc":{"start":{"line":13,"column":4},"end":{"line":19,"column":4}}},"2":{"name":"executeMetaTransaction","line":32,"loc":{"start":{"line":32,"column":4},"end":{"line":44,"column":4}}},"3":{"name":"getNonce","line":46,"loc":{"start":{"line":46,"column":4},"end":{"line":48,"column":4}}},"4":{"name":"prefixed","line":51,"loc":{"start":{"line":51,"column":4},"end":{"line":53,"column":4}}},"5":{"name":"verify","line":55,"loc":{"start":{"line":55,"column":4},"end":{"line":62,"column":4}}},"6":{"name":"_msgSender","line":64,"loc":{"start":{"line":64,"column":4},"end":{"line":75,"column":4}}}},"statementMap":{"1":{"start":{"line":14,"column":8},"end":{"line":14,"column":18}},"2":{"start":{"line":18,"column":8},"end":{"line":18,"column":17}},"3":{"start":{"line":35,"column":8},"end":{"line":35,"column":144}},"4":{"start":{"line":36,"column":8},"end":{"line":36,"column":55}},"5":{"start":{"line":39,"column":8},"end":{"line":39,"column":118}},"6":{"start":{"line":41,"column":8},"end":{"line":41,"column":55}},"7":{"start":{"line":42,"column":8},"end":{"line":42,"column":89}},"8":{"start":{"line":43,"column":8},"end":{"line":43,"column":25}},"9":{"start":{"line":47,"column":8},"end":{"line":47,"column":27}},"10":{"start":{"line":52,"column":8},"end":{"line":52,"column":84}},"11":{"start":{"line":58,"column":8},"end":{"line":58,"column":101}},"12":{"start":{"line":59,"column":8},"end":{"line":59,"column":58}},"13":{"start":{"line":60,"column":8},"end":{"line":60,"column":57}},"14":{"start":{"line":61,"column":2},"end":{"line":61,"column":26}},"15":{"start":{"line":65,"column":8},"end":{"line":65,"column":2760}},"16":{"start":{"line":66,"column":12},"end":{"line":66,"column":41}},"17":{"start":{"line":67,"column":12},"end":{"line":67,"column":43}},"18":{"start":{"line":73,"column":12},"end":{"line":73,"column":29}}},"branchMap":{"1":{"line":35,"type":"if","locations":[{"start":{"line":35,"column":8},"end":{"line":35,"column":8}},{"start":{"line":35,"column":8},"end":{"line":35,"column":8}}]},"2":{"line":41,"type":"if","locations":[{"start":{"line":41,"column":8},"end":{"line":41,"column":8}},{"start":{"line":41,"column":8},"end":{"line":41,"column":8}}]},"3":{"line":60,"type":"if","locations":[{"start":{"line":60,"column":8},"end":{"line":60,"column":8}},{"start":{"line":60,"column":8},"end":{"line":60,"column":8}}]},"4":{"line":65,"type":"if","locations":[{"start":{"line":65,"column":8},"end":{"line":65,"column":8}},{"start":{"line":65,"column":8},"end":{"line":65,"column":8}}]}}},"contracts/SingleMarket.sol":{"l":{"82":1092,"84":1092,"85":1092,"86":1092,"87":1092,"107":497,"108":493,"110":458,"111":134,"119":107,"127":107,"135":110,"149":4,"150":3,"151":3,"160":8,"162":7,"163":6,"172":8,"174":7,"175":6,"184":8,"186":7,"187":6,"196":8,"198":7,"199":6,"207":13,"208":13,"209":11,"217":8,"219":7,"220":6,"232":493,"260":493,"261":493,"273":485,"300":485,"301":485,"320":493,"322":485,"323":469,"325":213,"331":212,"333":212,"336":256,"342":251,"344":248,"354":0,"374":134,"375":39,"378":39,"381":39,"383":39,"384":13,"390":26,"398":34,"408":95,"410":95,"411":39,"416":39,"421":56,"426":56,"427":56,"434":67,"455":107,"456":26,"459":26,"462":26,"465":26,"471":26,"472":13,"478":13,"486":21,"496":81,"498":81,"499":39,"504":39,"509":42,"514":42,"515":42,"522":54,"543":107,"544":26,"547":26,"550":26,"552":26,"558":26,"559":13,"565":13,"573":20,"581":81,"583":81,"584":39,"589":42,"590":42,"597":48,"618":110,"619":26,"622":26,"625":26,"627":26,"633":26,"634":13,"640":13,"648":21,"656":84,"658":84,"664":84,"665":42,"670":42,"671":42,"678":63,"692":299,"693":299,"694":299,"695":299,"697":0,"699":299,"700":299,"716":117,"717":117,"718":117,"720":52,"725":52,"729":65,"736":65,"740":117,"743":117,"755":458,"756":458,"759":458},"path":"/home/user/Documents/stable/hungama-heftyverse/contracts/SingleMarket.sol","s":{"1":1092,"2":1092,"3":1092,"4":1092,"5":1092,"6":497,"7":493,"8":458,"9":134,"10":324,"11":107,"12":217,"13":107,"14":110,"15":4,"16":3,"17":3,"18":8,"19":7,"20":6,"21":8,"22":7,"23":6,"24":8,"25":7,"26":6,"27":8,"28":7,"29":6,"30":13,"31":13,"32":11,"33":8,"34":7,"35":6,"36":493,"37":493,"38":493,"39":485,"40":485,"41":485,"42":493,"43":485,"44":469,"45":213,"46":212,"47":212,"48":256,"49":251,"50":248,"51":0,"52":134,"53":39,"54":39,"55":39,"56":39,"57":13,"58":26,"59":34,"60":95,"61":95,"62":39,"63":39,"64":56,"65":56,"66":56,"67":67,"68":107,"69":26,"70":26,"71":26,"72":26,"73":26,"74":13,"75":13,"76":21,"77":81,"78":81,"79":39,"80":39,"81":42,"82":42,"83":42,"84":54,"85":107,"86":26,"87":26,"88":26,"89":26,"90":26,"91":13,"92":13,"93":20,"94":81,"95":81,"96":39,"97":42,"98":42,"99":48,"100":110,"101":26,"102":26,"103":26,"104":26,"105":26,"106":13,"107":13,"108":21,"109":84,"110":84,"111":84,"112":42,"113":42,"114":42,"115":63,"116":299,"117":299,"118":299,"119":299,"120":0,"121":299,"122":299,"123":299,"124":117,"125":117,"126":117,"127":52,"128":52,"129":65,"130":65,"131":117,"132":65,"133":52,"134":117,"135":458,"136":458,"137":241,"138":217,"139":458},"b":{"1":[493,4],"2":[134,324],"3":[107,217],"4":[107,110],"5":[3,1],"6":[7,1],"7":[6,1],"8":[7,1],"9":[6,1],"10":[7,1],"11":[6,1],"12":[7,1],"13":[6,1],"14":[7,1],"15":[6,1],"16":[485,8],"17":[469,16],"18":[213,256],"19":[212,1],"20":[212,0],"21":[211,1],"22":[251,5],"23":[248,3],"24":[247,1],"25":[39,95],"26":[13,26],"27":[39,56],"28":[26,81],"29":[13,13],"30":[39,42],"31":[26,81],"32":[13,13],"33":[39,42],"34":[26,84],"35":[13,13],"36":[42,42],"37":[299,0],"38":[299,0],"39":[299,0],"40":[299,0],"41":[52,65],"42":[52,0],"43":[65,0],"44":[65,52],"45":[241,217]},"f":{"1":1092,"2":497,"3":4,"4":8,"5":8,"6":8,"7":8,"8":13,"9":8,"10":493,"11":493,"12":485,"13":485,"14":493,"15":0,"16":134,"17":107,"18":107,"19":110,"20":299,"21":117,"22":458},"fnMap":{"1":{"name":"initialize","line":81,"loc":{"start":{"line":76,"column":4},"end":{"line":88,"column":4}}},"2":{"name":"Buy","line":99,"loc":{"start":{"line":99,"column":4},"end":{"line":142,"column":4}}},"3":{"name":"resetCounter","line":148,"loc":{"start":{"line":148,"column":4},"end":{"line":152,"column":4}}},"4":{"name":"setToken","line":158,"loc":{"start":{"line":158,"column":4},"end":{"line":164,"column":4}}},"5":{"name":"setMarketingWallet","line":170,"loc":{"start":{"line":170,"column":4},"end":{"line":176,"column":4}}},"6":{"name":"settreasury","line":182,"loc":{"start":{"line":182,"column":4},"end":{"line":188,"column":4}}},"7":{"name":"setMarketFee","line":194,"loc":{"start":{"line":194,"column":4},"end":{"line":200,"column":4}}},"8":{"name":"withdrawStuckToken","line":206,"loc":{"start":{"line":206,"column":4},"end":{"line":210,"column":4}}},"9":{"name":"transferAdminRole","line":216,"loc":{"start":{"line":216,"column":4},"end":{"line":221,"column":4}}},"10":{"name":"_hashSeller","line":227,"loc":{"start":{"line":227,"column":4},"end":{"line":248,"column":4}}},"11":{"name":"_verifySeller","line":255,"loc":{"start":{"line":255,"column":4},"end":{"line":262,"column":4}}},"12":{"name":"_hashBuyer","line":268,"loc":{"start":{"line":268,"column":4},"end":{"line":288,"column":4}}},"13":{"name":"_verifyBuyer","line":295,"loc":{"start":{"line":295,"column":4},"end":{"line":302,"column":4}}},"14":{"name":"verifyVoucherCreators","line":312,"loc":{"start":{"line":312,"column":4},"end":{"line":346,"column":4}}},"15":{"name":"_msgSender","line":348,"loc":{"start":{"line":348,"column":4},"end":{"line":355,"column":4}}},"16":{"name":"BuyCustodial2Custodial","line":367,"loc":{"start":{"line":367,"column":4},"end":{"line":436,"column":4}}},"17":{"name":"BuyCustodial2NonCustodial","line":448,"loc":{"start":{"line":448,"column":4},"end":{"line":524,"column":4}}},"18":{"name":"BuyNonCustodial2Custodial","line":536,"loc":{"start":{"line":536,"column":4},"end":{"line":599,"column":4}}},"19":{"name":"BuyNonCustodial2NonCustodial","line":611,"loc":{"start":{"line":611,"column":4},"end":{"line":680,"column":4}}},"20":{"name":"setCounter","line":687,"loc":{"start":{"line":687,"column":4},"end":{"line":701,"column":4}}},"21":{"name":"sendRoyalty","line":710,"loc":{"start":{"line":710,"column":4},"end":{"line":744,"column":4}}},"22":{"name":"takeMarketplaceFee","line":751,"loc":{"start":{"line":751,"column":4},"end":{"line":760,"column":4}}}},"statementMap":{"1":{"start":{"line":82,"column":8},"end":{"line":82,"column":50}},"2":{"start":{"line":84,"column":8},"end":{"line":84,"column":21}},"3":{"start":{"line":85,"column":8},"end":{"line":85,"column":35}},"4":{"start":{"line":86,"column":8},"end":{"line":86,"column":27}},"5":{"start":{"line":87,"column":8},"end":{"line":87,"column":40}},"6":{"start":{"line":107,"column":8},"end":{"line":107,"column":56}},"7":{"start":{"line":108,"column":8},"end":{"line":108,"column":76}},"8":{"start":{"line":110,"column":8},"end":{"line":110,"column":4336}},"9":{"start":{"line":111,"column":12},"end":{"line":111,"column":4408}},"10":{"start":{"line":118,"column":13},"end":{"line":118,"column":4588}},"11":{"start":{"line":119,"column":12},"end":{"line":119,"column":4661}},"12":{"start":{"line":126,"column":13},"end":{"line":126,"column":4844}},"13":{"start":{"line":127,"column":12},"end":{"line":127,"column":4917}},"14":{"start":{"line":135,"column":12},"end":{"line":135,"column":5111}},"15":{"start":{"line":149,"column":8},"end":{"line":149,"column":41}},"16":{"start":{"line":150,"column":8},"end":{"line":150,"column":37}},"17":{"start":{"line":151,"column":8},"end":{"line":151,"column":42}},"18":{"start":{"line":160,"column":8},"end":{"line":160,"column":41}},"19":{"start":{"line":162,"column":8},"end":{"line":162,"column":42}},"20":{"start":{"line":163,"column":8},"end":{"line":163,"column":40}},"21":{"start":{"line":172,"column":8},"end":{"line":172,"column":41}},"22":{"start":{"line":174,"column":8},"end":{"line":174,"column":43}},"23":{"start":{"line":175,"column":8},"end":{"line":175,"column":29}},"24":{"start":{"line":184,"column":8},"end":{"line":184,"column":41}},"25":{"start":{"line":186,"column":8},"end":{"line":186,"column":43}},"26":{"start":{"line":187,"column":8},"end":{"line":187,"column":25}},"27":{"start":{"line":196,"column":8},"end":{"line":196,"column":41}},"28":{"start":{"line":198,"column":8},"end":{"line":198,"column":35}},"29":{"start":{"line":199,"column":8},"end":{"line":199,"column":23}},"30":{"start":{"line":207,"column":8},"end":{"line":207,"column":76}},"31":{"start":{"line":208,"column":8},"end":{"line":208,"column":57}},"32":{"start":{"line":209,"column":8},"end":{"line":209,"column":36}},"33":{"start":{"line":217,"column":8},"end":{"line":217,"column":41}},"34":{"start":{"line":219,"column":8},"end":{"line":219,"column":42}},"35":{"start":{"line":220,"column":8},"end":{"line":220,"column":21}},"36":{"start":{"line":232,"column":8},"end":{"line":232,"column":8188}},"37":{"start":{"line":260,"column":8},"end":{"line":260,"column":44}},"38":{"start":{"line":261,"column":8},"end":{"line":261,"column":65}},"39":{"start":{"line":273,"column":8},"end":{"line":273,"column":9562}},"40":{"start":{"line":300,"column":8},"end":{"line":300,"column":42}},"41":{"start":{"line":301,"column":8},"end":{"line":301,"column":64}},"42":{"start":{"line":320,"column":8},"end":{"line":320,"column":59}},"43":{"start":{"line":322,"column":8},"end":{"line":322,"column":56}},"44":{"start":{"line":323,"column":8},"end":{"line":323,"column":11426}},"45":{"start":{"line":325,"column":12},"end":{"line":325,"column":11489}},"46":{"start":{"line":331,"column":12},"end":{"line":331,"column":62}},"47":{"start":{"line":333,"column":12},"end":{"line":333,"column":55}},"48":{"start":{"line":336,"column":12},"end":{"line":336,"column":11903}},"49":{"start":{"line":342,"column":12},"end":{"line":342,"column":59}},"50":{"start":{"line":344,"column":12},"end":{"line":344,"column":56}},"51":{"start":{"line":354,"column":8},"end":{"line":354,"column":33}},"52":{"start":{"line":374,"column":8},"end":{"line":374,"column":13297}},"53":{"start":{"line":375,"column":12},"end":{"line":375,"column":36}},"54":{"start":{"line":378,"column":12},"end":{"line":378,"column":75}},"55":{"start":{"line":381,"column":12},"end":{"line":381,"column":54}},"56":{"start":{"line":383,"column":12},"end":{"line":383,"column":13624}},"57":{"start":{"line":384,"column":16},"end":{"line":384,"column":13660}},"58":{"start":{"line":390,"column":16},"end":{"line":390,"column":13864}},"59":{"start":{"line":398,"column":12},"end":{"line":398,"column":14117}},"60":{"start":{"line":408,"column":12},"end":{"line":408,"column":54}},"61":{"start":{"line":410,"column":12},"end":{"line":410,"column":14473}},"62":{"start":{"line":411,"column":16},"end":{"line":411,"column":14509}},"63":{"start":{"line":416,"column":16},"end":{"line":416,"column":14699}},"64":{"start":{"line":421,"column":16},"end":{"line":421,"column":14860}},"65":{"start":{"line":426,"column":16},"end":{"line":426,"column":40}},"66":{"start":{"line":427,"column":16},"end":{"line":427,"column":15093}},"67":{"start":{"line":434,"column":12},"end":{"line":434,"column":72}},"68":{"start":{"line":455,"column":8},"end":{"line":455,"column":16226}},"69":{"start":{"line":456,"column":12},"end":{"line":456,"column":36}},"70":{"start":{"line":459,"column":12},"end":{"line":459,"column":76}},"71":{"start":{"line":462,"column":12},"end":{"line":462,"column":55}},"72":{"start":{"line":465,"column":12},"end":{"line":465,"column":16560}},"73":{"start":{"line":471,"column":12},"end":{"line":471,"column":16751}},"74":{"start":{"line":472,"column":16},"end":{"line":472,"column":16780}},"75":{"start":{"line":478,"column":16},"end":{"line":478,"column":16980}},"76":{"start":{"line":486,"column":12},"end":{"line":486,"column":17220}},"77":{"start":{"line":496,"column":12},"end":{"line":496,"column":55}},"78":{"start":{"line":498,"column":12},"end":{"line":498,"column":17577}},"79":{"start":{"line":499,"column":16},"end":{"line":499,"column":17613}},"80":{"start":{"line":504,"column":16},"end":{"line":504,"column":17806}},"81":{"start":{"line":509,"column":16},"end":{"line":509,"column":17967}},"82":{"start":{"line":514,"column":16},"end":{"line":514,"column":40}},"83":{"start":{"line":515,"column":16},"end":{"line":515,"column":18203}},"84":{"start":{"line":522,"column":12},"end":{"line":522,"column":72}},"85":{"start":{"line":543,"column":8},"end":{"line":543,"column":19336}},"86":{"start":{"line":544,"column":12},"end":{"line":544,"column":36}},"87":{"start":{"line":547,"column":12},"end":{"line":547,"column":75}},"88":{"start":{"line":550,"column":12},"end":{"line":550,"column":54}},"89":{"start":{"line":552,"column":12},"end":{"line":552,"column":19667}},"90":{"start":{"line":558,"column":12},"end":{"line":558,"column":19858}},"91":{"start":{"line":559,"column":16},"end":{"line":559,"column":19887}},"92":{"start":{"line":565,"column":16},"end":{"line":565,"column":20087}},"93":{"start":{"line":573,"column":12},"end":{"line":573,"column":20327}},"94":{"start":{"line":581,"column":12},"end":{"line":581,"column":54}},"95":{"start":{"line":583,"column":12},"end":{"line":583,"column":20628}},"96":{"start":{"line":584,"column":16},"end":{"line":584,"column":20664}},"97":{"start":{"line":589,"column":16},"end":{"line":589,"column":40}},"98":{"start":{"line":590,"column":16},"end":{"line":590,"column":20868}},"99":{"start":{"line":597,"column":12},"end":{"line":597,"column":72}},"100":{"start":{"line":618,"column":8},"end":{"line":618,"column":22013}},"101":{"start":{"line":619,"column":12},"end":{"line":619,"column":36}},"102":{"start":{"line":622,"column":12},"end":{"line":622,"column":76}},"103":{"start":{"line":625,"column":12},"end":{"line":625,"column":55}},"104":{"start":{"line":627,"column":12},"end":{"line":627,"column":22346}},"105":{"start":{"line":633,"column":12},"end":{"line":633,"column":22540}},"106":{"start":{"line":634,"column":16},"end":{"line":634,"column":22569}},"107":{"start":{"line":640,"column":16},"end":{"line":640,"column":22769}},"108":{"start":{"line":648,"column":12},"end":{"line":648,"column":23009}},"109":{"start":{"line":656,"column":12},"end":{"line":656,"column":55}},"110":{"start":{"line":658,"column":12},"end":{"line":658,"column":23311}},"111":{"start":{"line":664,"column":12},"end":{"line":664,"column":23486}},"112":{"start":{"line":665,"column":16},"end":{"line":665,"column":23522}},"113":{"start":{"line":670,"column":16},"end":{"line":670,"column":40}},"114":{"start":{"line":671,"column":16},"end":{"line":671,"column":23726}},"115":{"start":{"line":678,"column":12},"end":{"line":678,"column":72}},"116":{"start":{"line":692,"column":8},"end":{"line":692,"column":51}},"117":{"start":{"line":693,"column":8},"end":{"line":693,"column":56}},"118":{"start":{"line":694,"column":8},"end":{"line":694,"column":24492}},"119":{"start":{"line":695,"column":12},"end":{"line":695,"column":53}},"120":{"start":{"line":697,"column":12},"end":{"line":697,"column":51}},"121":{"start":{"line":699,"column":8},"end":{"line":699,"column":36}},"122":{"start":{"line":700,"column":8},"end":{"line":700,"column":65}},"123":{"start":{"line":700,"column":30},"end":{"line":700,"column":64}},"124":{"start":{"line":716,"column":8},"end":{"line":716,"column":24}},"125":{"start":{"line":717,"column":8},"end":{"line":717,"column":26}},"126":{"start":{"line":718,"column":8},"end":{"line":718,"column":25444}},"127":{"start":{"line":720,"column":12},"end":{"line":720,"column":25500}},"128":{"start":{"line":725,"column":12},"end":{"line":725,"column":25714}},"129":{"start":{"line":729,"column":12},"end":{"line":729,"column":25842}},"130":{"start":{"line":736,"column":12},"end":{"line":736,"column":26111}},"131":{"start":{"line":740,"column":8},"end":{"line":740,"column":26262}},"132":{"start":{"line":740,"column":26},"end":{"line":740,"column":78}},"133":{"start":{"line":741,"column":13},"end":{"line":741,"column":68}},"134":{"start":{"line":743,"column":8},"end":{"line":743,"column":28}},"135":{"start":{"line":755,"column":8},"end":{"line":755,"column":56}},"136":{"start":{"line":756,"column":8},"end":{"line":756,"column":26886}},"137":{"start":{"line":756,"column":26},"end":{"line":756,"column":72}},"138":{"start":{"line":757,"column":13},"end":{"line":757,"column":62}},"139":{"start":{"line":759,"column":8},"end":{"line":759,"column":18}}},"branchMap":{"1":{"line":107,"type":"if","locations":[{"start":{"line":107,"column":8},"end":{"line":107,"column":8}},{"start":{"line":107,"column":8},"end":{"line":107,"column":8}}]},"2":{"line":110,"type":"if","locations":[{"start":{"line":110,"column":8},"end":{"line":110,"column":8}},{"start":{"line":110,"column":8},"end":{"line":110,"column":8}}]},"3":{"line":118,"type":"if","locations":[{"start":{"line":118,"column":13},"end":{"line":118,"column":13}},{"start":{"line":118,"column":13},"end":{"line":118,"column":13}}]},"4":{"line":126,"type":"if","locations":[{"start":{"line":126,"column":13},"end":{"line":126,"column":13}},{"start":{"line":126,"column":13},"end":{"line":126,"column":13}}]},"5":{"line":149,"type":"if","locations":[{"start":{"line":149,"column":8},"end":{"line":149,"column":8}},{"start":{"line":149,"column":8},"end":{"line":149,"column":8}}]},"6":{"line":160,"type":"if","locations":[{"start":{"line":160,"column":8},"end":{"line":160,"column":8}},{"start":{"line":160,"column":8},"end":{"line":160,"column":8}}]},"7":{"line":162,"type":"if","locations":[{"start":{"line":162,"column":8},"end":{"line":162,"column":8}},{"start":{"line":162,"column":8},"end":{"line":162,"column":8}}]},"8":{"line":172,"type":"if","locations":[{"start":{"line":172,"column":8},"end":{"line":172,"column":8}},{"start":{"line":172,"column":8},"end":{"line":172,"column":8}}]},"9":{"line":174,"type":"if","locations":[{"start":{"line":174,"column":8},"end":{"line":174,"column":8}},{"start":{"line":174,"column":8},"end":{"line":174,"column":8}}]},"10":{"line":184,"type":"if","locations":[{"start":{"line":184,"column":8},"end":{"line":184,"column":8}},{"start":{"line":184,"column":8},"end":{"line":184,"column":8}}]},"11":{"line":186,"type":"if","locations":[{"start":{"line":186,"column":8},"end":{"line":186,"column":8}},{"start":{"line":186,"column":8},"end":{"line":186,"column":8}}]},"12":{"line":196,"type":"if","locations":[{"start":{"line":196,"column":8},"end":{"line":196,"column":8}},{"start":{"line":196,"column":8},"end":{"line":196,"column":8}}]},"13":{"line":198,"type":"if","locations":[{"start":{"line":198,"column":8},"end":{"line":198,"column":8}},{"start":{"line":198,"column":8},"end":{"line":198,"column":8}}]},"14":{"line":217,"type":"if","locations":[{"start":{"line":217,"column":8},"end":{"line":217,"column":8}},{"start":{"line":217,"column":8},"end":{"line":217,"column":8}}]},"15":{"line":219,"type":"if","locations":[{"start":{"line":219,"column":8},"end":{"line":219,"column":8}},{"start":{"line":219,"column":8},"end":{"line":219,"column":8}}]},"16":{"line":320,"type":"if","locations":[{"start":{"line":320,"column":8},"end":{"line":320,"column":8}},{"start":{"line":320,"column":8},"end":{"line":320,"column":8}}]},"17":{"line":322,"type":"if","locations":[{"start":{"line":322,"column":8},"end":{"line":322,"column":8}},{"start":{"line":322,"column":8},"end":{"line":322,"column":8}}]},"18":{"line":323,"type":"if","locations":[{"start":{"line":323,"column":8},"end":{"line":323,"column":8}},{"start":{"line":323,"column":8},"end":{"line":323,"column":8}}]},"19":{"line":325,"type":"if","locations":[{"start":{"line":325,"column":12},"end":{"line":325,"column":12}},{"start":{"line":325,"column":12},"end":{"line":325,"column":12}}]},"20":{"line":331,"type":"if","locations":[{"start":{"line":331,"column":12},"end":{"line":331,"column":12}},{"start":{"line":331,"column":12},"end":{"line":331,"column":12}}]},"21":{"line":333,"type":"if","locations":[{"start":{"line":333,"column":12},"end":{"line":333,"column":12}},{"start":{"line":333,"column":12},"end":{"line":333,"column":12}}]},"22":{"line":336,"type":"if","locations":[{"start":{"line":336,"column":12},"end":{"line":336,"column":12}},{"start":{"line":336,"column":12},"end":{"line":336,"column":12}}]},"23":{"line":342,"type":"if","locations":[{"start":{"line":342,"column":12},"end":{"line":342,"column":12}},{"start":{"line":342,"column":12},"end":{"line":342,"column":12}}]},"24":{"line":344,"type":"if","locations":[{"start":{"line":344,"column":12},"end":{"line":344,"column":12}},{"start":{"line":344,"column":12},"end":{"line":344,"column":12}}]},"25":{"line":374,"type":"if","locations":[{"start":{"line":374,"column":8},"end":{"line":374,"column":8}},{"start":{"line":374,"column":8},"end":{"line":374,"column":8}}]},"26":{"line":383,"type":"if","locations":[{"start":{"line":383,"column":12},"end":{"line":383,"column":12}},{"start":{"line":383,"column":12},"end":{"line":383,"column":12}}]},"27":{"line":410,"type":"if","locations":[{"start":{"line":410,"column":12},"end":{"line":410,"column":12}},{"start":{"line":410,"column":12},"end":{"line":410,"column":12}}]},"28":{"line":455,"type":"if","locations":[{"start":{"line":455,"column":8},"end":{"line":455,"column":8}},{"start":{"line":455,"column":8},"end":{"line":455,"column":8}}]},"29":{"line":471,"type":"if","locations":[{"start":{"line":471,"column":12},"end":{"line":471,"column":12}},{"start":{"line":471,"column":12},"end":{"line":471,"column":12}}]},"30":{"line":498,"type":"if","locations":[{"start":{"line":498,"column":12},"end":{"line":498,"column":12}},{"start":{"line":498,"column":12},"end":{"line":498,"column":12}}]},"31":{"line":543,"type":"if","locations":[{"start":{"line":543,"column":8},"end":{"line":543,"column":8}},{"start":{"line":543,"column":8},"end":{"line":543,"column":8}}]},"32":{"line":558,"type":"if","locations":[{"start":{"line":558,"column":12},"end":{"line":558,"column":12}},{"start":{"line":558,"column":12},"end":{"line":558,"column":12}}]},"33":{"line":583,"type":"if","locations":[{"start":{"line":583,"column":12},"end":{"line":583,"column":12}},{"start":{"line":583,"column":12},"end":{"line":583,"column":12}}]},"34":{"line":618,"type":"if","locations":[{"start":{"line":618,"column":8},"end":{"line":618,"column":8}},{"start":{"line":618,"column":8},"end":{"line":618,"column":8}}]},"35":{"line":633,"type":"if","locations":[{"start":{"line":633,"column":12},"end":{"line":633,"column":12}},{"start":{"line":633,"column":12},"end":{"line":633,"column":12}}]},"36":{"line":664,"type":"if","locations":[{"start":{"line":664,"column":12},"end":{"line":664,"column":12}},{"start":{"line":664,"column":12},"end":{"line":664,"column":12}}]},"37":{"line":692,"type":"if","locations":[{"start":{"line":692,"column":8},"end":{"line":692,"column":8}},{"start":{"line":692,"column":8},"end":{"line":692,"column":8}}]},"38":{"line":694,"type":"if","locations":[{"start":{"line":694,"column":8},"end":{"line":694,"column":8}},{"start":{"line":694,"column":8},"end":{"line":694,"column":8}}]},"39":{"line":699,"type":"if","locations":[{"start":{"line":699,"column":8},"end":{"line":699,"column":8}},{"start":{"line":699,"column":8},"end":{"line":699,"column":8}}]},"40":{"line":700,"type":"if","locations":[{"start":{"line":700,"column":8},"end":{"line":700,"column":8}},{"start":{"line":700,"column":8},"end":{"line":700,"column":8}}]},"41":{"line":718,"type":"if","locations":[{"start":{"line":718,"column":8},"end":{"line":718,"column":8}},{"start":{"line":718,"column":8},"end":{"line":718,"column":8}}]},"42":{"line":720,"type":"if","locations":[{"start":{"line":720,"column":12},"end":{"line":720,"column":12}},{"start":{"line":720,"column":12},"end":{"line":720,"column":12}}]},"43":{"line":729,"type":"if","locations":[{"start":{"line":729,"column":12},"end":{"line":729,"column":12}},{"start":{"line":729,"column":12},"end":{"line":729,"column":12}}]},"44":{"line":740,"type":"if","locations":[{"start":{"line":740,"column":8},"end":{"line":740,"column":8}},{"start":{"line":740,"column":8},"end":{"line":740,"column":8}}]},"45":{"line":756,"type":"if","locations":[{"start":{"line":756,"column":8},"end":{"line":756,"column":8}},{"start":{"line":756,"column":8},"end":{"line":756,"column":8}}]}}},"contracts/Template1155.sol":{"l":{"37":1484,"38":1484,"39":1484,"57":5,"58":4,"59":3,"67":5,"68":4,"69":3,"82":276,"83":275,"84":274,"85":274,"86":273,"88":273,"89":235,"91":38,"92":38,"94":273,"95":273,"96":273,"99":273,"109":0,"122":338,"123":91,"127":337,"140":13,"141":13,"145":12,"157":274,"186":274,"187":274,"196":897,"216":273,"217":273,"218":273,"219":196},"path":"/home/user/Documents/stable/hungama-heftyverse/contracts/Template1155.sol","s":{"1":1484,"2":1484,"3":1484,"4":1484,"5":1484,"6":1484,"7":1484,"8":5,"9":4,"10":3,"11":5,"12":4,"13":3,"14":276,"15":275,"16":274,"17":274,"18":273,"19":273,"20":235,"21":38,"22":38,"23":273,"24":234,"25":273,"26":273,"27":273,"28":0,"29":338,"30":91,"31":337,"32":13,"33":13,"34":12,"35":274,"36":274,"37":274,"38":897,"39":273,"40":273,"41":273,"42":196},"b":{"1":[4,1],"2":[3,1],"3":[4,1],"4":[3,1],"5":[275,1],"6":[274,1],"7":[273,1],"8":[235,38],"9":[38,0],"10":[234,39],"11":[91,247],"12":[90,1],"13":[13,0],"14":[12,1],"15":[196,77]},"f":{"1":1484,"2":5,"3":5,"4":276,"5":0,"6":338,"7":13,"8":274,"9":274,"10":897,"11":273},"fnMap":{"1":{"name":"initialize","line":34,"loc":{"start":{"line":32,"column":4},"end":{"line":40,"column":4}}},"2":{"name":"setAdmin","line":55,"loc":{"start":{"line":55,"column":4},"end":{"line":60,"column":4}}},"3":{"name":"setCreator","line":66,"loc":{"start":{"line":66,"column":4},"end":{"line":70,"column":4}}},"4":{"name":"redeem","line":77,"loc":{"start":{"line":77,"column":4},"end":{"line":101,"column":4}}},"5":{"name":"supportsInterface","line":103,"loc":{"start":{"line":103,"column":4},"end":{"line":110,"column":4}}},"6":{"name":"safeTransferFrom","line":115,"loc":{"start":{"line":115,"column":4},"end":{"line":128,"column":4}}},"7":{"name":"safeBatchTransferFrom","line":133,"loc":{"start":{"line":133,"column":4},"end":{"line":146,"column":4}}},"8":{"name":"_hash","line":152,"loc":{"start":{"line":152,"column":4},"end":{"line":174,"column":4}}},"9":{"name":"_verify","line":181,"loc":{"start":{"line":181,"column":4},"end":{"line":188,"column":4}}},"10":{"name":"_msgSender","line":190,"loc":{"start":{"line":190,"column":4},"end":{"line":197,"column":4}}},"11":{"name":"MintNFT","line":208,"loc":{"start":{"line":208,"column":4},"end":{"line":221,"column":4}}}},"statementMap":{"1":{"start":{"line":35,"column":4},"end":{"line":35,"column":22}},"2":{"start":{"line":35,"column":25},"end":{"line":35,"column":50}},"3":{"start":{"line":36,"column":4},"end":{"line":36,"column":19}},"4":{"start":{"line":36,"column":22},"end":{"line":36,"column":65}},"5":{"start":{"line":37,"column":4},"end":{"line":37,"column":17}},"6":{"start":{"line":38,"column":4},"end":{"line":38,"column":21}},"7":{"start":{"line":39,"column":4},"end":{"line":39,"column":21}},"8":{"start":{"line":57,"column":8},"end":{"line":57,"column":41}},"9":{"start":{"line":58,"column":8},"end":{"line":58,"column":41}},"10":{"start":{"line":59,"column":8},"end":{"line":59,"column":21}},"11":{"start":{"line":67,"column":8},"end":{"line":67,"column":41}},"12":{"start":{"line":68,"column":8},"end":{"line":68,"column":43}},"13":{"start":{"line":69,"column":8},"end":{"line":69,"column":25}},"14":{"start":{"line":82,"column":8},"end":{"line":82,"column":55}},"15":{"start":{"line":83,"column":8},"end":{"line":83,"column":57}},"16":{"start":{"line":84,"column":8},"end":{"line":84,"column":42}},"17":{"start":{"line":85,"column":8},"end":{"line":85,"column":57}},"18":{"start":{"line":86,"column":8},"end":{"line":86,"column":48}},"19":{"start":{"line":88,"column":8},"end":{"line":88,"column":3325}},"20":{"start":{"line":89,"column":12},"end":{"line":89,"column":42}},"21":{"start":{"line":91,"column":12},"end":{"line":91,"column":34}},"22":{"start":{"line":92,"column":12},"end":{"line":92,"column":31}},"23":{"start":{"line":94,"column":8},"end":{"line":94,"column":63}},"24":{"start":{"line":94,"column":23},"end":{"line":94,"column":62}},"25":{"start":{"line":95,"column":8},"end":{"line":95,"column":42}},"26":{"start":{"line":96,"column":8},"end":{"line":96,"column":3632}},"27":{"start":{"line":99,"column":8},"end":{"line":99,"column":3762}},"28":{"start":{"line":109,"column":8},"end":{"line":109,"column":51}},"29":{"start":{"line":122,"column":8},"end":{"line":122,"column":4385}},"30":{"start":{"line":123,"column":12},"end":{"line":123,"column":4447}},"31":{"start":{"line":127,"column":8},"end":{"line":127,"column":52}},"32":{"start":{"line":140,"column":8},"end":{"line":140,"column":5022}},"33":{"start":{"line":141,"column":12},"end":{"line":141,"column":5084}},"34":{"start":{"line":145,"column":8},"end":{"line":145,"column":59}},"35":{"start":{"line":157,"column":8},"end":{"line":157,"column":5588}},"36":{"start":{"line":186,"column":8},"end":{"line":186,"column":39}},"37":{"start":{"line":187,"column":8},"end":{"line":187,"column":66}},"38":{"start":{"line":196,"column":8},"end":{"line":196,"column":33}},"39":{"start":{"line":216,"column":8},"end":{"line":216,"column":41}},"40":{"start":{"line":217,"column":8},"end":{"line":217,"column":33}},"41":{"start":{"line":218,"column":8},"end":{"line":218,"column":7644}},"42":{"start":{"line":219,"column":12},"end":{"line":219,"column":64}}},"branchMap":{"1":{"line":57,"type":"if","locations":[{"start":{"line":57,"column":8},"end":{"line":57,"column":8}},{"start":{"line":57,"column":8},"end":{"line":57,"column":8}}]},"2":{"line":58,"type":"if","locations":[{"start":{"line":58,"column":8},"end":{"line":58,"column":8}},{"start":{"line":58,"column":8},"end":{"line":58,"column":8}}]},"3":{"line":67,"type":"if","locations":[{"start":{"line":67,"column":8},"end":{"line":67,"column":8}},{"start":{"line":67,"column":8},"end":{"line":67,"column":8}}]},"4":{"line":68,"type":"if","locations":[{"start":{"line":68,"column":8},"end":{"line":68,"column":8}},{"start":{"line":68,"column":8},"end":{"line":68,"column":8}}]},"5":{"line":82,"type":"if","locations":[{"start":{"line":82,"column":8},"end":{"line":82,"column":8}},{"start":{"line":82,"column":8},"end":{"line":82,"column":8}}]},"6":{"line":83,"type":"if","locations":[{"start":{"line":83,"column":8},"end":{"line":83,"column":8}},{"start":{"line":83,"column":8},"end":{"line":83,"column":8}}]},"7":{"line":85,"type":"if","locations":[{"start":{"line":85,"column":8},"end":{"line":85,"column":8}},{"start":{"line":85,"column":8},"end":{"line":85,"column":8}}]},"8":{"line":88,"type":"if","locations":[{"start":{"line":88,"column":8},"end":{"line":88,"column":8}},{"start":{"line":88,"column":8},"end":{"line":88,"column":8}}]},"9":{"line":91,"type":"if","locations":[{"start":{"line":91,"column":12},"end":{"line":91,"column":12}},{"start":{"line":91,"column":12},"end":{"line":91,"column":12}}]},"10":{"line":94,"type":"if","locations":[{"start":{"line":94,"column":8},"end":{"line":94,"column":8}},{"start":{"line":94,"column":8},"end":{"line":94,"column":8}}]},"11":{"line":122,"type":"if","locations":[{"start":{"line":122,"column":8},"end":{"line":122,"column":8}},{"start":{"line":122,"column":8},"end":{"line":122,"column":8}}]},"12":{"line":123,"type":"if","locations":[{"start":{"line":123,"column":12},"end":{"line":123,"column":12}},{"start":{"line":123,"column":12},"end":{"line":123,"column":12}}]},"13":{"line":140,"type":"if","locations":[{"start":{"line":140,"column":8},"end":{"line":140,"column":8}},{"start":{"line":140,"column":8},"end":{"line":140,"column":8}}]},"14":{"line":141,"type":"if","locations":[{"start":{"line":141,"column":12},"end":{"line":141,"column":12}},{"start":{"line":141,"column":12},"end":{"line":141,"column":12}}]},"15":{"line":218,"type":"if","locations":[{"start":{"line":218,"column":8},"end":{"line":218,"column":8}},{"start":{"line":218,"column":8},"end":{"line":218,"column":8}}]}}},"contracts/Template721.sol":{"l":{"44":1386,"45":1386,"46":1386,"47":1386,"49":1386,"50":1386,"51":1386,"62":175,"63":174,"64":174,"65":173,"72":173,"80":5,"81":4,"82":3,"90":5,"91":4,"92":3,"100":1,"111":225,"112":14,"117":224,"126":0,"138":174,"165":174,"166":174,"175":158,"193":173,"194":173,"195":173,"196":160},"path":"/home/user/Documents/stable/hungama-heftyverse/contracts/Template721.sol","s":{"1":1386,"2":1386,"3":1386,"4":1386,"5":1386,"6":1386,"7":1386,"8":175,"9":174,"10":174,"11":173,"12":173,"13":5,"14":4,"15":3,"16":5,"17":4,"18":3,"19":1,"20":225,"21":14,"22":224,"23":0,"24":174,"25":174,"26":174,"27":158,"28":173,"29":173,"30":173,"31":160},"b":{"1":[174,1],"2":[173,1],"3":[4,1],"4":[3,1],"5":[4,1],"6":[3,1],"7":[14,211],"8":[13,1],"9":[160,13]},"f":{"1":1386,"2":175,"3":5,"4":5,"5":1,"6":225,"7":0,"8":174,"9":174,"10":158,"11":173},"fnMap":{"1":{"name":"initialize","line":43,"loc":{"start":{"line":37,"column":4},"end":{"line":52,"column":4}}},"2":{"name":"redeem","line":59,"loc":{"start":{"line":59,"column":4},"end":{"line":73,"column":4}}},"3":{"name":"setAdmin","line":79,"loc":{"start":{"line":79,"column":4},"end":{"line":83,"column":4}}},"4":{"name":"setCreator","line":89,"loc":{"start":{"line":89,"column":4},"end":{"line":93,"column":4}}},"5":{"name":"exists","line":99,"loc":{"start":{"line":99,"column":4},"end":{"line":101,"column":4}}},"6":{"name":"transferFrom","line":106,"loc":{"start":{"line":106,"column":4},"end":{"line":118,"column":4}}},"7":{"name":"supportsInterface","line":120,"loc":{"start":{"line":120,"column":4},"end":{"line":127,"column":4}}},"8":{"name":"_hash","line":133,"loc":{"start":{"line":133,"column":4},"end":{"line":153,"column":4}}},"9":{"name":"_verify","line":160,"loc":{"start":{"line":160,"column":4},"end":{"line":167,"column":4}}},"10":{"name":"_msgSender","line":169,"loc":{"start":{"line":169,"column":4},"end":{"line":176,"column":4}}},"11":{"name":"MintNFT","line":186,"loc":{"start":{"line":186,"column":4},"end":{"line":198,"column":4}}}},"statementMap":{"1":{"start":{"line":44,"column":8},"end":{"line":44,"column":36}},"2":{"start":{"line":45,"column":8},"end":{"line":45,"column":32}},"3":{"start":{"line":46,"column":8},"end":{"line":46,"column":23}},"4":{"start":{"line":47,"column":8},"end":{"line":47,"column":51}},"5":{"start":{"line":49,"column":8},"end":{"line":49,"column":21}},"6":{"start":{"line":50,"column":8},"end":{"line":50,"column":25}},"7":{"start":{"line":51,"column":8},"end":{"line":51,"column":25}},"8":{"start":{"line":62,"column":8},"end":{"line":62,"column":58}},"9":{"start":{"line":63,"column":8},"end":{"line":63,"column":42}},"10":{"start":{"line":64,"column":8},"end":{"line":64,"column":58}},"11":{"start":{"line":65,"column":8},"end":{"line":65,"column":2403}},"12":{"start":{"line":72,"column":8},"end":{"line":72,"column":55}},"13":{"start":{"line":80,"column":8},"end":{"line":80,"column":41}},"14":{"start":{"line":81,"column":8},"end":{"line":81,"column":42}},"15":{"start":{"line":82,"column":8},"end":{"line":82,"column":21}},"16":{"start":{"line":90,"column":8},"end":{"line":90,"column":41}},"17":{"start":{"line":91,"column":8},"end":{"line":91,"column":44}},"18":{"start":{"line":92,"column":8},"end":{"line":92,"column":25}},"19":{"start":{"line":100,"column":8},"end":{"line":100,"column":31}},"20":{"start":{"line":111,"column":8},"end":{"line":111,"column":3813}},"21":{"start":{"line":112,"column":12},"end":{"line":112,"column":3875}},"22":{"start":{"line":117,"column":8},"end":{"line":117,"column":35}},"23":{"start":{"line":126,"column":8},"end":{"line":126,"column":51}},"24":{"start":{"line":138,"column":8},"end":{"line":138,"column":4586}},"25":{"start":{"line":165,"column":8},"end":{"line":165,"column":39}},"26":{"start":{"line":166,"column":8},"end":{"line":166,"column":66}},"27":{"start":{"line":175,"column":8},"end":{"line":175,"column":33}},"28":{"start":{"line":193,"column":8},"end":{"line":193,"column":33}},"29":{"start":{"line":194,"column":8},"end":{"line":194,"column":38}},"30":{"start":{"line":195,"column":8},"end":{"line":195,"column":6448}},"31":{"start":{"line":196,"column":12},"end":{"line":196,"column":64}}},"branchMap":{"1":{"line":62,"type":"if","locations":[{"start":{"line":62,"column":8},"end":{"line":62,"column":8}},{"start":{"line":62,"column":8},"end":{"line":62,"column":8}}]},"2":{"line":64,"type":"if","locations":[{"start":{"line":64,"column":8},"end":{"line":64,"column":8}},{"start":{"line":64,"column":8},"end":{"line":64,"column":8}}]},"3":{"line":80,"type":"if","locations":[{"start":{"line":80,"column":8},"end":{"line":80,"column":8}},{"start":{"line":80,"column":8},"end":{"line":80,"column":8}}]},"4":{"line":81,"type":"if","locations":[{"start":{"line":81,"column":8},"end":{"line":81,"column":8}},{"start":{"line":81,"column":8},"end":{"line":81,"column":8}}]},"5":{"line":90,"type":"if","locations":[{"start":{"line":90,"column":8},"end":{"line":90,"column":8}},{"start":{"line":90,"column":8},"end":{"line":90,"column":8}}]},"6":{"line":91,"type":"if","locations":[{"start":{"line":91,"column":8},"end":{"line":91,"column":8}},{"start":{"line":91,"column":8},"end":{"line":91,"column":8}}]},"7":{"line":111,"type":"if","locations":[{"start":{"line":111,"column":8},"end":{"line":111,"column":8}},{"start":{"line":111,"column":8},"end":{"line":111,"column":8}}]},"8":{"line":112,"type":"if","locations":[{"start":{"line":112,"column":12},"end":{"line":112,"column":12}},{"start":{"line":112,"column":12},"end":{"line":112,"column":12}}]},"9":{"line":195,"type":"if","locations":[{"start":{"line":195,"column":8},"end":{"line":195,"column":8}},{"start":{"line":195,"column":8},"end":{"line":195,"column":8}}]}}}}