{
"contracts/Airdrop.sol":{"l":{"43":0,"44":0,"45":0,"46":0,"48":0,"49":0,"50":0,"71":0,"72":0,"73":0,"74":0,"75":0,"85":0,"86":0,"87":0,"88":0,"90":0,"92":0,"93":0,"95":0,"103":0,"104":0,"105":0,"113":0,"114":0,"115":0,"124":0,"137":0,"138":0,"142":0,"155":0,"156":0,"160":0,"169":0,"174":0,"175":0,"176":0,"186":0},"path":"/home/user/Projects/hungama-heftyverse/contracts/Airdrop.sol","s":{"1":0,"2":0,"3":0,"4":0,"5":0,"6":0,"7":0,"8":0,"9":0,"10":0,"11":0,"12":0,"13":0,"14":0,"15":0,"16":0,"17":0,"18":0,"19":0,"20":0,"21":0,"22":0,"23":0,"24":0,"25":0,"26":0,"27":0,"28":0,"29":0,"30":0,"31":0,"32":0,"33":0,"34":0,"35":0,"36":0,"37":0,"38":0},"b":{"1":[0,0],"2":[0,0],"3":[0,0],"4":[0,0],"5":[0,0],"6":[0,0],"7":[0,0],"8":[0,0],"9":[0,0],"10":[0,0],"11":[0,0],"12":[0,0],"13":[0,0],"14":[0,0]},"f":{"1":0,"2":0,"3":0,"4":0,"5":0,"6":0,"7":0,"8":0,"9":0,"10":0},"fnMap":{"1":{"name":"initialize","line":42,"loc":{"start":{"line":37,"column":4},"end":{"line":51,"column":4}}},"2":{"name":"MintNFT","line":62,"loc":{"start":{"line":62,"column":4},"end":{"line":77,"column":4}}},"3":{"name":"withdrawStuckToken","line":84,"loc":{"start":{"line":84,"column":4},"end":{"line":96,"column":4}}},"4":{"name":"setAdmin","line":102,"loc":{"start":{"line":102,"column":4},"end":{"line":106,"column":4}}},"5":{"name":"setCreator","line":112,"loc":{"start":{"line":112,"column":4},"end":{"line":116,"column":4}}},"6":{"name":"supportsInterface","line":118,"loc":{"start":{"line":118,"column":4},"end":{"line":125,"column":4}}},"7":{"name":"safeTransferFrom","line":130,"loc":{"start":{"line":130,"column":4},"end":{"line":143,"column":4}}},"8":{"name":"safeBatchTransferFrom","line":148,"loc":{"start":{"line":148,"column":4},"end":{"line":161,"column":4}}},"9":{"name":"bulkTransfer","line":163,"loc":{"start":{"line":163,"column":4},"end":{"line":178,"column":4}}},"10":{"name":"_msgSender","line":180,"loc":{"start":{"line":180,"column":4},"end":{"line":187,"column":4}}}},"statementMap":{"1":{"start":{"line":43,"column":8},"end":{"line":43,"column":26}},"2":{"start":{"line":44,"column":8},"end":{"line":44,"column":33}},"3":{"start":{"line":45,"column":8},"end":{"line":45,"column":23}},"4":{"start":{"line":46,"column":8},"end":{"line":46,"column":51}},"5":{"start":{"line":48,"column":8},"end":{"line":48,"column":21}},"6":{"start":{"line":49,"column":8},"end":{"line":49,"column":25}},"7":{"start":{"line":50,"column":8},"end":{"line":50,"column":25}},"8":{"start":{"line":71,"column":8},"end":{"line":71,"column":43}},"9":{"start":{"line":72,"column":8},"end":{"line":72,"column":41}},"10":{"start":{"line":73,"column":8},"end":{"line":73,"column":33}},"11":{"start":{"line":74,"column":8},"end":{"line":74,"column":2644}},"12":{"start":{"line":75,"column":12},"end":{"line":75,"column":64}},"13":{"start":{"line":85,"column":8},"end":{"line":85,"column":23}},"14":{"start":{"line":86,"column":8},"end":{"line":86,"column":3066}},"15":{"start":{"line":87,"column":12},"end":{"line":87,"column":42}},"16":{"start":{"line":88,"column":12},"end":{"line":88,"column":61}},"17":{"start":{"line":90,"column":12},"end":{"line":90,"column":32}},"18":{"start":{"line":92,"column":12},"end":{"line":92,"column":71}},"19":{"start":{"line":93,"column":12},"end":{"line":93,"column":61}},"20":{"start":{"line":95,"column":8},"end":{"line":95,"column":36}},"21":{"start":{"line":103,"column":8},"end":{"line":103,"column":43}},"22":{"start":{"line":104,"column":8},"end":{"line":104,"column":36}},"23":{"start":{"line":105,"column":8},"end":{"line":105,"column":21}},"24":{"start":{"line":113,"column":8},"end":{"line":113,"column":43}},"25":{"start":{"line":114,"column":8},"end":{"line":114,"column":38}},"26":{"start":{"line":115,"column":8},"end":{"line":115,"column":25}},"27":{"start":{"line":124,"column":8},"end":{"line":124,"column":51}},"28":{"start":{"line":137,"column":8},"end":{"line":137,"column":4597}},"29":{"start":{"line":138,"column":12},"end":{"line":138,"column":4659}},"30":{"start":{"line":142,"column":8},"end":{"line":142,"column":52}},"31":{"start":{"line":155,"column":8},"end":{"line":155,"column":5209}},"32":{"start":{"line":156,"column":12},"end":{"line":156,"column":5271}},"33":{"start":{"line":160,"column":8},"end":{"line":160,"column":59}},"34":{"start":{"line":169,"column":8},"end":{"line":169,"column":5642}},"35":{"start":{"line":174,"column":8},"end":{"line":174,"column":76}},"36":{"start":{"line":175,"column":8},"end":{"line":175,"column":5885}},"37":{"start":{"line":176,"column":12},"end":{"line":176,"column":65}},"38":{"start":{"line":186,"column":8},"end":{"line":186,"column":33}}},"branchMap":{"1":{"line":71,"type":"if","locations":[{"start":{"line":71,"column":8},"end":{"line":71,"column":8}},{"start":{"line":71,"column":8},"end":{"line":71,"column":8}}]},"2":{"line":74,"type":"if","locations":[{"start":{"line":74,"column":8},"end":{"line":74,"column":8}},{"start":{"line":74,"column":8},"end":{"line":74,"column":8}}]},"3":{"line":86,"type":"if","locations":[{"start":{"line":86,"column":8},"end":{"line":86,"column":8}},{"start":{"line":86,"column":8},"end":{"line":86,"column":8}}]},"4":{"line":90,"type":"if","locations":[{"start":{"line":90,"column":12},"end":{"line":90,"column":12}},{"start":{"line":90,"column":12},"end":{"line":90,"column":12}}]},"5":{"line":103,"type":"if","locations":[{"start":{"line":103,"column":8},"end":{"line":103,"column":8}},{"start":{"line":103,"column":8},"end":{"line":103,"column":8}}]},"6":{"line":104,"type":"if","locations":[{"start":{"line":104,"column":8},"end":{"line":104,"column":8}},{"start":{"line":104,"column":8},"end":{"line":104,"column":8}}]},"7":{"line":113,"type":"if","locations":[{"start":{"line":113,"column":8},"end":{"line":113,"column":8}},{"start":{"line":113,"column":8},"end":{"line":113,"column":8}}]},"8":{"line":114,"type":"if","locations":[{"start":{"line":114,"column":8},"end":{"line":114,"column":8}},{"start":{"line":114,"column":8},"end":{"line":114,"column":8}}]},"9":{"line":137,"type":"if","locations":[{"start":{"line":137,"column":8},"end":{"line":137,"column":8}},{"start":{"line":137,"column":8},"end":{"line":137,"column":8}}]},"10":{"line":138,"type":"if","locations":[{"start":{"line":138,"column":12},"end":{"line":138,"column":12}},{"start":{"line":138,"column":12},"end":{"line":138,"column":12}}]},"11":{"line":155,"type":"if","locations":[{"start":{"line":155,"column":8},"end":{"line":155,"column":8}},{"start":{"line":155,"column":8},"end":{"line":155,"column":8}}]},"12":{"line":156,"type":"if","locations":[{"start":{"line":156,"column":12},"end":{"line":156,"column":12}},{"start":{"line":156,"column":12},"end":{"line":156,"column":12}}]},"13":{"line":169,"type":"if","locations":[{"start":{"line":169,"column":8},"end":{"line":169,"column":8}},{"start":{"line":169,"column":8},"end":{"line":169,"column":8}}]},"14":{"line":174,"type":"if","locations":[{"start":{"line":174,"column":8},"end":{"line":174,"column":8}},{"start":{"line":174,"column":8},"end":{"line":174,"column":8}}]}}},
"contracts/Factory.sol":{"l":{"54":1235,"55":1235,"56":1235,"57":1235,"58":1235,"76":337,"77":336,"78":336,"79":336,"83":336,"84":336,"85":336,"94":288,"108":450,"109":448,"110":448,"111":448,"115":448,"116":448,"118":448,"125":352,"137":1,"138":1,"151":5,"152":4,"153":3,"161":5,"162":4,"163":3,"171":5,"172":4,"173":3,"181":5,"182":4,"183":3,"192":5,"193":4,"194":3,"203":3,"204":3,"205":0,"206":0,"208":0,"210":3,"211":3,"213":3},"path":"/home/user/Projects/hungama-heftyverse/contracts/Factory.sol","s":{"1":1235,"2":1235,"3":1235,"4":1235,"5":1235,"6":337,"7":336,"8":336,"9":336,"10":336,"11":336,"12":336,"13":288,"14":450,"15":448,"16":448,"17":448,"18":448,"19":448,"20":448,"21":352,"22":1,"23":1,"24":5,"25":4,"26":3,"27":5,"28":4,"29":3,"30":5,"31":4,"32":3,"33":5,"34":4,"35":3,"36":5,"37":4,"38":3,"39":3,"40":3,"41":0,"42":0,"43":0,"44":3,"45":3,"46":3},"b":{"1":[336,1],"2":[448,2],"3":[4,1],"4":[3,1],"5":[4,1],"6":[3,1],"7":[4,1],"8":[3,1],"9":[4,1],"10":[3,1],"11":[4,1],"12":[3,1],"13":[0,3],"14":[0,0]},"f":{"1":1235,"2":337,"3":450,"4":1,"5":5,"6":5,"7":5,"8":5,"9":5,"10":3},"fnMap":{"1":{"name":"initialize","line":53,"loc":{"start":{"line":49,"column":4},"end":{"line":59,"column":4}}},"2":{"name":"create721Token","line":69,"loc":{"start":{"line":69,"column":4},"end":{"line":95,"column":4}}},"3":{"name":"create1155Token","line":103,"loc":{"start":{"line":103,"column":4},"end":{"line":126,"column":4}}},"4":{"name":"predictNFTContractAddress","line":131,"loc":{"start":{"line":131,"column":4},"end":{"line":144,"column":4}}},"5":{"name":"updateTemplate721","line":150,"loc":{"start":{"line":150,"column":4},"end":{"line":154,"column":4}}},"6":{"name":"updateTemplate1155","line":160,"loc":{"start":{"line":160,"column":4},"end":{"line":164,"column":4}}},"7":{"name":"updateMarketplace","line":170,"loc":{"start":{"line":170,"column":4},"end":{"line":174,"column":4}}},"8":{"name":"updateAdmin","line":180,"loc":{"start":{"line":180,"column":4},"end":{"line":184,"column":4}}},"9":{"name":"updateOperator","line":191,"loc":{"start":{"line":191,"column":4},"end":{"line":195,"column":4}}},"10":{"name":"withdrawStuckToken","line":202,"loc":{"start":{"line":202,"column":4},"end":{"line":214,"column":4}}}},"statementMap":{"1":{"start":{"line":54,"column":8},"end":{"line":54,"column":25}},"2":{"start":{"line":55,"column":8},"end":{"line":55,"column":47}},"3":{"start":{"line":56,"column":8},"end":{"line":56,"column":49}},"4":{"start":{"line":57,"column":8},"end":{"line":57,"column":33}},"5":{"start":{"line":58,"column":8},"end":{"line":58,"column":35}},"6":{"start":{"line":76,"column":8},"end":{"line":76,"column":53}},"7":{"start":{"line":77,"column":8},"end":{"line":77,"column":28}},"8":{"start":{"line":78,"column":8},"end":{"line":78,"column":74}},"9":{"start":{"line":79,"column":8},"end":{"line":79,"column":3030}},"10":{"start":{"line":83,"column":8},"end":{"line":83,"column":53}},"11":{"start":{"line":84,"column":8},"end":{"line":84,"column":26}},"12":{"start":{"line":85,"column":8},"end":{"line":85,"column":3232}},"13":{"start":{"line":94,"column":8},"end":{"line":94,"column":64}},"14":{"start":{"line":108,"column":8},"end":{"line":108,"column":53}},"15":{"start":{"line":109,"column":8},"end":{"line":109,"column":28}},"16":{"start":{"line":110,"column":8},"end":{"line":110,"column":73}},"17":{"start":{"line":111,"column":8},"end":{"line":111,"column":4191}},"18":{"start":{"line":115,"column":8},"end":{"line":115,"column":54}},"19":{"start":{"line":116,"column":8},"end":{"line":116,"column":26}},"20":{"start":{"line":118,"column":8},"end":{"line":118,"column":4397}},"21":{"start":{"line":125,"column":8},"end":{"line":125,"column":44}},"22":{"start":{"line":137,"column":8},"end":{"line":137,"column":72}},"23":{"start":{"line":138,"column":8},"end":{"line":138,"column":4971}},"24":{"start":{"line":151,"column":8},"end":{"line":151,"column":60}},"25":{"start":{"line":152,"column":8},"end":{"line":152,"column":69}},"26":{"start":{"line":153,"column":8},"end":{"line":153,"column":37}},"27":{"start":{"line":161,"column":8},"end":{"line":161,"column":60}},"28":{"start":{"line":162,"column":8},"end":{"line":162,"column":69}},"29":{"start":{"line":163,"column":8},"end":{"line":163,"column":38}},"30":{"start":{"line":171,"column":8},"end":{"line":171,"column":63}},"31":{"start":{"line":172,"column":8},"end":{"line":172,"column":69}},"32":{"start":{"line":173,"column":8},"end":{"line":173,"column":33}},"33":{"start":{"line":181,"column":8},"end":{"line":181,"column":60}},"34":{"start":{"line":182,"column":8},"end":{"line":182,"column":69}},"35":{"start":{"line":183,"column":8},"end":{"line":183,"column":24}},"36":{"start":{"line":192,"column":8},"end":{"line":192,"column":48}},"37":{"start":{"line":193,"column":8},"end":{"line":193,"column":59}},"38":{"start":{"line":194,"column":8},"end":{"line":194,"column":36}},"39":{"start":{"line":203,"column":8},"end":{"line":203,"column":23}},"40":{"start":{"line":204,"column":8},"end":{"line":204,"column":7363}},"41":{"start":{"line":205,"column":12},"end":{"line":205,"column":42}},"42":{"start":{"line":206,"column":12},"end":{"line":206,"column":61}},"43":{"start":{"line":208,"column":12},"end":{"line":208,"column":33}},"44":{"start":{"line":210,"column":12},"end":{"line":210,"column":71}},"45":{"start":{"line":211,"column":12},"end":{"line":211,"column":61}},"46":{"start":{"line":213,"column":8},"end":{"line":213,"column":36}}},"branchMap":{"1":{"line":76,"type":"if","locations":[{"start":{"line":76,"column":8},"end":{"line":76,"column":8}},{"start":{"line":76,"column":8},"end":{"line":76,"column":8}}]},"2":{"line":108,"type":"if","locations":[{"start":{"line":108,"column":8},"end":{"line":108,"column":8}},{"start":{"line":108,"column":8},"end":{"line":108,"column":8}}]},"3":{"line":151,"type":"if","locations":[{"start":{"line":151,"column":8},"end":{"line":151,"column":8}},{"start":{"line":151,"column":8},"end":{"line":151,"column":8}}]},"4":{"line":152,"type":"if","locations":[{"start":{"line":152,"column":8},"end":{"line":152,"column":8}},{"start":{"line":152,"column":8},"end":{"line":152,"column":8}}]},"5":{"line":161,"type":"if","locations":[{"start":{"line":161,"column":8},"end":{"line":161,"column":8}},{"start":{"line":161,"column":8},"end":{"line":161,"column":8}}]},"6":{"line":162,"type":"if","locations":[{"start":{"line":162,"column":8},"end":{"line":162,"column":8}},{"start":{"line":162,"column":8},"end":{"line":162,"column":8}}]},"7":{"line":171,"type":"if","locations":[{"start":{"line":171,"column":8},"end":{"line":171,"column":8}},{"start":{"line":171,"column":8},"end":{"line":171,"column":8}}]},"8":{"line":172,"type":"if","locations":[{"start":{"line":172,"column":8},"end":{"line":172,"column":8}},{"start":{"line":172,"column":8},"end":{"line":172,"column":8}}]},"9":{"line":181,"type":"if","locations":[{"start":{"line":181,"column":8},"end":{"line":181,"column":8}},{"start":{"line":181,"column":8},"end":{"line":181,"column":8}}]},"10":{"line":182,"type":"if","locations":[{"start":{"line":182,"column":8},"end":{"line":182,"column":8}},{"start":{"line":182,"column":8},"end":{"line":182,"column":8}}]},"11":{"line":192,"type":"if","locations":[{"start":{"line":192,"column":8},"end":{"line":192,"column":8}},{"start":{"line":192,"column":8},"end":{"line":192,"column":8}}]},"12":{"line":193,"type":"if","locations":[{"start":{"line":193,"column":8},"end":{"line":193,"column":8}},{"start":{"line":193,"column":8},"end":{"line":193,"column":8}}]},"13":{"line":204,"type":"if","locations":[{"start":{"line":204,"column":8},"end":{"line":204,"column":8}},{"start":{"line":204,"column":8},"end":{"line":204,"column":8}}]},"14":{"line":208,"type":"if","locations":[{"start":{"line":208,"column":12},"end":{"line":208,"column":12}},{"start":{"line":208,"column":12},"end":{"line":208,"column":12}}]}}},
"contracts/interfaces/IEvents.sol":{"l":{},"path":"/home/user/Projects/hungama-heftyverse/contracts/interfaces/IEvents.sol","s":{},"b":{},"f":{},"fnMap":{},"statementMap":{},"branchMap":{}},
"contracts/interfaces/IFactory.sol":{"l":{},"path":"/home/user/Projects/hungama-heftyverse/contracts/interfaces/IFactory.sol","s":{},"b":{},"f":{},"fnMap":{},"statementMap":{},"branchMap":{}},
"contracts/interfaces/INFTTemplate.sol":{"l":{},"path":"/home/user/Projects/hungama-heftyverse/contracts/interfaces/INFTTemplate.sol","s":{},"b":{},"f":{},"fnMap":{},"statementMap":{},"branchMap":{}},
"contracts/interfaces/IProxy.sol":{"l":{},"path":"/home/user/Projects/hungama-heftyverse/contracts/interfaces/IProxy.sol","s":{},"b":{},"f":{},"fnMap":{},"statementMap":{},"branchMap":{}},
"contracts/interfaces/ISFTTemplate.sol":{"l":{},"path":"/home/user/Projects/hungama-heftyverse/contracts/interfaces/ISFTTemplate.sol","s":{},"b":{},"f":{},"fnMap":{},"statementMap":{},"branchMap":{}},
"contracts/interfaces/IUSDT.sol":{"l":{},"path":"/home/user/Projects/hungama-heftyverse/contracts/interfaces/IUSDT.sol","s":{},"b":{},"f":{},"fnMap":{},"statementMap":{},"branchMap":{}},
"contracts/libraries/VoucherLib.sol":{"l":{},"path":"/home/user/Projects/hungama-heftyverse/contracts/libraries/VoucherLib.sol","s":{},"b":{},"f":{},"fnMap":{},"statementMap":{},"branchMap":{}},
"contracts/mock/USDT.sol":{"l":{"11":1235,"12":1235,"13":1235,"17":285,"18":285,"22":1235},"path":"/home/user/Projects/hungama-heftyverse/contracts/mock/USDT.sol","s":{"1":1235,"2":1235,"3":1235,"4":285,"5":285,"6":1235},"b":{"1":[285,0]},"f":{"1":1235,"2":285,"3":1235},"fnMap":{"1":{"name":"initialize","line":10,"loc":{"start":{"line":10,"column":4},"end":{"line":14,"column":4}}},"2":{"name":"mint","line":16,"loc":{"start":{"line":16,"column":4},"end":{"line":19,"column":4}}},"3":{"name":"decimals","line":21,"loc":{"start":{"line":21,"column":3},"end":{"line":23,"column":1}}}},"statementMap":{"1":{"start":{"line":11,"column":8},"end":{"line":11,"column":45}},"2":{"start":{"line":12,"column":8},"end":{"line":12,"column":39}},"3":{"start":{"line":13,"column":8},"end":{"line":13,"column":52}},"4":{"start":{"line":17,"column":8},"end":{"line":17,"column":50}},"5":{"start":{"line":18,"column":8},"end":{"line":18,"column":24}},"6":{"start":{"line":22,"column":2},"end":{"line":22,"column":10}}},"branchMap":{"1":{"line":17,"type":"if","locations":[{"start":{"line":17,"column":8},"end":{"line":17,"column":8}},{"start":{"line":17,"column":8},"end":{"line":17,"column":8}}]}}},
"contracts/OwnedUpgradeabilityProxy.sol":{"l":{"33":285,"41":0,"42":0,"51":0,"52":0,"62":0,"63":0,"72":285,"73":285,"83":0,"84":0,"85":0,"93":0,"104":0,"105":0,"106":0,"114":0,"118":0,"126":0,"127":0,"137":0,"138":0,"148":0,"149":0,"150":0,"151":0,"155":0,"156":0,"158":0,"159":0,"160":0,"177":0,"178":0},"path":"/home/user/Projects/hungama-heftyverse/contracts/OwnedUpgradeabilityProxy.sol","s":{"1":285,"2":0,"3":0,"4":0,"5":285,"6":0,"7":0,"8":0,"9":0,"10":0,"11":0,"12":0,"13":0,"14":0,"15":0,"16":0,"17":0,"18":0,"19":0,"20":0,"21":0,"22":0,"23":0,"24":0},"b":{"1":[0,0],"2":[0,0],"3":[0,0],"4":[0,0],"5":[0,0],"6":[0,0],"7":[0,0]},"f":{"1":285,"2":0,"3":0,"4":0,"5":285,"6":0,"7":0,"8":0,"9":0,"10":0,"11":0,"12":0,"13":0,"14":0},"fnMap":{"1":{"name":"constructor","line":32,"loc":{"start":{"line":32,"column":4},"end":{"line":34,"column":4}}},"2":{"name":"maintenance","line":40,"loc":{"start":{"line":40,"column":4},"end":{"line":45,"column":4}}},"3":{"name":"setMaintenance","line":50,"loc":{"start":{"line":50,"column":4},"end":{"line":55,"column":4}}},"4":{"name":"proxyOwner","line":61,"loc":{"start":{"line":61,"column":4},"end":{"line":66,"column":4}}},"5":{"name":"setUpgradeabilityOwner","line":71,"loc":{"start":{"line":71,"column":4},"end":{"line":76,"column":4}}},"6":{"name":"transferProxyOwnership","line":82,"loc":{"start":{"line":82,"column":4},"end":{"line":86,"column":4}}},"7":{"name":"upgradeTo","line":92,"loc":{"start":{"line":92,"column":4},"end":{"line":94,"column":4}}},"8":{"name":"upgradeToAndCall","line":103,"loc":{"start":{"line":103,"column":4},"end":{"line":107,"column":4}}},"9":{"name":null,"line":113,"loc":{"start":{"line":113,"column":4},"end":{"line":115,"column":4}}},"10":{"name":"implementation","line":125,"loc":{"start":{"line":125,"column":4},"end":{"line":130,"column":4}}},"11":{"name":"setImplementation","line":136,"loc":{"start":{"line":136,"column":4},"end":{"line":141,"column":4}}},"12":{"name":"_upgradeTo","line":147,"loc":{"start":{"line":147,"column":4},"end":{"line":152,"column":4}}},"13":{"name":"_fallback","line":154,"loc":{"start":{"line":154,"column":4},"end":{"line":171,"column":4}}},"14":{"name":"onlyProxyOwner","line":176,"loc":{"start":{"line":176,"column":4},"end":{"line":179,"column":4}}}},"statementMap":{"1":{"start":{"line":33,"column":8},"end":{"line":33,"column":41}},"2":{"start":{"line":41,"column":8},"end":{"line":41,"column":46}},"3":{"start":{"line":51,"column":8},"end":{"line":51,"column":46}},"4":{"start":{"line":62,"column":8},"end":{"line":62,"column":45}},"5":{"start":{"line":72,"column":8},"end":{"line":72,"column":45}},"6":{"start":{"line":83,"column":8},"end":{"line":83,"column":75}},"7":{"start":{"line":84,"column":8},"end":{"line":84,"column":62}},"8":{"start":{"line":85,"column":8},"end":{"line":85,"column":39}},"9":{"start":{"line":93,"column":8},"end":{"line":93,"column":36}},"10":{"start":{"line":104,"column":8},"end":{"line":104,"column":35}},"11":{"start":{"line":105,"column":8},"end":{"line":105,"column":71}},"12":{"start":{"line":106,"column":8},"end":{"line":106,"column":60}},"13":{"start":{"line":114,"column":8},"end":{"line":114,"column":18}},"14":{"start":{"line":126,"column":8},"end":{"line":126,"column":49}},"15":{"start":{"line":137,"column":8},"end":{"line":137,"column":49}},"16":{"start":{"line":148,"column":8},"end":{"line":148,"column":56}},"17":{"start":{"line":149,"column":8},"end":{"line":149,"column":95}},"18":{"start":{"line":150,"column":8},"end":{"line":150,"column":43}},"19":{"start":{"line":151,"column":8},"end":{"line":151,"column":40}},"20":{"start":{"line":155,"column":8},"end":{"line":155,"column":5589}},"21":{"start":{"line":156,"column":12},"end":{"line":156,"column":85}},"22":{"start":{"line":158,"column":8},"end":{"line":158,"column":40}},"23":{"start":{"line":159,"column":8},"end":{"line":159,"column":72}},"24":{"start":{"line":177,"column":8},"end":{"line":177,"column":81}}},"branchMap":{"1":{"line":83,"type":"if","locations":[{"start":{"line":83,"column":8},"end":{"line":83,"column":8}},{"start":{"line":83,"column":8},"end":{"line":83,"column":8}}]},"2":{"line":106,"type":"if","locations":[{"start":{"line":106,"column":8},"end":{"line":106,"column":8}},{"start":{"line":106,"column":8},"end":{"line":106,"column":8}}]},"3":{"line":149,"type":"if","locations":[{"start":{"line":149,"column":8},"end":{"line":149,"column":8}},{"start":{"line":149,"column":8},"end":{"line":149,"column":8}}]},"4":{"line":155,"type":"if","locations":[{"start":{"line":155,"column":8},"end":{"line":155,"column":8}},{"start":{"line":155,"column":8},"end":{"line":155,"column":8}}]},"5":{"line":156,"type":"if","locations":[{"start":{"line":156,"column":12},"end":{"line":156,"column":12}},{"start":{"line":156,"column":12},"end":{"line":156,"column":12}}]},"6":{"line":159,"type":"if","locations":[{"start":{"line":159,"column":8},"end":{"line":159,"column":8}},{"start":{"line":159,"column":8},"end":{"line":159,"column":8}}]},"7":{"line":177,"type":"if","locations":[{"start":{"line":177,"column":8},"end":{"line":177,"column":8}},{"start":{"line":177,"column":8},"end":{"line":177,"column":8}}]}}},
"contracts/Relayer/BasicMetaTransaction.sol":{"l":{"14":251,"15":251,"18":251,"35":0,"36":0,"39":0,"41":0,"42":0,"43":0,"47":0,"52":0,"58":0,"59":0,"60":0,"61":0,"65":1335,"66":0,"67":0,"68":0,"73":1335},"path":"/home/user/Projects/hungama-heftyverse/contracts/Relayer/BasicMetaTransaction.sol","s":{"1":251,"2":251,"3":0,"4":0,"5":0,"6":0,"7":0,"8":0,"9":0,"10":0,"11":0,"12":0,"13":0,"14":0,"15":1335,"16":0,"17":0,"18":1335},"b":{"1":[0,0],"2":[0,0],"3":[0,0],"4":[0,1335]},"f":{"1":251,"2":0,"3":0,"4":0,"5":0,"6":1335},"fnMap":{"1":{"name":"getChainID","line":13,"loc":{"start":{"line":13,"column":4},"end":{"line":19,"column":4}}},"2":{"name":"executeMetaTransaction","line":32,"loc":{"start":{"line":32,"column":4},"end":{"line":44,"column":4}}},"3":{"name":"getNonce","line":46,"loc":{"start":{"line":46,"column":4},"end":{"line":48,"column":4}}},"4":{"name":"prefixed","line":51,"loc":{"start":{"line":51,"column":4},"end":{"line":53,"column":4}}},"5":{"name":"verify","line":55,"loc":{"start":{"line":55,"column":4},"end":{"line":62,"column":4}}},"6":{"name":"_msgSender","line":64,"loc":{"start":{"line":64,"column":4},"end":{"line":75,"column":4}}}},"statementMap":{"1":{"start":{"line":14,"column":8},"end":{"line":14,"column":18}},"2":{"start":{"line":18,"column":8},"end":{"line":18,"column":17}},"3":{"start":{"line":35,"column":8},"end":{"line":35,"column":144}},"4":{"start":{"line":36,"column":8},"end":{"line":36,"column":55}},"5":{"start":{"line":39,"column":8},"end":{"line":39,"column":118}},"6":{"start":{"line":41,"column":8},"end":{"line":41,"column":55}},"7":{"start":{"line":42,"column":8},"end":{"line":42,"column":89}},"8":{"start":{"line":43,"column":8},"end":{"line":43,"column":25}},"9":{"start":{"line":47,"column":8},"end":{"line":47,"column":27}},"10":{"start":{"line":52,"column":8},"end":{"line":52,"column":84}},"11":{"start":{"line":58,"column":8},"end":{"line":58,"column":101}},"12":{"start":{"line":59,"column":8},"end":{"line":59,"column":58}},"13":{"start":{"line":60,"column":8},"end":{"line":60,"column":57}},"14":{"start":{"line":61,"column":2},"end":{"line":61,"column":26}},"15":{"start":{"line":65,"column":8},"end":{"line":65,"column":2760}},"16":{"start":{"line":66,"column":12},"end":{"line":66,"column":41}},"17":{"start":{"line":67,"column":12},"end":{"line":67,"column":43}},"18":{"start":{"line":73,"column":12},"end":{"line":73,"column":29}}},"branchMap":{"1":{"line":35,"type":"if","locations":[{"start":{"line":35,"column":8},"end":{"line":35,"column":8}},{"start":{"line":35,"column":8},"end":{"line":35,"column":8}}]},"2":{"line":41,"type":"if","locations":[{"start":{"line":41,"column":8},"end":{"line":41,"column":8}},{"start":{"line":41,"column":8},"end":{"line":41,"column":8}}]},"3":{"line":60,"type":"if","locations":[{"start":{"line":60,"column":8},"end":{"line":60,"column":8}},{"start":{"line":60,"column":8},"end":{"line":60,"column":8}}]},"4":{"line":65,"type":"if","locations":[{"start":{"line":65,"column":8},"end":{"line":65,"column":8}},{"start":{"line":65,"column":8},"end":{"line":65,"column":8}}]}}},
"contracts/SingleMarket.sol":{"l":{"86":1235,"88":1235,"89":1235,"90":1235,"91":1235,"92":1235,"112":621,"113":617,"115":581,"116":580,"118":580,"119":152,"127":110,"135":194,"143":124,"157":4,"158":3,"159":3,"168":1243,"170":1242,"171":1241,"181":16,"183":14,"184":12,"185":6,"187":6,"197":8,"199":7,"200":6,"209":13,"210":13,"211":0,"212":0,"214":0,"216":13,"217":13,"219":11,"227":8,"229":7,"230":6,"242":617,"270":617,"271":617,"283":609,"311":609,"312":609,"331":617,"333":609,"334":593,"336":238,"342":237,"344":236,"347":355,"353":350,"355":347,"365":0,"385":152,"389":112,"392":112,"393":42,"399":42,"405":70,"411":70,"413":70,"421":72,"424":40,"428":40,"432":39,"435":39,"436":13,"444":26,"453":34,"481":194,"486":153,"488":153,"489":56,"494":56,"499":97,"504":97,"506":97,"513":113,"515":41,"518":40,"521":39,"524":39,"530":39,"531":13,"537":26,"545":35,"571":110,"573":84,"575":84,"576":42,"581":42,"582":42,"589":54,"591":26,"594":26,"597":26,"599":26,"605":26,"606":13,"612":13,"620":22,"646":124,"648":98,"650":98,"656":98,"657":42,"662":56,"663":56,"670":74,"672":26,"675":26,"678":26,"680":26,"686":26,"687":13,"693":13,"701":23,"720":398,"721":397,"722":397,"723":370,"725":27,"727":397,"728":397,"744":132,"745":132,"746":132,"748":53,"754":52,"758":79,"767":78,"772":130,"775":130,"787":577,"788":577,"791":577},"path":"/home/user/Projects/hungama-heftyverse/contracts/SingleMarket.sol","s":{"1":1235,"2":1235,"3":1235,"4":1235,"5":1235,"6":1235,"7":621,"8":617,"9":581,"10":580,"11":580,"12":152,"13":428,"14":110,"15":318,"16":194,"17":124,"18":4,"19":3,"20":3,"21":1243,"22":1242,"23":1241,"24":16,"25":14,"26":12,"27":6,"28":6,"29":8,"30":7,"31":6,"32":13,"33":13,"34":0,"35":0,"36":0,"37":13,"38":13,"39":11,"40":8,"41":7,"42":6,"43":617,"44":617,"45":617,"46":609,"47":609,"48":609,"49":617,"50":609,"51":593,"52":238,"53":237,"54":236,"55":355,"56":350,"57":347,"58":0,"59":152,"60":112,"61":112,"62":42,"63":42,"64":70,"65":70,"66":70,"67":72,"68":40,"69":40,"70":39,"71":39,"72":13,"73":26,"74":34,"75":194,"76":153,"77":153,"78":56,"79":56,"80":97,"81":97,"82":97,"83":113,"84":41,"85":40,"86":39,"87":39,"88":39,"89":13,"90":26,"91":35,"92":110,"93":84,"94":84,"95":42,"96":42,"97":42,"98":54,"99":26,"100":26,"101":26,"102":26,"103":26,"104":13,"105":13,"106":22,"107":124,"108":98,"109":98,"110":98,"111":42,"112":56,"113":56,"114":74,"115":26,"116":26,"117":26,"118":26,"119":26,"120":13,"121":13,"122":23,"123":398,"124":397,"125":397,"126":370,"127":27,"128":397,"129":397,"130":370,"131":132,"132":132,"133":132,"134":53,"135":52,"136":79,"137":78,"138":130,"139":65,"140":65,"141":130,"142":577,"143":577,"144":261,"145":316,"146":577},"b":{"1":[617,4],"2":[580,1],"3":[152,428],"4":[110,318],"5":[194,124],"6":[3,1],"7":[1242,1],"8":[1241,1],"9":[14,2],"10":[12,2],"11":[6,6],"12":[7,1],"13":[6,1],"14":[0,13],"15":[0,0],"16":[7,1],"17":[6,1],"18":[609,8],"19":[593,16],"20":[238,355],"21":[237,1],"22":[236,1],"23":[235,1],"24":[350,5],"25":[347,3],"26":[346,1],"27":[112,40],"28":[42,70],"29":[13,26],"30":[153,41],"31":[56,97],"32":[13,26],"33":[84,26],"34":[42,42],"35":[13,13],"36":[98,26],"37":[42,56],"38":[13,13],"39":[397,1],"40":[370,27],"41":[370,27],"42":[53,79],"43":[52,1],"44":[78,1],"45":[65,65],"46":[261,316]},"f":{"1":1235,"2":621,"3":4,"4":1243,"5":16,"6":8,"7":13,"8":8,"9":617,"10":617,"11":609,"12":609,"13":617,"14":0,"15":152,"16":194,"17":110,"18":124,"19":398,"20":132,"21":577},"fnMap":{"1":{"name":"initialize","line":85,"loc":{"start":{"line":80,"column":4},"end":{"line":93,"column":4}}},"2":{"name":"Buy","line":104,"loc":{"start":{"line":104,"column":4},"end":{"line":150,"column":4}}},"3":{"name":"resetCounter","line":156,"loc":{"start":{"line":156,"column":4},"end":{"line":160,"column":4}}},"4":{"name":"setToken","line":166,"loc":{"start":{"line":166,"column":4},"end":{"line":172,"column":4}}},"5":{"name":"setWallet","line":179,"loc":{"start":{"line":179,"column":4},"end":{"line":189,"column":4}}},"6":{"name":"setMarketFee","line":195,"loc":{"start":{"line":195,"column":4},"end":{"line":201,"column":4}}},"7":{"name":"withdrawStuckToken","line":208,"loc":{"start":{"line":208,"column":4},"end":{"line":220,"column":4}}},"8":{"name":"transferAdminRole","line":226,"loc":{"start":{"line":226,"column":4},"end":{"line":231,"column":4}}},"9":{"name":"_hashSeller","line":237,"loc":{"start":{"line":237,"column":4},"end":{"line":258,"column":4}}},"10":{"name":"_verifySeller","line":265,"loc":{"start":{"line":265,"column":4},"end":{"line":272,"column":4}}},"11":{"name":"_hashBuyer","line":278,"loc":{"start":{"line":278,"column":4},"end":{"line":299,"column":4}}},"12":{"name":"_verifyBuyer","line":306,"loc":{"start":{"line":306,"column":4},"end":{"line":313,"column":4}}},"13":{"name":"verifyVoucherCreators","line":323,"loc":{"start":{"line":323,"column":4},"end":{"line":357,"column":4}}},"14":{"name":"_msgSender","line":359,"loc":{"start":{"line":359,"column":4},"end":{"line":366,"column":4}}},"15":{"name":"BuyCustodial2Custodial","line":378,"loc":{"start":{"line":378,"column":4},"end":{"line":462,"column":4}}},"16":{"name":"BuyCustodial2NonCustodial","line":474,"loc":{"start":{"line":474,"column":4},"end":{"line":552,"column":4}}},"17":{"name":"BuyNonCustodial2Custodial","line":564,"loc":{"start":{"line":564,"column":4},"end":{"line":627,"column":4}}},"18":{"name":"BuyNonCustodial2NonCustodial","line":639,"loc":{"start":{"line":639,"column":4},"end":{"line":708,"column":4}}},"19":{"name":"setCounter","line":715,"loc":{"start":{"line":715,"column":4},"end":{"line":729,"column":4}}},"20":{"name":"sendRoyalty","line":738,"loc":{"start":{"line":738,"column":4},"end":{"line":776,"column":4}}},"21":{"name":"takeMarketplaceFee","line":783,"loc":{"start":{"line":783,"column":4},"end":{"line":792,"column":4}}}},"statementMap":{"1":{"start":{"line":86,"column":8},"end":{"line":86,"column":50}},"2":{"start":{"line":88,"column":8},"end":{"line":88,"column":21}},"3":{"start":{"line":89,"column":8},"end":{"line":89,"column":35}},"4":{"start":{"line":90,"column":8},"end":{"line":90,"column":27}},"5":{"start":{"line":91,"column":8},"end":{"line":91,"column":40}},"6":{"start":{"line":92,"column":8},"end":{"line":92,"column":22}},"7":{"start":{"line":112,"column":8},"end":{"line":112,"column":56}},"8":{"start":{"line":113,"column":8},"end":{"line":113,"column":76}},"9":{"start":{"line":115,"column":8},"end":{"line":115,"column":54}},"10":{"start":{"line":116,"column":8},"end":{"line":116,"column":46}},"11":{"start":{"line":118,"column":8},"end":{"line":118,"column":4633}},"12":{"start":{"line":119,"column":12},"end":{"line":119,"column":4689}},"13":{"start":{"line":126,"column":13},"end":{"line":126,"column":4869}},"14":{"start":{"line":127,"column":12},"end":{"line":127,"column":4926}},"15":{"start":{"line":134,"column":13},"end":{"line":134,"column":5109}},"16":{"start":{"line":135,"column":12},"end":{"line":135,"column":5166}},"17":{"start":{"line":143,"column":12},"end":{"line":143,"column":5360}},"18":{"start":{"line":157,"column":8},"end":{"line":157,"column":48}},"19":{"start":{"line":158,"column":8},"end":{"line":158,"column":37}},"20":{"start":{"line":159,"column":8},"end":{"line":159,"column":42}},"21":{"start":{"line":168,"column":8},"end":{"line":168,"column":41}},"22":{"start":{"line":170,"column":8},"end":{"line":170,"column":42}},"23":{"start":{"line":171,"column":8},"end":{"line":171,"column":40}},"24":{"start":{"line":181,"column":8},"end":{"line":181,"column":41}},"25":{"start":{"line":183,"column":8},"end":{"line":183,"column":43}},"26":{"start":{"line":184,"column":8},"end":{"line":184,"column":6714}},"27":{"start":{"line":185,"column":12},"end":{"line":185,"column":33}},"28":{"start":{"line":187,"column":12},"end":{"line":187,"column":29}},"29":{"start":{"line":197,"column":8},"end":{"line":197,"column":41}},"30":{"start":{"line":199,"column":8},"end":{"line":199,"column":35}},"31":{"start":{"line":200,"column":8},"end":{"line":200,"column":23}},"32":{"start":{"line":209,"column":8},"end":{"line":209,"column":23}},"33":{"start":{"line":210,"column":8},"end":{"line":210,"column":7473}},"34":{"start":{"line":211,"column":12},"end":{"line":211,"column":42}},"35":{"start":{"line":212,"column":12},"end":{"line":212,"column":61}},"36":{"start":{"line":214,"column":12},"end":{"line":214,"column":32}},"37":{"start":{"line":216,"column":12},"end":{"line":216,"column":71}},"38":{"start":{"line":217,"column":12},"end":{"line":217,"column":61}},"39":{"start":{"line":219,"column":8},"end":{"line":219,"column":36}},"40":{"start":{"line":227,"column":8},"end":{"line":227,"column":41}},"41":{"start":{"line":229,"column":8},"end":{"line":229,"column":42}},"42":{"start":{"line":230,"column":8},"end":{"line":230,"column":21}},"43":{"start":{"line":242,"column":8},"end":{"line":242,"column":8521}},"44":{"start":{"line":270,"column":8},"end":{"line":270,"column":44}},"45":{"start":{"line":271,"column":8},"end":{"line":271,"column":65}},"46":{"start":{"line":283,"column":8},"end":{"line":283,"column":9895}},"47":{"start":{"line":311,"column":8},"end":{"line":311,"column":42}},"48":{"start":{"line":312,"column":8},"end":{"line":312,"column":64}},"49":{"start":{"line":331,"column":8},"end":{"line":331,"column":60}},"50":{"start":{"line":333,"column":8},"end":{"line":333,"column":56}},"51":{"start":{"line":334,"column":8},"end":{"line":334,"column":11797}},"52":{"start":{"line":336,"column":12},"end":{"line":336,"column":11860}},"53":{"start":{"line":342,"column":12},"end":{"line":342,"column":62}},"54":{"start":{"line":344,"column":12},"end":{"line":344,"column":56}},"55":{"start":{"line":347,"column":12},"end":{"line":347,"column":12275}},"56":{"start":{"line":353,"column":12},"end":{"line":353,"column":59}},"57":{"start":{"line":355,"column":12},"end":{"line":355,"column":57}},"58":{"start":{"line":365,"column":8},"end":{"line":365,"column":33}},"59":{"start":{"line":385,"column":8},"end":{"line":385,"column":13670}},"60":{"start":{"line":389,"column":12},"end":{"line":389,"column":54}},"61":{"start":{"line":392,"column":12},"end":{"line":392,"column":13920}},"62":{"start":{"line":393,"column":16},"end":{"line":393,"column":13956}},"63":{"start":{"line":399,"column":16},"end":{"line":399,"column":14163}},"64":{"start":{"line":405,"column":16},"end":{"line":405,"column":14340}},"65":{"start":{"line":411,"column":16},"end":{"line":411,"column":40}},"66":{"start":{"line":413,"column":16},"end":{"line":413,"column":14607}},"67":{"start":{"line":421,"column":12},"end":{"line":421,"column":72}},"68":{"start":{"line":424,"column":12},"end":{"line":424,"column":36}},"69":{"start":{"line":428,"column":12},"end":{"line":428,"column":75}},"70":{"start":{"line":432,"column":12},"end":{"line":432,"column":54}},"71":{"start":{"line":435,"column":12},"end":{"line":435,"column":15206}},"72":{"start":{"line":436,"column":16},"end":{"line":436,"column":15242}},"73":{"start":{"line":444,"column":16},"end":{"line":444,"column":15484}},"74":{"start":{"line":453,"column":12},"end":{"line":453,"column":15753}},"75":{"start":{"line":481,"column":8},"end":{"line":481,"column":16821}},"76":{"start":{"line":486,"column":12},"end":{"line":486,"column":55}},"77":{"start":{"line":488,"column":12},"end":{"line":488,"column":17068}},"78":{"start":{"line":489,"column":16},"end":{"line":489,"column":17104}},"79":{"start":{"line":494,"column":16},"end":{"line":494,"column":17297}},"80":{"start":{"line":499,"column":16},"end":{"line":499,"column":17458}},"81":{"start":{"line":504,"column":16},"end":{"line":504,"column":40}},"82":{"start":{"line":506,"column":16},"end":{"line":506,"column":17695}},"83":{"start":{"line":513,"column":12},"end":{"line":513,"column":72}},"84":{"start":{"line":515,"column":12},"end":{"line":515,"column":36}},"85":{"start":{"line":518,"column":12},"end":{"line":518,"column":76}},"86":{"start":{"line":521,"column":12},"end":{"line":521,"column":55}},"87":{"start":{"line":524,"column":12},"end":{"line":524,"column":18235}},"88":{"start":{"line":530,"column":12},"end":{"line":530,"column":18426}},"89":{"start":{"line":531,"column":16},"end":{"line":531,"column":18455}},"90":{"start":{"line":537,"column":16},"end":{"line":537,"column":18655}},"91":{"start":{"line":545,"column":12},"end":{"line":545,"column":18894}},"92":{"start":{"line":571,"column":8},"end":{"line":571,"column":19940}},"93":{"start":{"line":573,"column":12},"end":{"line":573,"column":54}},"94":{"start":{"line":575,"column":12},"end":{"line":575,"column":20122}},"95":{"start":{"line":576,"column":16},"end":{"line":576,"column":20158}},"96":{"start":{"line":581,"column":16},"end":{"line":581,"column":40}},"97":{"start":{"line":582,"column":16},"end":{"line":582,"column":20362}},"98":{"start":{"line":589,"column":12},"end":{"line":589,"column":72}},"99":{"start":{"line":591,"column":12},"end":{"line":591,"column":36}},"100":{"start":{"line":594,"column":12},"end":{"line":594,"column":75}},"101":{"start":{"line":597,"column":12},"end":{"line":597,"column":54}},"102":{"start":{"line":599,"column":12},"end":{"line":599,"column":20899}},"103":{"start":{"line":605,"column":12},"end":{"line":605,"column":21090}},"104":{"start":{"line":606,"column":16},"end":{"line":606,"column":21119}},"105":{"start":{"line":612,"column":16},"end":{"line":612,"column":21319}},"106":{"start":{"line":620,"column":12},"end":{"line":620,"column":21558}},"107":{"start":{"line":646,"column":8},"end":{"line":646,"column":22616}},"108":{"start":{"line":648,"column":12},"end":{"line":648,"column":55}},"109":{"start":{"line":650,"column":12},"end":{"line":650,"column":22799}},"110":{"start":{"line":656,"column":12},"end":{"line":656,"column":22974}},"111":{"start":{"line":657,"column":16},"end":{"line":657,"column":23010}},"112":{"start":{"line":662,"column":16},"end":{"line":662,"column":40}},"113":{"start":{"line":663,"column":16},"end":{"line":663,"column":23214}},"114":{"start":{"line":670,"column":12},"end":{"line":670,"column":72}},"115":{"start":{"line":672,"column":12},"end":{"line":672,"column":36}},"116":{"start":{"line":675,"column":12},"end":{"line":675,"column":76}},"117":{"start":{"line":678,"column":12},"end":{"line":678,"column":55}},"118":{"start":{"line":680,"column":12},"end":{"line":680,"column":23753}},"119":{"start":{"line":686,"column":12},"end":{"line":686,"column":23947}},"120":{"start":{"line":687,"column":16},"end":{"line":687,"column":23976}},"121":{"start":{"line":693,"column":16},"end":{"line":693,"column":24176}},"122":{"start":{"line":701,"column":12},"end":{"line":701,"column":24415}},"123":{"start":{"line":720,"column":8},"end":{"line":720,"column":51}},"124":{"start":{"line":721,"column":8},"end":{"line":721,"column":56}},"125":{"start":{"line":722,"column":8},"end":{"line":722,"column":25094}},"126":{"start":{"line":723,"column":12},"end":{"line":723,"column":53}},"127":{"start":{"line":725,"column":12},"end":{"line":725,"column":51}},"128":{"start":{"line":727,"column":8},"end":{"line":727,"column":47}},"129":{"start":{"line":728,"column":8},"end":{"line":728,"column":65}},"130":{"start":{"line":728,"column":30},"end":{"line":728,"column":64}},"131":{"start":{"line":744,"column":8},"end":{"line":744,"column":24}},"132":{"start":{"line":745,"column":8},"end":{"line":745,"column":26}},"133":{"start":{"line":746,"column":8},"end":{"line":746,"column":26028}},"134":{"start":{"line":748,"column":12},"end":{"line":748,"column":26084}},"135":{"start":{"line":754,"column":12},"end":{"line":754,"column":26312}},"136":{"start":{"line":758,"column":12},"end":{"line":758,"column":26440}},"137":{"start":{"line":767,"column":12},"end":{"line":767,"column":26734}},"138":{"start":{"line":772,"column":8},"end":{"line":772,"column":26895}},"139":{"start":{"line":772,"column":26},"end":{"line":772,"column":78}},"140":{"start":{"line":773,"column":13},"end":{"line":773,"column":68}},"141":{"start":{"line":775,"column":8},"end":{"line":775,"column":28}},"142":{"start":{"line":787,"column":8},"end":{"line":787,"column":56}},"143":{"start":{"line":788,"column":8},"end":{"line":788,"column":27519}},"144":{"start":{"line":788,"column":26},"end":{"line":788,"column":72}},"145":{"start":{"line":789,"column":13},"end":{"line":789,"column":62}},"146":{"start":{"line":791,"column":8},"end":{"line":791,"column":18}}},"branchMap":{"1":{"line":112,"type":"if","locations":[{"start":{"line":112,"column":8},"end":{"line":112,"column":8}},{"start":{"line":112,"column":8},"end":{"line":112,"column":8}}]},"2":{"line":115,"type":"if","locations":[{"start":{"line":115,"column":8},"end":{"line":115,"column":8}},{"start":{"line":115,"column":8},"end":{"line":115,"column":8}}]},"3":{"line":118,"type":"if","locations":[{"start":{"line":118,"column":8},"end":{"line":118,"column":8}},{"start":{"line":118,"column":8},"end":{"line":118,"column":8}}]},"4":{"line":126,"type":"if","locations":[{"start":{"line":126,"column":13},"end":{"line":126,"column":13}},{"start":{"line":126,"column":13},"end":{"line":126,"column":13}}]},"5":{"line":134,"type":"if","locations":[{"start":{"line":134,"column":13},"end":{"line":134,"column":13}},{"start":{"line":134,"column":13},"end":{"line":134,"column":13}}]},"6":{"line":157,"type":"if","locations":[{"start":{"line":157,"column":8},"end":{"line":157,"column":8}},{"start":{"line":157,"column":8},"end":{"line":157,"column":8}}]},"7":{"line":168,"type":"if","locations":[{"start":{"line":168,"column":8},"end":{"line":168,"column":8}},{"start":{"line":168,"column":8},"end":{"line":168,"column":8}}]},"8":{"line":170,"type":"if","locations":[{"start":{"line":170,"column":8},"end":{"line":170,"column":8}},{"start":{"line":170,"column":8},"end":{"line":170,"column":8}}]},"9":{"line":181,"type":"if","locations":[{"start":{"line":181,"column":8},"end":{"line":181,"column":8}},{"start":{"line":181,"column":8},"end":{"line":181,"column":8}}]},"10":{"line":183,"type":"if","locations":[{"start":{"line":183,"column":8},"end":{"line":183,"column":8}},{"start":{"line":183,"column":8},"end":{"line":183,"column":8}}]},"11":{"line":184,"type":"if","locations":[{"start":{"line":184,"column":8},"end":{"line":184,"column":8}},{"start":{"line":184,"column":8},"end":{"line":184,"column":8}}]},"12":{"line":197,"type":"if","locations":[{"start":{"line":197,"column":8},"end":{"line":197,"column":8}},{"start":{"line":197,"column":8},"end":{"line":197,"column":8}}]},"13":{"line":199,"type":"if","locations":[{"start":{"line":199,"column":8},"end":{"line":199,"column":8}},{"start":{"line":199,"column":8},"end":{"line":199,"column":8}}]},"14":{"line":210,"type":"if","locations":[{"start":{"line":210,"column":8},"end":{"line":210,"column":8}},{"start":{"line":210,"column":8},"end":{"line":210,"column":8}}]},"15":{"line":214,"type":"if","locations":[{"start":{"line":214,"column":12},"end":{"line":214,"column":12}},{"start":{"line":214,"column":12},"end":{"line":214,"column":12}}]},"16":{"line":227,"type":"if","locations":[{"start":{"line":227,"column":8},"end":{"line":227,"column":8}},{"start":{"line":227,"column":8},"end":{"line":227,"column":8}}]},"17":{"line":229,"type":"if","locations":[{"start":{"line":229,"column":8},"end":{"line":229,"column":8}},{"start":{"line":229,"column":8},"end":{"line":229,"column":8}}]},"18":{"line":331,"type":"if","locations":[{"start":{"line":331,"column":8},"end":{"line":331,"column":8}},{"start":{"line":331,"column":8},"end":{"line":331,"column":8}}]},"19":{"line":333,"type":"if","locations":[{"start":{"line":333,"column":8},"end":{"line":333,"column":8}},{"start":{"line":333,"column":8},"end":{"line":333,"column":8}}]},"20":{"line":334,"type":"if","locations":[{"start":{"line":334,"column":8},"end":{"line":334,"column":8}},{"start":{"line":334,"column":8},"end":{"line":334,"column":8}}]},"21":{"line":336,"type":"if","locations":[{"start":{"line":336,"column":12},"end":{"line":336,"column":12}},{"start":{"line":336,"column":12},"end":{"line":336,"column":12}}]},"22":{"line":342,"type":"if","locations":[{"start":{"line":342,"column":12},"end":{"line":342,"column":12}},{"start":{"line":342,"column":12},"end":{"line":342,"column":12}}]},"23":{"line":344,"type":"if","locations":[{"start":{"line":344,"column":12},"end":{"line":344,"column":12}},{"start":{"line":344,"column":12},"end":{"line":344,"column":12}}]},"24":{"line":347,"type":"if","locations":[{"start":{"line":347,"column":12},"end":{"line":347,"column":12}},{"start":{"line":347,"column":12},"end":{"line":347,"column":12}}]},"25":{"line":353,"type":"if","locations":[{"start":{"line":353,"column":12},"end":{"line":353,"column":12}},{"start":{"line":353,"column":12},"end":{"line":353,"column":12}}]},"26":{"line":355,"type":"if","locations":[{"start":{"line":355,"column":12},"end":{"line":355,"column":12}},{"start":{"line":355,"column":12},"end":{"line":355,"column":12}}]},"27":{"line":385,"type":"if","locations":[{"start":{"line":385,"column":8},"end":{"line":385,"column":8}},{"start":{"line":385,"column":8},"end":{"line":385,"column":8}}]},"28":{"line":392,"type":"if","locations":[{"start":{"line":392,"column":12},"end":{"line":392,"column":12}},{"start":{"line":392,"column":12},"end":{"line":392,"column":12}}]},"29":{"line":435,"type":"if","locations":[{"start":{"line":435,"column":12},"end":{"line":435,"column":12}},{"start":{"line":435,"column":12},"end":{"line":435,"column":12}}]},"30":{"line":481,"type":"if","locations":[{"start":{"line":481,"column":8},"end":{"line":481,"column":8}},{"start":{"line":481,"column":8},"end":{"line":481,"column":8}}]},"31":{"line":488,"type":"if","locations":[{"start":{"line":488,"column":12},"end":{"line":488,"column":12}},{"start":{"line":488,"column":12},"end":{"line":488,"column":12}}]},"32":{"line":530,"type":"if","locations":[{"start":{"line":530,"column":12},"end":{"line":530,"column":12}},{"start":{"line":530,"column":12},"end":{"line":530,"column":12}}]},"33":{"line":571,"type":"if","locations":[{"start":{"line":571,"column":8},"end":{"line":571,"column":8}},{"start":{"line":571,"column":8},"end":{"line":571,"column":8}}]},"34":{"line":575,"type":"if","locations":[{"start":{"line":575,"column":12},"end":{"line":575,"column":12}},{"start":{"line":575,"column":12},"end":{"line":575,"column":12}}]},"35":{"line":605,"type":"if","locations":[{"start":{"line":605,"column":12},"end":{"line":605,"column":12}},{"start":{"line":605,"column":12},"end":{"line":605,"column":12}}]},"36":{"line":646,"type":"if","locations":[{"start":{"line":646,"column":8},"end":{"line":646,"column":8}},{"start":{"line":646,"column":8},"end":{"line":646,"column":8}}]},"37":{"line":656,"type":"if","locations":[{"start":{"line":656,"column":12},"end":{"line":656,"column":12}},{"start":{"line":656,"column":12},"end":{"line":656,"column":12}}]},"38":{"line":686,"type":"if","locations":[{"start":{"line":686,"column":12},"end":{"line":686,"column":12}},{"start":{"line":686,"column":12},"end":{"line":686,"column":12}}]},"39":{"line":720,"type":"if","locations":[{"start":{"line":720,"column":8},"end":{"line":720,"column":8}},{"start":{"line":720,"column":8},"end":{"line":720,"column":8}}]},"40":{"line":722,"type":"if","locations":[{"start":{"line":722,"column":8},"end":{"line":722,"column":8}},{"start":{"line":722,"column":8},"end":{"line":722,"column":8}}]},"41":{"line":728,"type":"if","locations":[{"start":{"line":728,"column":8},"end":{"line":728,"column":8}},{"start":{"line":728,"column":8},"end":{"line":728,"column":8}}]},"42":{"line":746,"type":"if","locations":[{"start":{"line":746,"column":8},"end":{"line":746,"column":8}},{"start":{"line":746,"column":8},"end":{"line":746,"column":8}}]},"43":{"line":748,"type":"if","locations":[{"start":{"line":748,"column":12},"end":{"line":748,"column":12}},{"start":{"line":748,"column":12},"end":{"line":748,"column":12}}]},"44":{"line":758,"type":"if","locations":[{"start":{"line":758,"column":12},"end":{"line":758,"column":12}},{"start":{"line":758,"column":12},"end":{"line":758,"column":12}}]},"45":{"line":772,"type":"if","locations":[{"start":{"line":772,"column":8},"end":{"line":772,"column":8}},{"start":{"line":772,"column":8},"end":{"line":772,"column":8}}]},"46":{"line":788,"type":"if","locations":[{"start":{"line":788,"column":8},"end":{"line":788,"column":8}},{"start":{"line":788,"column":8},"end":{"line":788,"column":8}}]}}},
"contracts/Template1155.sol":{"l":{"52":1683,"53":1683,"54":1683,"55":1683,"56":1683,"57":1683,"58":1683,"67":3,"68":3,"69":0,"70":0,"72":0,"74":3,"75":3,"77":3,"85":5,"86":4,"87":3,"95":5,"96":4,"97":3,"110":359,"111":358,"112":357,"113":357,"114":356,"116":356,"117":291,"119":65,"121":356,"122":356,"123":356,"131":356,"140":0,"154":447,"155":104,"160":445,"174":13,"175":13,"179":12,"191":357,"220":357,"221":357,"230":1127,"250":356,"251":356,"252":356,"253":279},"path":"/home/user/Projects/hungama-heftyverse/contracts/Template1155.sol","s":{"1":1683,"2":1683,"3":1683,"4":1683,"5":1683,"6":1683,"7":1683,"8":3,"9":3,"10":0,"11":0,"12":0,"13":3,"14":3,"15":3,"16":5,"17":4,"18":3,"19":5,"20":4,"21":3,"22":359,"23":358,"24":357,"25":357,"26":356,"27":356,"28":291,"29":65,"30":356,"31":290,"32":356,"33":356,"34":356,"35":0,"36":447,"37":104,"38":445,"39":13,"40":13,"41":12,"42":357,"43":357,"44":357,"45":1127,"46":356,"47":356,"48":356,"49":279},"b":{"1":[0,3],"2":[0,0],"3":[4,1],"4":[3,1],"5":[4,1],"6":[3,1],"7":[358,1],"8":[357,1],"9":[356,1],"10":[291,65],"11":[290,66],"12":[104,342],"13":[103,1],"14":[13,0],"15":[12,1],"16":[279,77]},"f":{"1":1683,"2":3,"3":5,"4":5,"5":359,"6":0,"7":447,"8":13,"9":357,"10":357,"11":1127,"12":356},"fnMap":{"1":{"name":"initialize","line":51,"loc":{"start":{"line":46,"column":4},"end":{"line":59,"column":4}}},"2":{"name":"withdrawStuckToken","line":66,"loc":{"start":{"line":66,"column":4},"end":{"line":78,"column":4}}},"3":{"name":"setAdmin","line":84,"loc":{"start":{"line":84,"column":4},"end":{"line":88,"column":4}}},"4":{"name":"setCreator","line":94,"loc":{"start":{"line":94,"column":4},"end":{"line":98,"column":4}}},"5":{"name":"redeem","line":105,"loc":{"start":{"line":105,"column":4},"end":{"line":132,"column":4}}},"6":{"name":"supportsInterface","line":134,"loc":{"start":{"line":134,"column":4},"end":{"line":141,"column":4}}},"7":{"name":"safeTransferFrom","line":146,"loc":{"start":{"line":146,"column":4},"end":{"line":162,"column":4}}},"8":{"name":"safeBatchTransferFrom","line":167,"loc":{"start":{"line":167,"column":4},"end":{"line":180,"column":4}}},"9":{"name":"_hash","line":186,"loc":{"start":{"line":186,"column":4},"end":{"line":208,"column":4}}},"10":{"name":"_verify","line":215,"loc":{"start":{"line":215,"column":4},"end":{"line":222,"column":4}}},"11":{"name":"_msgSender","line":224,"loc":{"start":{"line":224,"column":4},"end":{"line":231,"column":4}}},"12":{"name":"MintNFT","line":242,"loc":{"start":{"line":242,"column":4},"end":{"line":255,"column":4}}}},"statementMap":{"1":{"start":{"line":52,"column":8},"end":{"line":52,"column":26}},"2":{"start":{"line":53,"column":8},"end":{"line":53,"column":33}},"3":{"start":{"line":54,"column":8},"end":{"line":54,"column":23}},"4":{"start":{"line":55,"column":8},"end":{"line":55,"column":51}},"5":{"start":{"line":56,"column":8},"end":{"line":56,"column":21}},"6":{"start":{"line":57,"column":8},"end":{"line":57,"column":25}},"7":{"start":{"line":58,"column":8},"end":{"line":58,"column":25}},"8":{"start":{"line":67,"column":8},"end":{"line":67,"column":23}},"9":{"start":{"line":68,"column":8},"end":{"line":68,"column":2430}},"10":{"start":{"line":69,"column":12},"end":{"line":69,"column":42}},"11":{"start":{"line":70,"column":12},"end":{"line":70,"column":61}},"12":{"start":{"line":72,"column":12},"end":{"line":72,"column":32}},"13":{"start":{"line":74,"column":12},"end":{"line":74,"column":71}},"14":{"start":{"line":75,"column":12},"end":{"line":75,"column":61}},"15":{"start":{"line":77,"column":8},"end":{"line":77,"column":36}},"16":{"start":{"line":85,"column":8},"end":{"line":85,"column":41}},"17":{"start":{"line":86,"column":8},"end":{"line":86,"column":42}},"18":{"start":{"line":87,"column":8},"end":{"line":87,"column":21}},"19":{"start":{"line":95,"column":8},"end":{"line":95,"column":41}},"20":{"start":{"line":96,"column":8},"end":{"line":96,"column":44}},"21":{"start":{"line":97,"column":8},"end":{"line":97,"column":25}},"22":{"start":{"line":110,"column":8},"end":{"line":110,"column":56}},"23":{"start":{"line":111,"column":8},"end":{"line":111,"column":58}},"24":{"start":{"line":112,"column":8},"end":{"line":112,"column":42}},"25":{"start":{"line":113,"column":8},"end":{"line":113,"column":58}},"26":{"start":{"line":114,"column":8},"end":{"line":114,"column":48}},"27":{"start":{"line":116,"column":8},"end":{"line":116,"column":4251}},"28":{"start":{"line":117,"column":12},"end":{"line":117,"column":42}},"29":{"start":{"line":119,"column":12},"end":{"line":119,"column":31}},"30":{"start":{"line":121,"column":8},"end":{"line":121,"column":63}},"31":{"start":{"line":121,"column":23},"end":{"line":121,"column":62}},"32":{"start":{"line":122,"column":8},"end":{"line":122,"column":42}},"33":{"start":{"line":123,"column":8},"end":{"line":123,"column":4492}},"34":{"start":{"line":131,"column":8},"end":{"line":131,"column":71}},"35":{"start":{"line":140,"column":8},"end":{"line":140,"column":51}},"36":{"start":{"line":154,"column":8},"end":{"line":154,"column":5309}},"37":{"start":{"line":155,"column":12},"end":{"line":155,"column":5371}},"38":{"start":{"line":160,"column":8},"end":{"line":160,"column":52}},"39":{"start":{"line":174,"column":8},"end":{"line":174,"column":5948}},"40":{"start":{"line":175,"column":12},"end":{"line":175,"column":6010}},"41":{"start":{"line":179,"column":8},"end":{"line":179,"column":59}},"42":{"start":{"line":191,"column":8},"end":{"line":191,"column":6512}},"43":{"start":{"line":220,"column":8},"end":{"line":220,"column":39}},"44":{"start":{"line":221,"column":8},"end":{"line":221,"column":66}},"45":{"start":{"line":230,"column":8},"end":{"line":230,"column":33}},"46":{"start":{"line":250,"column":8},"end":{"line":250,"column":41}},"47":{"start":{"line":251,"column":8},"end":{"line":251,"column":33}},"48":{"start":{"line":252,"column":8},"end":{"line":252,"column":8566}},"49":{"start":{"line":253,"column":12},"end":{"line":253,"column":64}}},"branchMap":{"1":{"line":68,"type":"if","locations":[{"start":{"line":68,"column":8},"end":{"line":68,"column":8}},{"start":{"line":68,"column":8},"end":{"line":68,"column":8}}]},"2":{"line":72,"type":"if","locations":[{"start":{"line":72,"column":12},"end":{"line":72,"column":12}},{"start":{"line":72,"column":12},"end":{"line":72,"column":12}}]},"3":{"line":85,"type":"if","locations":[{"start":{"line":85,"column":8},"end":{"line":85,"column":8}},{"start":{"line":85,"column":8},"end":{"line":85,"column":8}}]},"4":{"line":86,"type":"if","locations":[{"start":{"line":86,"column":8},"end":{"line":86,"column":8}},{"start":{"line":86,"column":8},"end":{"line":86,"column":8}}]},"5":{"line":95,"type":"if","locations":[{"start":{"line":95,"column":8},"end":{"line":95,"column":8}},{"start":{"line":95,"column":8},"end":{"line":95,"column":8}}]},"6":{"line":96,"type":"if","locations":[{"start":{"line":96,"column":8},"end":{"line":96,"column":8}},{"start":{"line":96,"column":8},"end":{"line":96,"column":8}}]},"7":{"line":110,"type":"if","locations":[{"start":{"line":110,"column":8},"end":{"line":110,"column":8}},{"start":{"line":110,"column":8},"end":{"line":110,"column":8}}]},"8":{"line":111,"type":"if","locations":[{"start":{"line":111,"column":8},"end":{"line":111,"column":8}},{"start":{"line":111,"column":8},"end":{"line":111,"column":8}}]},"9":{"line":113,"type":"if","locations":[{"start":{"line":113,"column":8},"end":{"line":113,"column":8}},{"start":{"line":113,"column":8},"end":{"line":113,"column":8}}]},"10":{"line":116,"type":"if","locations":[{"start":{"line":116,"column":8},"end":{"line":116,"column":8}},{"start":{"line":116,"column":8},"end":{"line":116,"column":8}}]},"11":{"line":121,"type":"if","locations":[{"start":{"line":121,"column":8},"end":{"line":121,"column":8}},{"start":{"line":121,"column":8},"end":{"line":121,"column":8}}]},"12":{"line":154,"type":"if","locations":[{"start":{"line":154,"column":8},"end":{"line":154,"column":8}},{"start":{"line":154,"column":8},"end":{"line":154,"column":8}}]},"13":{"line":155,"type":"if","locations":[{"start":{"line":155,"column":12},"end":{"line":155,"column":12}},{"start":{"line":155,"column":12},"end":{"line":155,"column":12}}]},"14":{"line":174,"type":"if","locations":[{"start":{"line":174,"column":8},"end":{"line":174,"column":8}},{"start":{"line":174,"column":8},"end":{"line":174,"column":8}}]},"15":{"line":175,"type":"if","locations":[{"start":{"line":175,"column":12},"end":{"line":175,"column":12}},{"start":{"line":175,"column":12},"end":{"line":175,"column":12}}]},"16":{"line":252,"type":"if","locations":[{"start":{"line":252,"column":8},"end":{"line":252,"column":8}},{"start":{"line":252,"column":8},"end":{"line":252,"column":8}}]}}},
"contracts/Template721.sol":{"l":{"57":1571,"58":1571,"59":1571,"60":1571,"62":1571,"63":1571,"64":1571,"65":1571,"76":238,"77":237,"78":237,"79":236,"86":235,"95":3,"96":3,"97":0,"98":0,"100":0,"102":3,"103":3,"105":3,"113":5,"114":4,"115":3,"123":5,"124":4,"125":3,"133":1,"144":300,"145":64,"150":297,"159":0,"171":237,"198":237,"199":237,"208":208,"226":236,"227":235,"228":235,"229":235,"231":235,"232":222},"path":"/home/user/Projects/hungama-heftyverse/contracts/Template721.sol","s":{"1":1571,"2":1571,"3":1571,"4":1571,"5":1571,"6":1571,"7":1571,"8":1571,"9":238,"10":237,"11":237,"12":236,"13":235,"14":3,"15":3,"16":0,"17":0,"18":0,"19":3,"20":3,"21":3,"22":5,"23":4,"24":3,"25":5,"26":4,"27":3,"28":1,"29":300,"30":64,"31":297,"32":0,"33":237,"34":237,"35":237,"36":208,"37":236,"38":235,"39":235,"40":235,"41":222},"b":{"1":[237,1],"2":[236,1],"3":[0,3],"4":[0,0],"5":[4,1],"6":[3,1],"7":[4,1],"8":[3,1],"9":[64,234],"10":[63,1],"11":[235,1],"12":[222,13]},"f":{"1":1571,"2":238,"3":3,"4":5,"5":5,"6":1,"7":300,"8":0,"9":237,"10":237,"11":208,"12":236},"fnMap":{"1":{"name":"initialize","line":56,"loc":{"start":{"line":49,"column":4},"end":{"line":66,"column":4}}},"2":{"name":"redeem","line":73,"loc":{"start":{"line":73,"column":4},"end":{"line":87,"column":4}}},"3":{"name":"withdrawStuckToken","line":94,"loc":{"start":{"line":94,"column":4},"end":{"line":106,"column":4}}},"4":{"name":"setAdmin","line":112,"loc":{"start":{"line":112,"column":4},"end":{"line":116,"column":4}}},"5":{"name":"setCreator","line":122,"loc":{"start":{"line":122,"column":4},"end":{"line":126,"column":4}}},"6":{"name":"exists","line":132,"loc":{"start":{"line":132,"column":4},"end":{"line":134,"column":4}}},"7":{"name":"transferFrom","line":139,"loc":{"start":{"line":139,"column":4},"end":{"line":151,"column":4}}},"8":{"name":"supportsInterface","line":153,"loc":{"start":{"line":153,"column":4},"end":{"line":160,"column":4}}},"9":{"name":"_hash","line":166,"loc":{"start":{"line":166,"column":4},"end":{"line":186,"column":4}}},"10":{"name":"_verify","line":193,"loc":{"start":{"line":193,"column":4},"end":{"line":200,"column":4}}},"11":{"name":"_msgSender","line":202,"loc":{"start":{"line":202,"column":4},"end":{"line":209,"column":4}}},"12":{"name":"MintNFT","line":219,"loc":{"start":{"line":219,"column":4},"end":{"line":234,"column":4}}}},"statementMap":{"1":{"start":{"line":57,"column":8},"end":{"line":57,"column":36}},"2":{"start":{"line":58,"column":8},"end":{"line":58,"column":32}},"3":{"start":{"line":59,"column":8},"end":{"line":59,"column":23}},"4":{"start":{"line":60,"column":8},"end":{"line":60,"column":51}},"5":{"start":{"line":62,"column":8},"end":{"line":62,"column":21}},"6":{"start":{"line":63,"column":8},"end":{"line":63,"column":25}},"7":{"start":{"line":64,"column":8},"end":{"line":64,"column":25}},"8":{"start":{"line":65,"column":8},"end":{"line":65,"column":29}},"9":{"start":{"line":76,"column":8},"end":{"line":76,"column":58}},"10":{"start":{"line":77,"column":8},"end":{"line":77,"column":42}},"11":{"start":{"line":78,"column":8},"end":{"line":78,"column":58}},"12":{"start":{"line":79,"column":8},"end":{"line":79,"column":2767}},"13":{"start":{"line":86,"column":8},"end":{"line":86,"column":55}},"14":{"start":{"line":95,"column":8},"end":{"line":95,"column":23}},"15":{"start":{"line":96,"column":8},"end":{"line":96,"column":3305}},"16":{"start":{"line":97,"column":12},"end":{"line":97,"column":42}},"17":{"start":{"line":98,"column":12},"end":{"line":98,"column":61}},"18":{"start":{"line":100,"column":12},"end":{"line":100,"column":32}},"19":{"start":{"line":102,"column":12},"end":{"line":102,"column":71}},"20":{"start":{"line":103,"column":12},"end":{"line":103,"column":61}},"21":{"start":{"line":105,"column":8},"end":{"line":105,"column":36}},"22":{"start":{"line":113,"column":8},"end":{"line":113,"column":41}},"23":{"start":{"line":114,"column":8},"end":{"line":114,"column":42}},"24":{"start":{"line":115,"column":8},"end":{"line":115,"column":21}},"25":{"start":{"line":123,"column":8},"end":{"line":123,"column":41}},"26":{"start":{"line":124,"column":8},"end":{"line":124,"column":44}},"27":{"start":{"line":125,"column":8},"end":{"line":125,"column":25}},"28":{"start":{"line":133,"column":8},"end":{"line":133,"column":31}},"29":{"start":{"line":144,"column":8},"end":{"line":144,"column":4872}},"30":{"start":{"line":145,"column":12},"end":{"line":145,"column":4934}},"31":{"start":{"line":150,"column":8},"end":{"line":150,"column":35}},"32":{"start":{"line":159,"column":8},"end":{"line":159,"column":51}},"33":{"start":{"line":171,"column":8},"end":{"line":171,"column":5643}},"34":{"start":{"line":198,"column":8},"end":{"line":198,"column":39}},"35":{"start":{"line":199,"column":8},"end":{"line":199,"column":66}},"36":{"start":{"line":208,"column":8},"end":{"line":208,"column":33}},"37":{"start":{"line":226,"column":8},"end":{"line":226,"column":72}},"38":{"start":{"line":227,"column":8},"end":{"line":227,"column":33}},"39":{"start":{"line":228,"column":8},"end":{"line":228,"column":38}},"40":{"start":{"line":231,"column":8},"end":{"line":231,"column":7602}},"41":{"start":{"line":232,"column":12},"end":{"line":232,"column":64}}},"branchMap":{"1":{"line":76,"type":"if","locations":[{"start":{"line":76,"column":8},"end":{"line":76,"column":8}},{"start":{"line":76,"column":8},"end":{"line":76,"column":8}}]},"2":{"line":78,"type":"if","locations":[{"start":{"line":78,"column":8},"end":{"line":78,"column":8}},{"start":{"line":78,"column":8},"end":{"line":78,"column":8}}]},"3":{"line":96,"type":"if","locations":[{"start":{"line":96,"column":8},"end":{"line":96,"column":8}},{"start":{"line":96,"column":8},"end":{"line":96,"column":8}}]},"4":{"line":100,"type":"if","locations":[{"start":{"line":100,"column":12},"end":{"line":100,"column":12}},{"start":{"line":100,"column":12},"end":{"line":100,"column":12}}]},"5":{"line":113,"type":"if","locations":[{"start":{"line":113,"column":8},"end":{"line":113,"column":8}},{"start":{"line":113,"column":8},"end":{"line":113,"column":8}}]},"6":{"line":114,"type":"if","locations":[{"start":{"line":114,"column":8},"end":{"line":114,"column":8}},{"start":{"line":114,"column":8},"end":{"line":114,"column":8}}]},"7":{"line":123,"type":"if","locations":[{"start":{"line":123,"column":8},"end":{"line":123,"column":8}},{"start":{"line":123,"column":8},"end":{"line":123,"column":8}}]},"8":{"line":124,"type":"if","locations":[{"start":{"line":124,"column":8},"end":{"line":124,"column":8}},{"start":{"line":124,"column":8},"end":{"line":124,"column":8}}]},"9":{"line":144,"type":"if","locations":[{"start":{"line":144,"column":8},"end":{"line":144,"column":8}},{"start":{"line":144,"column":8},"end":{"line":144,"column":8}}]},"10":{"line":145,"type":"if","locations":[{"start":{"line":145,"column":12},"end":{"line":145,"column":12}},{"start":{"line":145,"column":12},"end":{"line":145,"column":12}}]},"11":{"line":226,"type":"if","locations":[{"start":{"line":226,"column":8},"end":{"line":226,"column":8}},{"start":{"line":226,"column":8},"end":{"line":226,"column":8}}]},"12":{"line":231,"type":"if","locations":[{"start":{"line":231,"column":8},"end":{"line":231,"column":8}},{"start":{"line":231,"column":8},"end":{"line":231,"column":8}}]}}}}
