{
"contracts/Airdrop.sol":{"l":{"43":0,"44":0,"45":0,"46":0,"48":0,"49":0,"50":0,"71":0,"72":0,"73":0,"74":0,"75":0,"85":0,"86":0,"87":0,"88":0,"90":0,"92":0,"93":0,"95":0,"103":0,"104":0,"105":0,"113":0,"114":0,"115":0,"124":0,"137":0,"138":0,"142":0,"155":0,"156":0,"160":0,"169":0,"174":0,"175":0,"176":0,"186":0},"path":"/home/user/Documents/projects/hungama-heftyverse/contracts/Airdrop.sol","s":{"1":0,"2":0,"3":0,"4":0,"5":0,"6":0,"7":0,"8":0,"9":0,"10":0,"11":0,"12":0,"13":0,"14":0,"15":0,"16":0,"17":0,"18":0,"19":0,"20":0,"21":0,"22":0,"23":0,"24":0,"25":0,"26":0,"27":0,"28":0,"29":0,"30":0,"31":0,"32":0,"33":0,"34":0,"35":0,"36":0,"37":0,"38":0},"b":{"1":[0,0],"2":[0,0],"3":[0,0],"4":[0,0],"5":[0,0],"6":[0,0],"7":[0,0],"8":[0,0],"9":[0,0],"10":[0,0],"11":[0,0],"12":[0,0],"13":[0,0],"14":[0,0]},"f":{"1":0,"2":0,"3":0,"4":0,"5":0,"6":0,"7":0,"8":0,"9":0,"10":0},"fnMap":{"1":{"name":"initialize","line":42,"loc":{"start":{"line":37,"column":4},"end":{"line":51,"column":4}}},"2":{"name":"MintNFT","line":62,"loc":{"start":{"line":62,"column":4},"end":{"line":77,"column":4}}},"3":{"name":"withdrawStuckToken","line":84,"loc":{"start":{"line":84,"column":4},"end":{"line":96,"column":4}}},"4":{"name":"setAdmin","line":102,"loc":{"start":{"line":102,"column":4},"end":{"line":106,"column":4}}},"5":{"name":"setCreator","line":112,"loc":{"start":{"line":112,"column":4},"end":{"line":116,"column":4}}},"6":{"name":"supportsInterface","line":118,"loc":{"start":{"line":118,"column":4},"end":{"line":125,"column":4}}},"7":{"name":"safeTransferFrom","line":130,"loc":{"start":{"line":130,"column":4},"end":{"line":143,"column":4}}},"8":{"name":"safeBatchTransferFrom","line":148,"loc":{"start":{"line":148,"column":4},"end":{"line":161,"column":4}}},"9":{"name":"bulkTransfer","line":163,"loc":{"start":{"line":163,"column":4},"end":{"line":178,"column":4}}},"10":{"name":"_msgSender","line":180,"loc":{"start":{"line":180,"column":4},"end":{"line":187,"column":4}}}},"statementMap":{"1":{"start":{"line":43,"column":8},"end":{"line":43,"column":26}},"2":{"start":{"line":44,"column":8},"end":{"line":44,"column":33}},"3":{"start":{"line":45,"column":8},"end":{"line":45,"column":23}},"4":{"start":{"line":46,"column":8},"end":{"line":46,"column":51}},"5":{"start":{"line":48,"column":8},"end":{"line":48,"column":21}},"6":{"start":{"line":49,"column":8},"end":{"line":49,"column":25}},"7":{"start":{"line":50,"column":8},"end":{"line":50,"column":25}},"8":{"start":{"line":71,"column":8},"end":{"line":71,"column":43}},"9":{"start":{"line":72,"column":8},"end":{"line":72,"column":41}},"10":{"start":{"line":73,"column":8},"end":{"line":73,"column":33}},"11":{"start":{"line":74,"column":8},"end":{"line":74,"column":2644}},"12":{"start":{"line":75,"column":12},"end":{"line":75,"column":64}},"13":{"start":{"line":85,"column":8},"end":{"line":85,"column":23}},"14":{"start":{"line":86,"column":8},"end":{"line":86,"column":3066}},"15":{"start":{"line":87,"column":12},"end":{"line":87,"column":42}},"16":{"start":{"line":88,"column":12},"end":{"line":88,"column":61}},"17":{"start":{"line":90,"column":12},"end":{"line":90,"column":32}},"18":{"start":{"line":92,"column":12},"end":{"line":92,"column":71}},"19":{"start":{"line":93,"column":12},"end":{"line":93,"column":61}},"20":{"start":{"line":95,"column":8},"end":{"line":95,"column":36}},"21":{"start":{"line":103,"column":8},"end":{"line":103,"column":43}},"22":{"start":{"line":104,"column":8},"end":{"line":104,"column":36}},"23":{"start":{"line":105,"column":8},"end":{"line":105,"column":21}},"24":{"start":{"line":113,"column":8},"end":{"line":113,"column":43}},"25":{"start":{"line":114,"column":8},"end":{"line":114,"column":38}},"26":{"start":{"line":115,"column":8},"end":{"line":115,"column":25}},"27":{"start":{"line":124,"column":8},"end":{"line":124,"column":51}},"28":{"start":{"line":137,"column":8},"end":{"line":137,"column":4597}},"29":{"start":{"line":138,"column":12},"end":{"line":138,"column":4659}},"30":{"start":{"line":142,"column":8},"end":{"line":142,"column":52}},"31":{"start":{"line":155,"column":8},"end":{"line":155,"column":5209}},"32":{"start":{"line":156,"column":12},"end":{"line":156,"column":5271}},"33":{"start":{"line":160,"column":8},"end":{"line":160,"column":59}},"34":{"start":{"line":169,"column":8},"end":{"line":169,"column":5642}},"35":{"start":{"line":174,"column":8},"end":{"line":174,"column":76}},"36":{"start":{"line":175,"column":8},"end":{"line":175,"column":5885}},"37":{"start":{"line":176,"column":12},"end":{"line":176,"column":65}},"38":{"start":{"line":186,"column":8},"end":{"line":186,"column":33}}},"branchMap":{"1":{"line":71,"type":"if","locations":[{"start":{"line":71,"column":8},"end":{"line":71,"column":8}},{"start":{"line":71,"column":8},"end":{"line":71,"column":8}}]},"2":{"line":74,"type":"if","locations":[{"start":{"line":74,"column":8},"end":{"line":74,"column":8}},{"start":{"line":74,"column":8},"end":{"line":74,"column":8}}]},"3":{"line":86,"type":"if","locations":[{"start":{"line":86,"column":8},"end":{"line":86,"column":8}},{"start":{"line":86,"column":8},"end":{"line":86,"column":8}}]},"4":{"line":90,"type":"if","locations":[{"start":{"line":90,"column":12},"end":{"line":90,"column":12}},{"start":{"line":90,"column":12},"end":{"line":90,"column":12}}]},"5":{"line":103,"type":"if","locations":[{"start":{"line":103,"column":8},"end":{"line":103,"column":8}},{"start":{"line":103,"column":8},"end":{"line":103,"column":8}}]},"6":{"line":104,"type":"if","locations":[{"start":{"line":104,"column":8},"end":{"line":104,"column":8}},{"start":{"line":104,"column":8},"end":{"line":104,"column":8}}]},"7":{"line":113,"type":"if","locations":[{"start":{"line":113,"column":8},"end":{"line":113,"column":8}},{"start":{"line":113,"column":8},"end":{"line":113,"column":8}}]},"8":{"line":114,"type":"if","locations":[{"start":{"line":114,"column":8},"end":{"line":114,"column":8}},{"start":{"line":114,"column":8},"end":{"line":114,"column":8}}]},"9":{"line":137,"type":"if","locations":[{"start":{"line":137,"column":8},"end":{"line":137,"column":8}},{"start":{"line":137,"column":8},"end":{"line":137,"column":8}}]},"10":{"line":138,"type":"if","locations":[{"start":{"line":138,"column":12},"end":{"line":138,"column":12}},{"start":{"line":138,"column":12},"end":{"line":138,"column":12}}]},"11":{"line":155,"type":"if","locations":[{"start":{"line":155,"column":8},"end":{"line":155,"column":8}},{"start":{"line":155,"column":8},"end":{"line":155,"column":8}}]},"12":{"line":156,"type":"if","locations":[{"start":{"line":156,"column":12},"end":{"line":156,"column":12}},{"start":{"line":156,"column":12},"end":{"line":156,"column":12}}]},"13":{"line":169,"type":"if","locations":[{"start":{"line":169,"column":8},"end":{"line":169,"column":8}},{"start":{"line":169,"column":8},"end":{"line":169,"column":8}}]},"14":{"line":174,"type":"if","locations":[{"start":{"line":174,"column":8},"end":{"line":174,"column":8}},{"start":{"line":174,"column":8},"end":{"line":174,"column":8}}]}}},
"contracts/Factory.sol":{"l":{"54":1092,"55":1092,"56":1092,"57":1092,"58":1092,"76":295,"77":294,"78":294,"79":294,"83":294,"84":294,"85":294,"94":252,"108":394,"109":392,"110":392,"111":392,"115":392,"116":392,"118":392,"125":308,"137":0,"138":0,"151":5,"152":4,"153":3,"161":5,"162":4,"163":3,"171":5,"172":4,"173":3,"181":5,"182":4,"183":3,"192":5,"193":4,"194":3,"203":0,"204":0,"205":0,"206":0,"208":0,"210":0,"211":0,"213":0},"path":"/home/user/Documents/projects/hungama-heftyverse/contracts/Factory.sol","s":{"1":1092,"2":1092,"3":1092,"4":1092,"5":1092,"6":295,"7":294,"8":294,"9":294,"10":294,"11":294,"12":294,"13":252,"14":394,"15":392,"16":392,"17":392,"18":392,"19":392,"20":392,"21":308,"22":0,"23":0,"24":5,"25":4,"26":3,"27":5,"28":4,"29":3,"30":5,"31":4,"32":3,"33":5,"34":4,"35":3,"36":5,"37":4,"38":3,"39":0,"40":0,"41":0,"42":0,"43":0,"44":0,"45":0,"46":0},"b":{"1":[294,1],"2":[392,2],"3":[4,1],"4":[3,1],"5":[4,1],"6":[3,1],"7":[4,1],"8":[3,1],"9":[4,1],"10":[3,1],"11":[4,1],"12":[3,1],"13":[0,0],"14":[0,0]},"f":{"1":1092,"2":295,"3":394,"4":0,"5":5,"6":5,"7":5,"8":5,"9":5,"10":0},"fnMap":{"1":{"name":"initialize","line":53,"loc":{"start":{"line":49,"column":4},"end":{"line":59,"column":4}}},"2":{"name":"create721Token","line":69,"loc":{"start":{"line":69,"column":4},"end":{"line":95,"column":4}}},"3":{"name":"create1155Token","line":103,"loc":{"start":{"line":103,"column":4},"end":{"line":126,"column":4}}},"4":{"name":"predictNFTContractAddress","line":131,"loc":{"start":{"line":131,"column":4},"end":{"line":144,"column":4}}},"5":{"name":"updateTemplate721","line":150,"loc":{"start":{"line":150,"column":4},"end":{"line":154,"column":4}}},"6":{"name":"updateTemplate1155","line":160,"loc":{"start":{"line":160,"column":4},"end":{"line":164,"column":4}}},"7":{"name":"updateMarketplace","line":170,"loc":{"start":{"line":170,"column":4},"end":{"line":174,"column":4}}},"8":{"name":"updateAdmin","line":180,"loc":{"start":{"line":180,"column":4},"end":{"line":184,"column":4}}},"9":{"name":"updateOperator","line":191,"loc":{"start":{"line":191,"column":4},"end":{"line":195,"column":4}}},"10":{"name":"withdrawStuckToken","line":202,"loc":{"start":{"line":202,"column":4},"end":{"line":214,"column":4}}}},"statementMap":{"1":{"start":{"line":54,"column":8},"end":{"line":54,"column":25}},"2":{"start":{"line":55,"column":8},"end":{"line":55,"column":47}},"3":{"start":{"line":56,"column":8},"end":{"line":56,"column":49}},"4":{"start":{"line":57,"column":8},"end":{"line":57,"column":33}},"5":{"start":{"line":58,"column":8},"end":{"line":58,"column":35}},"6":{"start":{"line":76,"column":8},"end":{"line":76,"column":53}},"7":{"start":{"line":77,"column":8},"end":{"line":77,"column":28}},"8":{"start":{"line":78,"column":8},"end":{"line":78,"column":74}},"9":{"start":{"line":79,"column":8},"end":{"line":79,"column":3030}},"10":{"start":{"line":83,"column":8},"end":{"line":83,"column":53}},"11":{"start":{"line":84,"column":8},"end":{"line":84,"column":26}},"12":{"start":{"line":85,"column":8},"end":{"line":85,"column":3232}},"13":{"start":{"line":94,"column":8},"end":{"line":94,"column":64}},"14":{"start":{"line":108,"column":8},"end":{"line":108,"column":53}},"15":{"start":{"line":109,"column":8},"end":{"line":109,"column":28}},"16":{"start":{"line":110,"column":8},"end":{"line":110,"column":73}},"17":{"start":{"line":111,"column":8},"end":{"line":111,"column":4191}},"18":{"start":{"line":115,"column":8},"end":{"line":115,"column":54}},"19":{"start":{"line":116,"column":8},"end":{"line":116,"column":26}},"20":{"start":{"line":118,"column":8},"end":{"line":118,"column":4397}},"21":{"start":{"line":125,"column":8},"end":{"line":125,"column":44}},"22":{"start":{"line":137,"column":8},"end":{"line":137,"column":72}},"23":{"start":{"line":138,"column":8},"end":{"line":138,"column":4971}},"24":{"start":{"line":151,"column":8},"end":{"line":151,"column":60}},"25":{"start":{"line":152,"column":8},"end":{"line":152,"column":69}},"26":{"start":{"line":153,"column":8},"end":{"line":153,"column":37}},"27":{"start":{"line":161,"column":8},"end":{"line":161,"column":60}},"28":{"start":{"line":162,"column":8},"end":{"line":162,"column":69}},"29":{"start":{"line":163,"column":8},"end":{"line":163,"column":38}},"30":{"start":{"line":171,"column":8},"end":{"line":171,"column":63}},"31":{"start":{"line":172,"column":8},"end":{"line":172,"column":69}},"32":{"start":{"line":173,"column":8},"end":{"line":173,"column":33}},"33":{"start":{"line":181,"column":8},"end":{"line":181,"column":60}},"34":{"start":{"line":182,"column":8},"end":{"line":182,"column":69}},"35":{"start":{"line":183,"column":8},"end":{"line":183,"column":24}},"36":{"start":{"line":192,"column":8},"end":{"line":192,"column":48}},"37":{"start":{"line":193,"column":8},"end":{"line":193,"column":59}},"38":{"start":{"line":194,"column":8},"end":{"line":194,"column":36}},"39":{"start":{"line":203,"column":8},"end":{"line":203,"column":23}},"40":{"start":{"line":204,"column":8},"end":{"line":204,"column":7363}},"41":{"start":{"line":205,"column":12},"end":{"line":205,"column":42}},"42":{"start":{"line":206,"column":12},"end":{"line":206,"column":61}},"43":{"start":{"line":208,"column":12},"end":{"line":208,"column":33}},"44":{"start":{"line":210,"column":12},"end":{"line":210,"column":71}},"45":{"start":{"line":211,"column":12},"end":{"line":211,"column":61}},"46":{"start":{"line":213,"column":8},"end":{"line":213,"column":36}}},"branchMap":{"1":{"line":76,"type":"if","locations":[{"start":{"line":76,"column":8},"end":{"line":76,"column":8}},{"start":{"line":76,"column":8},"end":{"line":76,"column":8}}]},"2":{"line":108,"type":"if","locations":[{"start":{"line":108,"column":8},"end":{"line":108,"column":8}},{"start":{"line":108,"column":8},"end":{"line":108,"column":8}}]},"3":{"line":151,"type":"if","locations":[{"start":{"line":151,"column":8},"end":{"line":151,"column":8}},{"start":{"line":151,"column":8},"end":{"line":151,"column":8}}]},"4":{"line":152,"type":"if","locations":[{"start":{"line":152,"column":8},"end":{"line":152,"column":8}},{"start":{"line":152,"column":8},"end":{"line":152,"column":8}}]},"5":{"line":161,"type":"if","locations":[{"start":{"line":161,"column":8},"end":{"line":161,"column":8}},{"start":{"line":161,"column":8},"end":{"line":161,"column":8}}]},"6":{"line":162,"type":"if","locations":[{"start":{"line":162,"column":8},"end":{"line":162,"column":8}},{"start":{"line":162,"column":8},"end":{"line":162,"column":8}}]},"7":{"line":171,"type":"if","locations":[{"start":{"line":171,"column":8},"end":{"line":171,"column":8}},{"start":{"line":171,"column":8},"end":{"line":171,"column":8}}]},"8":{"line":172,"type":"if","locations":[{"start":{"line":172,"column":8},"end":{"line":172,"column":8}},{"start":{"line":172,"column":8},"end":{"line":172,"column":8}}]},"9":{"line":181,"type":"if","locations":[{"start":{"line":181,"column":8},"end":{"line":181,"column":8}},{"start":{"line":181,"column":8},"end":{"line":181,"column":8}}]},"10":{"line":182,"type":"if","locations":[{"start":{"line":182,"column":8},"end":{"line":182,"column":8}},{"start":{"line":182,"column":8},"end":{"line":182,"column":8}}]},"11":{"line":192,"type":"if","locations":[{"start":{"line":192,"column":8},"end":{"line":192,"column":8}},{"start":{"line":192,"column":8},"end":{"line":192,"column":8}}]},"12":{"line":193,"type":"if","locations":[{"start":{"line":193,"column":8},"end":{"line":193,"column":8}},{"start":{"line":193,"column":8},"end":{"line":193,"column":8}}]},"13":{"line":204,"type":"if","locations":[{"start":{"line":204,"column":8},"end":{"line":204,"column":8}},{"start":{"line":204,"column":8},"end":{"line":204,"column":8}}]},"14":{"line":208,"type":"if","locations":[{"start":{"line":208,"column":12},"end":{"line":208,"column":12}},{"start":{"line":208,"column":12},"end":{"line":208,"column":12}}]}}},
"contracts/interfaces/IEvents.sol":{"l":{},"path":"/home/user/Documents/projects/hungama-heftyverse/contracts/interfaces/IEvents.sol","s":{},"b":{},"f":{},"fnMap":{},"statementMap":{},"branchMap":{}},
"contracts/interfaces/IFactory.sol":{"l":{},"path":"/home/user/Documents/projects/hungama-heftyverse/contracts/interfaces/IFactory.sol","s":{},"b":{},"f":{},"fnMap":{},"statementMap":{},"branchMap":{}},
"contracts/interfaces/INFTTemplate.sol":{"l":{},"path":"/home/user/Documents/projects/hungama-heftyverse/contracts/interfaces/INFTTemplate.sol","s":{},"b":{},"f":{},"fnMap":{},"statementMap":{},"branchMap":{}},
"contracts/interfaces/IProxy.sol":{"l":{},"path":"/home/user/Documents/projects/hungama-heftyverse/contracts/interfaces/IProxy.sol","s":{},"b":{},"f":{},"fnMap":{},"statementMap":{},"branchMap":{}},
"contracts/interfaces/ISFTTemplate.sol":{"l":{},"path":"/home/user/Documents/projects/hungama-heftyverse/contracts/interfaces/ISFTTemplate.sol","s":{},"b":{},"f":{},"fnMap":{},"statementMap":{},"branchMap":{}},
"contracts/interfaces/IUSDT.sol":{"l":{},"path":"/home/user/Documents/projects/hungama-heftyverse/contracts/interfaces/IUSDT.sol","s":{},"b":{},"f":{},"fnMap":{},"statementMap":{},"branchMap":{}},
"contracts/libraries/VoucherLib.sol":{"l":{},"path":"/home/user/Documents/projects/hungama-heftyverse/contracts/libraries/VoucherLib.sol","s":{},"b":{},"f":{},"fnMap":{},"statementMap":{},"branchMap":{}},
"contracts/mock/USDT.sol":{"l":{"11":1092,"12":1092,"13":1092,"17":252,"18":252,"22":1092},"path":"/home/user/Documents/projects/hungama-heftyverse/contracts/mock/USDT.sol","s":{"1":1092,"2":1092,"3":1092,"4":252,"5":252,"6":1092},"b":{"1":[252,0]},"f":{"1":1092,"2":252,"3":1092},"fnMap":{"1":{"name":"initialize","line":10,"loc":{"start":{"line":10,"column":4},"end":{"line":14,"column":4}}},"2":{"name":"mint","line":16,"loc":{"start":{"line":16,"column":4},"end":{"line":19,"column":4}}},"3":{"name":"decimals","line":21,"loc":{"start":{"line":21,"column":3},"end":{"line":23,"column":1}}}},"statementMap":{"1":{"start":{"line":11,"column":8},"end":{"line":11,"column":45}},"2":{"start":{"line":12,"column":8},"end":{"line":12,"column":39}},"3":{"start":{"line":13,"column":8},"end":{"line":13,"column":52}},"4":{"start":{"line":17,"column":8},"end":{"line":17,"column":50}},"5":{"start":{"line":18,"column":8},"end":{"line":18,"column":24}},"6":{"start":{"line":22,"column":2},"end":{"line":22,"column":10}}},"branchMap":{"1":{"line":17,"type":"if","locations":[{"start":{"line":17,"column":8},"end":{"line":17,"column":8}},{"start":{"line":17,"column":8},"end":{"line":17,"column":8}}]}}},
"contracts/OwnedUpgradeabilityProxy.sol":{"l":{"33":252,"41":0,"42":0,"51":0,"52":0,"62":0,"63":0,"72":252,"73":252,"83":0,"84":0,"85":0,"93":0,"104":0,"105":0,"106":0,"114":0,"118":0,"126":0,"127":0,"137":0,"138":0,"148":0,"149":0,"150":0,"151":0,"155":0,"156":0,"158":0,"159":0,"160":0,"177":0,"178":0},"path":"/home/user/Documents/projects/hungama-heftyverse/contracts/OwnedUpgradeabilityProxy.sol","s":{"1":252,"2":0,"3":0,"4":0,"5":252,"6":0,"7":0,"8":0,"9":0,"10":0,"11":0,"12":0,"13":0,"14":0,"15":0,"16":0,"17":0,"18":0,"19":0,"20":0,"21":0,"22":0,"23":0,"24":0},"b":{"1":[0,0],"2":[0,0],"3":[0,0],"4":[0,0],"5":[0,0],"6":[0,0],"7":[0,0]},"f":{"1":252,"2":0,"3":0,"4":0,"5":252,"6":0,"7":0,"8":0,"9":0,"10":0,"11":0,"12":0,"13":0,"14":0},"fnMap":{"1":{"name":"constructor","line":32,"loc":{"start":{"line":32,"column":4},"end":{"line":34,"column":4}}},"2":{"name":"maintenance","line":40,"loc":{"start":{"line":40,"column":4},"end":{"line":45,"column":4}}},"3":{"name":"setMaintenance","line":50,"loc":{"start":{"line":50,"column":4},"end":{"line":55,"column":4}}},"4":{"name":"proxyOwner","line":61,"loc":{"start":{"line":61,"column":4},"end":{"line":66,"column":4}}},"5":{"name":"setUpgradeabilityOwner","line":71,"loc":{"start":{"line":71,"column":4},"end":{"line":76,"column":4}}},"6":{"name":"transferProxyOwnership","line":82,"loc":{"start":{"line":82,"column":4},"end":{"line":86,"column":4}}},"7":{"name":"upgradeTo","line":92,"loc":{"start":{"line":92,"column":4},"end":{"line":94,"column":4}}},"8":{"name":"upgradeToAndCall","line":103,"loc":{"start":{"line":103,"column":4},"end":{"line":107,"column":4}}},"9":{"name":null,"line":113,"loc":{"start":{"line":113,"column":4},"end":{"line":115,"column":4}}},"10":{"name":"implementation","line":125,"loc":{"start":{"line":125,"column":4},"end":{"line":130,"column":4}}},"11":{"name":"setImplementation","line":136,"loc":{"start":{"line":136,"column":4},"end":{"line":141,"column":4}}},"12":{"name":"_upgradeTo","line":147,"loc":{"start":{"line":147,"column":4},"end":{"line":152,"column":4}}},"13":{"name":"_fallback","line":154,"loc":{"start":{"line":154,"column":4},"end":{"line":171,"column":4}}},"14":{"name":"onlyProxyOwner","line":176,"loc":{"start":{"line":176,"column":4},"end":{"line":179,"column":4}}}},"statementMap":{"1":{"start":{"line":33,"column":8},"end":{"line":33,"column":41}},"2":{"start":{"line":41,"column":8},"end":{"line":41,"column":46}},"3":{"start":{"line":51,"column":8},"end":{"line":51,"column":46}},"4":{"start":{"line":62,"column":8},"end":{"line":62,"column":45}},"5":{"start":{"line":72,"column":8},"end":{"line":72,"column":45}},"6":{"start":{"line":83,"column":8},"end":{"line":83,"column":75}},"7":{"start":{"line":84,"column":8},"end":{"line":84,"column":62}},"8":{"start":{"line":85,"column":8},"end":{"line":85,"column":39}},"9":{"start":{"line":93,"column":8},"end":{"line":93,"column":36}},"10":{"start":{"line":104,"column":8},"end":{"line":104,"column":35}},"11":{"start":{"line":105,"column":8},"end":{"line":105,"column":71}},"12":{"start":{"line":106,"column":8},"end":{"line":106,"column":60}},"13":{"start":{"line":114,"column":8},"end":{"line":114,"column":18}},"14":{"start":{"line":126,"column":8},"end":{"line":126,"column":49}},"15":{"start":{"line":137,"column":8},"end":{"line":137,"column":49}},"16":{"start":{"line":148,"column":8},"end":{"line":148,"column":56}},"17":{"start":{"line":149,"column":8},"end":{"line":149,"column":95}},"18":{"start":{"line":150,"column":8},"end":{"line":150,"column":43}},"19":{"start":{"line":151,"column":8},"end":{"line":151,"column":40}},"20":{"start":{"line":155,"column":8},"end":{"line":155,"column":5589}},"21":{"start":{"line":156,"column":12},"end":{"line":156,"column":85}},"22":{"start":{"line":158,"column":8},"end":{"line":158,"column":40}},"23":{"start":{"line":159,"column":8},"end":{"line":159,"column":72}},"24":{"start":{"line":177,"column":8},"end":{"line":177,"column":81}}},"branchMap":{"1":{"line":83,"type":"if","locations":[{"start":{"line":83,"column":8},"end":{"line":83,"column":8}},{"start":{"line":83,"column":8},"end":{"line":83,"column":8}}]},"2":{"line":106,"type":"if","locations":[{"start":{"line":106,"column":8},"end":{"line":106,"column":8}},{"start":{"line":106,"column":8},"end":{"line":106,"column":8}}]},"3":{"line":149,"type":"if","locations":[{"start":{"line":149,"column":8},"end":{"line":149,"column":8}},{"start":{"line":149,"column":8},"end":{"line":149,"column":8}}]},"4":{"line":155,"type":"if","locations":[{"start":{"line":155,"column":8},"end":{"line":155,"column":8}},{"start":{"line":155,"column":8},"end":{"line":155,"column":8}}]},"5":{"line":156,"type":"if","locations":[{"start":{"line":156,"column":12},"end":{"line":156,"column":12}},{"start":{"line":156,"column":12},"end":{"line":156,"column":12}}]},"6":{"line":159,"type":"if","locations":[{"start":{"line":159,"column":8},"end":{"line":159,"column":8}},{"start":{"line":159,"column":8},"end":{"line":159,"column":8}}]},"7":{"line":177,"type":"if","locations":[{"start":{"line":177,"column":8},"end":{"line":177,"column":8}},{"start":{"line":177,"column":8},"end":{"line":177,"column":8}}]}}},
"contracts/Relayer/BasicMetaTransaction.sol":{"l":{"14":220,"15":220,"18":220,"35":0,"36":0,"39":0,"41":0,"42":0,"43":0,"47":0,"52":0,"58":0,"59":0,"60":0,"61":0,"65":1055,"66":0,"67":0,"68":0,"73":1055},"path":"/home/user/Documents/projects/hungama-heftyverse/contracts/Relayer/BasicMetaTransaction.sol","s":{"1":220,"2":220,"3":0,"4":0,"5":0,"6":0,"7":0,"8":0,"9":0,"10":0,"11":0,"12":0,"13":0,"14":0,"15":1055,"16":0,"17":0,"18":1055},"b":{"1":[0,0],"2":[0,0],"3":[0,0],"4":[0,1055]},"f":{"1":220,"2":0,"3":0,"4":0,"5":0,"6":1055},"fnMap":{"1":{"name":"getChainID","line":13,"loc":{"start":{"line":13,"column":4},"end":{"line":19,"column":4}}},"2":{"name":"executeMetaTransaction","line":32,"loc":{"start":{"line":32,"column":4},"end":{"line":44,"column":4}}},"3":{"name":"getNonce","line":46,"loc":{"start":{"line":46,"column":4},"end":{"line":48,"column":4}}},"4":{"name":"prefixed","line":51,"loc":{"start":{"line":51,"column":4},"end":{"line":53,"column":4}}},"5":{"name":"verify","line":55,"loc":{"start":{"line":55,"column":4},"end":{"line":62,"column":4}}},"6":{"name":"_msgSender","line":64,"loc":{"start":{"line":64,"column":4},"end":{"line":75,"column":4}}}},"statementMap":{"1":{"start":{"line":14,"column":8},"end":{"line":14,"column":18}},"2":{"start":{"line":18,"column":8},"end":{"line":18,"column":17}},"3":{"start":{"line":35,"column":8},"end":{"line":35,"column":144}},"4":{"start":{"line":36,"column":8},"end":{"line":36,"column":55}},"5":{"start":{"line":39,"column":8},"end":{"line":39,"column":118}},"6":{"start":{"line":41,"column":8},"end":{"line":41,"column":55}},"7":{"start":{"line":42,"column":8},"end":{"line":42,"column":89}},"8":{"start":{"line":43,"column":8},"end":{"line":43,"column":25}},"9":{"start":{"line":47,"column":8},"end":{"line":47,"column":27}},"10":{"start":{"line":52,"column":8},"end":{"line":52,"column":84}},"11":{"start":{"line":58,"column":8},"end":{"line":58,"column":101}},"12":{"start":{"line":59,"column":8},"end":{"line":59,"column":58}},"13":{"start":{"line":60,"column":8},"end":{"line":60,"column":57}},"14":{"start":{"line":61,"column":2},"end":{"line":61,"column":26}},"15":{"start":{"line":65,"column":8},"end":{"line":65,"column":2760}},"16":{"start":{"line":66,"column":12},"end":{"line":66,"column":41}},"17":{"start":{"line":67,"column":12},"end":{"line":67,"column":43}},"18":{"start":{"line":73,"column":12},"end":{"line":73,"column":29}}},"branchMap":{"1":{"line":35,"type":"if","locations":[{"start":{"line":35,"column":8},"end":{"line":35,"column":8}},{"start":{"line":35,"column":8},"end":{"line":35,"column":8}}]},"2":{"line":41,"type":"if","locations":[{"start":{"line":41,"column":8},"end":{"line":41,"column":8}},{"start":{"line":41,"column":8},"end":{"line":41,"column":8}}]},"3":{"line":60,"type":"if","locations":[{"start":{"line":60,"column":8},"end":{"line":60,"column":8}},{"start":{"line":60,"column":8},"end":{"line":60,"column":8}}]},"4":{"line":65,"type":"if","locations":[{"start":{"line":65,"column":8},"end":{"line":65,"column":8}},{"start":{"line":65,"column":8},"end":{"line":65,"column":8}}]}}},
"contracts/SingleMarket.sol":{"l":{"87":1092,"89":1092,"90":1092,"91":1092,"92":1092,"93":1092,"113":506,"114":502,"116":467,"117":467,"119":467,"120":137,"128":110,"136":110,"144":110,"158":4,"159":3,"160":3,"169":1100,"171":1099,"172":1098,"182":16,"184":14,"185":12,"186":6,"188":6,"198":8,"200":7,"201":6,"210":13,"211":13,"212":0,"213":0,"215":0,"217":13,"218":13,"220":11,"228":8,"230":7,"231":6,"243":502,"271":502,"272":502,"284":494,"312":494,"313":494,"332":502,"334":494,"336":478,"338":222,"344":221,"346":221,"349":256,"355":251,"357":248,"367":0,"387":137,"391":98,"394":98,"395":42,"401":42,"407":56,"413":56,"415":56,"423":63,"426":39,"430":39,"434":39,"437":39,"438":13,"446":26,"455":34,"483":110,"488":84,"490":84,"491":42,"496":42,"501":42,"506":42,"507":42,"514":63,"516":26,"519":26,"522":26,"525":26,"531":26,"532":13,"538":13,"546":23,"572":110,"574":84,"576":84,"577":42,"582":42,"583":42,"590":54,"592":26,"595":26,"598":26,"600":26,"606":26,"607":13,"613":13,"621":22,"647":110,"649":84,"651":84,"657":84,"658":42,"663":42,"664":42,"671":60,"673":26,"676":26,"679":26,"681":26,"687":26,"688":13,"694":13,"702":23,"721":299,"722":299,"723":299,"724":299,"726":0,"728":299,"730":299,"731":299,"747":117,"748":117,"749":117,"752":52,"758":52,"762":65,"771":65,"777":117,"780":117,"792":467,"793":467,"796":467},"path":"/home/user/Documents/projects/hungama-heftyverse/contracts/SingleMarket.sol","s":{"1":1092,"2":1092,"3":1092,"4":1092,"5":1092,"6":1092,"7":506,"8":502,"9":467,"10":467,"11":467,"12":137,"13":330,"14":110,"15":220,"16":110,"17":110,"18":4,"19":3,"20":3,"21":1100,"22":1099,"23":1098,"24":16,"25":14,"26":12,"27":6,"28":6,"29":8,"30":7,"31":6,"32":13,"33":13,"34":0,"35":0,"36":0,"37":13,"38":13,"39":11,"40":8,"41":7,"42":6,"43":502,"44":502,"45":502,"46":494,"47":494,"48":494,"49":502,"50":494,"51":478,"52":222,"53":221,"54":221,"55":256,"56":251,"57":248,"58":0,"59":137,"60":98,"61":98,"62":42,"63":42,"64":56,"65":56,"66":56,"67":63,"68":39,"69":39,"70":39,"71":39,"72":13,"73":26,"74":34,"75":110,"76":84,"77":84,"78":42,"79":42,"80":42,"81":42,"82":42,"83":63,"84":26,"85":26,"86":26,"87":26,"88":26,"89":13,"90":13,"91":23,"92":110,"93":84,"94":84,"95":42,"96":42,"97":42,"98":54,"99":26,"100":26,"101":26,"102":26,"103":26,"104":13,"105":13,"106":22,"107":110,"108":84,"109":84,"110":84,"111":42,"112":42,"113":42,"114":60,"115":26,"116":26,"117":26,"118":26,"119":26,"120":13,"121":13,"122":23,"123":299,"124":299,"125":299,"126":299,"127":0,"128":299,"129":299,"130":299,"131":299,"132":117,"133":117,"134":117,"135":52,"136":52,"137":65,"138":65,"139":117,"140":65,"141":52,"142":117,"143":467,"144":467,"145":247,"146":220,"147":467},"b":{"1":[502,4],"2":[467,0],"3":[137,330],"4":[110,220],"5":[110,110],"6":[3,1],"7":[1099,1],"8":[1098,1],"9":[14,2],"10":[12,2],"11":[6,6],"12":[7,1],"13":[6,1],"14":[0,13],"15":[0,0],"16":[7,1],"17":[6,1],"18":[494,8],"19":[478,16],"20":[222,256],"21":[221,1],"22":[221,0],"23":[220,1],"24":[251,5],"25":[248,3],"26":[247,1],"27":[98,39],"28":[42,56],"29":[13,26],"30":[84,26],"31":[42,42],"32":[13,13],"33":[84,26],"34":[42,42],"35":[13,13],"36":[84,26],"37":[42,42],"38":[13,13],"39":[299,0],"40":[299,0],"41":[299,0],"42":[299,0],"43":[52,65],"44":[52,0],"45":[65,0],"46":[65,52],"47":[247,220]},"f":{"1":1092,"2":506,"3":4,"4":1100,"5":16,"6":8,"7":13,"8":8,"9":502,"10":502,"11":494,"12":494,"13":502,"14":0,"15":137,"16":110,"17":110,"18":110,"19":299,"20":117,"21":467},"fnMap":{"1":{"name":"initialize","line":86,"loc":{"start":{"line":81,"column":4},"end":{"line":94,"column":4}}},"2":{"name":"Buy","line":105,"loc":{"start":{"line":105,"column":4},"end":{"line":151,"column":4}}},"3":{"name":"resetCounter","line":157,"loc":{"start":{"line":157,"column":4},"end":{"line":161,"column":4}}},"4":{"name":"setToken","line":167,"loc":{"start":{"line":167,"column":4},"end":{"line":173,"column":4}}},"5":{"name":"setWallet","line":180,"loc":{"start":{"line":180,"column":4},"end":{"line":190,"column":4}}},"6":{"name":"setMarketFee","line":196,"loc":{"start":{"line":196,"column":4},"end":{"line":202,"column":4}}},"7":{"name":"withdrawStuckToken","line":209,"loc":{"start":{"line":209,"column":4},"end":{"line":221,"column":4}}},"8":{"name":"transferAdminRole","line":227,"loc":{"start":{"line":227,"column":4},"end":{"line":232,"column":4}}},"9":{"name":"_hashSeller","line":238,"loc":{"start":{"line":238,"column":4},"end":{"line":259,"column":4}}},"10":{"name":"_verifySeller","line":266,"loc":{"start":{"line":266,"column":4},"end":{"line":273,"column":4}}},"11":{"name":"_hashBuyer","line":279,"loc":{"start":{"line":279,"column":4},"end":{"line":300,"column":4}}},"12":{"name":"_verifyBuyer","line":307,"loc":{"start":{"line":307,"column":4},"end":{"line":314,"column":4}}},"13":{"name":"verifyVoucherCreators","line":324,"loc":{"start":{"line":324,"column":4},"end":{"line":359,"column":4}}},"14":{"name":"_msgSender","line":361,"loc":{"start":{"line":361,"column":4},"end":{"line":368,"column":4}}},"15":{"name":"BuyCustodial2Custodial","line":380,"loc":{"start":{"line":380,"column":4},"end":{"line":464,"column":4}}},"16":{"name":"BuyCustodial2NonCustodial","line":476,"loc":{"start":{"line":476,"column":4},"end":{"line":553,"column":4}}},"17":{"name":"BuyNonCustodial2Custodial","line":565,"loc":{"start":{"line":565,"column":4},"end":{"line":628,"column":4}}},"18":{"name":"BuyNonCustodial2NonCustodial","line":640,"loc":{"start":{"line":640,"column":4},"end":{"line":709,"column":4}}},"19":{"name":"setCounter","line":716,"loc":{"start":{"line":716,"column":4},"end":{"line":732,"column":4}}},"20":{"name":"sendRoyalty","line":741,"loc":{"start":{"line":741,"column":4},"end":{"line":781,"column":4}}},"21":{"name":"takeMarketplaceFee","line":788,"loc":{"start":{"line":788,"column":4},"end":{"line":797,"column":4}}}},"statementMap":{"1":{"start":{"line":87,"column":8},"end":{"line":87,"column":50}},"2":{"start":{"line":89,"column":8},"end":{"line":89,"column":21}},"3":{"start":{"line":90,"column":8},"end":{"line":90,"column":35}},"4":{"start":{"line":91,"column":8},"end":{"line":91,"column":27}},"5":{"start":{"line":92,"column":8},"end":{"line":92,"column":40}},"6":{"start":{"line":93,"column":8},"end":{"line":93,"column":22}},"7":{"start":{"line":113,"column":8},"end":{"line":113,"column":56}},"8":{"start":{"line":114,"column":8},"end":{"line":114,"column":76}},"9":{"start":{"line":116,"column":8},"end":{"line":116,"column":57}},"10":{"start":{"line":117,"column":8},"end":{"line":117,"column":43}},"11":{"start":{"line":119,"column":8},"end":{"line":119,"column":4633}},"12":{"start":{"line":120,"column":12},"end":{"line":120,"column":4689}},"13":{"start":{"line":127,"column":13},"end":{"line":127,"column":4869}},"14":{"start":{"line":128,"column":12},"end":{"line":128,"column":4926}},"15":{"start":{"line":135,"column":13},"end":{"line":135,"column":5109}},"16":{"start":{"line":136,"column":12},"end":{"line":136,"column":5166}},"17":{"start":{"line":144,"column":12},"end":{"line":144,"column":5360}},"18":{"start":{"line":158,"column":8},"end":{"line":158,"column":48}},"19":{"start":{"line":159,"column":8},"end":{"line":159,"column":37}},"20":{"start":{"line":160,"column":8},"end":{"line":160,"column":42}},"21":{"start":{"line":169,"column":8},"end":{"line":169,"column":41}},"22":{"start":{"line":171,"column":8},"end":{"line":171,"column":42}},"23":{"start":{"line":172,"column":8},"end":{"line":172,"column":40}},"24":{"start":{"line":182,"column":8},"end":{"line":182,"column":41}},"25":{"start":{"line":184,"column":8},"end":{"line":184,"column":43}},"26":{"start":{"line":185,"column":8},"end":{"line":185,"column":6714}},"27":{"start":{"line":186,"column":12},"end":{"line":186,"column":33}},"28":{"start":{"line":188,"column":12},"end":{"line":188,"column":29}},"29":{"start":{"line":198,"column":8},"end":{"line":198,"column":41}},"30":{"start":{"line":200,"column":8},"end":{"line":200,"column":35}},"31":{"start":{"line":201,"column":8},"end":{"line":201,"column":23}},"32":{"start":{"line":210,"column":8},"end":{"line":210,"column":23}},"33":{"start":{"line":211,"column":8},"end":{"line":211,"column":7473}},"34":{"start":{"line":212,"column":12},"end":{"line":212,"column":42}},"35":{"start":{"line":213,"column":12},"end":{"line":213,"column":61}},"36":{"start":{"line":215,"column":12},"end":{"line":215,"column":32}},"37":{"start":{"line":217,"column":12},"end":{"line":217,"column":71}},"38":{"start":{"line":218,"column":12},"end":{"line":218,"column":61}},"39":{"start":{"line":220,"column":8},"end":{"line":220,"column":36}},"40":{"start":{"line":228,"column":8},"end":{"line":228,"column":41}},"41":{"start":{"line":230,"column":8},"end":{"line":230,"column":42}},"42":{"start":{"line":231,"column":8},"end":{"line":231,"column":21}},"43":{"start":{"line":243,"column":8},"end":{"line":243,"column":8521}},"44":{"start":{"line":271,"column":8},"end":{"line":271,"column":44}},"45":{"start":{"line":272,"column":8},"end":{"line":272,"column":65}},"46":{"start":{"line":284,"column":8},"end":{"line":284,"column":9895}},"47":{"start":{"line":312,"column":8},"end":{"line":312,"column":42}},"48":{"start":{"line":313,"column":8},"end":{"line":313,"column":64}},"49":{"start":{"line":332,"column":8},"end":{"line":332,"column":60}},"50":{"start":{"line":334,"column":8},"end":{"line":334,"column":56}},"51":{"start":{"line":336,"column":8},"end":{"line":336,"column":11798}},"52":{"start":{"line":338,"column":12},"end":{"line":338,"column":11861}},"53":{"start":{"line":344,"column":12},"end":{"line":344,"column":62}},"54":{"start":{"line":346,"column":12},"end":{"line":346,"column":56}},"55":{"start":{"line":349,"column":12},"end":{"line":349,"column":12276}},"56":{"start":{"line":355,"column":12},"end":{"line":355,"column":59}},"57":{"start":{"line":357,"column":12},"end":{"line":357,"column":57}},"58":{"start":{"line":367,"column":8},"end":{"line":367,"column":33}},"59":{"start":{"line":387,"column":8},"end":{"line":387,"column":13671}},"60":{"start":{"line":391,"column":12},"end":{"line":391,"column":54}},"61":{"start":{"line":394,"column":12},"end":{"line":394,"column":13921}},"62":{"start":{"line":395,"column":16},"end":{"line":395,"column":13957}},"63":{"start":{"line":401,"column":16},"end":{"line":401,"column":14164}},"64":{"start":{"line":407,"column":16},"end":{"line":407,"column":14341}},"65":{"start":{"line":413,"column":16},"end":{"line":413,"column":40}},"66":{"start":{"line":415,"column":16},"end":{"line":415,"column":14608}},"67":{"start":{"line":423,"column":12},"end":{"line":423,"column":72}},"68":{"start":{"line":426,"column":12},"end":{"line":426,"column":36}},"69":{"start":{"line":430,"column":12},"end":{"line":430,"column":75}},"70":{"start":{"line":434,"column":12},"end":{"line":434,"column":54}},"71":{"start":{"line":437,"column":12},"end":{"line":437,"column":15207}},"72":{"start":{"line":438,"column":16},"end":{"line":438,"column":15243}},"73":{"start":{"line":446,"column":16},"end":{"line":446,"column":15485}},"74":{"start":{"line":455,"column":12},"end":{"line":455,"column":15754}},"75":{"start":{"line":483,"column":8},"end":{"line":483,"column":16822}},"76":{"start":{"line":488,"column":12},"end":{"line":488,"column":55}},"77":{"start":{"line":490,"column":12},"end":{"line":490,"column":17069}},"78":{"start":{"line":491,"column":16},"end":{"line":491,"column":17105}},"79":{"start":{"line":496,"column":16},"end":{"line":496,"column":17298}},"80":{"start":{"line":501,"column":16},"end":{"line":501,"column":17459}},"81":{"start":{"line":506,"column":16},"end":{"line":506,"column":40}},"82":{"start":{"line":507,"column":16},"end":{"line":507,"column":17695}},"83":{"start":{"line":514,"column":12},"end":{"line":514,"column":72}},"84":{"start":{"line":516,"column":12},"end":{"line":516,"column":36}},"85":{"start":{"line":519,"column":12},"end":{"line":519,"column":76}},"86":{"start":{"line":522,"column":12},"end":{"line":522,"column":55}},"87":{"start":{"line":525,"column":12},"end":{"line":525,"column":18235}},"88":{"start":{"line":531,"column":12},"end":{"line":531,"column":18426}},"89":{"start":{"line":532,"column":16},"end":{"line":532,"column":18455}},"90":{"start":{"line":538,"column":16},"end":{"line":538,"column":18655}},"91":{"start":{"line":546,"column":12},"end":{"line":546,"column":18894}},"92":{"start":{"line":572,"column":8},"end":{"line":572,"column":19940}},"93":{"start":{"line":574,"column":12},"end":{"line":574,"column":54}},"94":{"start":{"line":576,"column":12},"end":{"line":576,"column":20122}},"95":{"start":{"line":577,"column":16},"end":{"line":577,"column":20158}},"96":{"start":{"line":582,"column":16},"end":{"line":582,"column":40}},"97":{"start":{"line":583,"column":16},"end":{"line":583,"column":20362}},"98":{"start":{"line":590,"column":12},"end":{"line":590,"column":72}},"99":{"start":{"line":592,"column":12},"end":{"line":592,"column":36}},"100":{"start":{"line":595,"column":12},"end":{"line":595,"column":75}},"101":{"start":{"line":598,"column":12},"end":{"line":598,"column":54}},"102":{"start":{"line":600,"column":12},"end":{"line":600,"column":20899}},"103":{"start":{"line":606,"column":12},"end":{"line":606,"column":21090}},"104":{"start":{"line":607,"column":16},"end":{"line":607,"column":21119}},"105":{"start":{"line":613,"column":16},"end":{"line":613,"column":21319}},"106":{"start":{"line":621,"column":12},"end":{"line":621,"column":21558}},"107":{"start":{"line":647,"column":8},"end":{"line":647,"column":22616}},"108":{"start":{"line":649,"column":12},"end":{"line":649,"column":55}},"109":{"start":{"line":651,"column":12},"end":{"line":651,"column":22799}},"110":{"start":{"line":657,"column":12},"end":{"line":657,"column":22974}},"111":{"start":{"line":658,"column":16},"end":{"line":658,"column":23010}},"112":{"start":{"line":663,"column":16},"end":{"line":663,"column":40}},"113":{"start":{"line":664,"column":16},"end":{"line":664,"column":23214}},"114":{"start":{"line":671,"column":12},"end":{"line":671,"column":72}},"115":{"start":{"line":673,"column":12},"end":{"line":673,"column":36}},"116":{"start":{"line":676,"column":12},"end":{"line":676,"column":76}},"117":{"start":{"line":679,"column":12},"end":{"line":679,"column":55}},"118":{"start":{"line":681,"column":12},"end":{"line":681,"column":23753}},"119":{"start":{"line":687,"column":12},"end":{"line":687,"column":23947}},"120":{"start":{"line":688,"column":16},"end":{"line":688,"column":23976}},"121":{"start":{"line":694,"column":16},"end":{"line":694,"column":24176}},"122":{"start":{"line":702,"column":12},"end":{"line":702,"column":24415}},"123":{"start":{"line":721,"column":8},"end":{"line":721,"column":51}},"124":{"start":{"line":722,"column":8},"end":{"line":722,"column":56}},"125":{"start":{"line":723,"column":8},"end":{"line":723,"column":25094}},"126":{"start":{"line":724,"column":12},"end":{"line":724,"column":53}},"127":{"start":{"line":726,"column":12},"end":{"line":726,"column":51}},"128":{"start":{"line":728,"column":8},"end":{"line":728,"column":39}},"129":{"start":{"line":730,"column":8},"end":{"line":730,"column":47}},"130":{"start":{"line":731,"column":8},"end":{"line":731,"column":65}},"131":{"start":{"line":731,"column":30},"end":{"line":731,"column":64}},"132":{"start":{"line":747,"column":8},"end":{"line":747,"column":24}},"133":{"start":{"line":748,"column":8},"end":{"line":748,"column":26}},"134":{"start":{"line":749,"column":8},"end":{"line":749,"column":26100}},"135":{"start":{"line":752,"column":12},"end":{"line":752,"column":26169}},"136":{"start":{"line":758,"column":12},"end":{"line":758,"column":26397}},"137":{"start":{"line":762,"column":12},"end":{"line":762,"column":26525}},"138":{"start":{"line":771,"column":12},"end":{"line":771,"column":26819}},"139":{"start":{"line":777,"column":8},"end":{"line":777,"column":26997}},"140":{"start":{"line":777,"column":26},"end":{"line":777,"column":78}},"141":{"start":{"line":778,"column":13},"end":{"line":778,"column":68}},"142":{"start":{"line":780,"column":8},"end":{"line":780,"column":28}},"143":{"start":{"line":792,"column":8},"end":{"line":792,"column":56}},"144":{"start":{"line":793,"column":8},"end":{"line":793,"column":27621}},"145":{"start":{"line":793,"column":26},"end":{"line":793,"column":72}},"146":{"start":{"line":794,"column":13},"end":{"line":794,"column":62}},"147":{"start":{"line":796,"column":8},"end":{"line":796,"column":18}}},"branchMap":{"1":{"line":113,"type":"if","locations":[{"start":{"line":113,"column":8},"end":{"line":113,"column":8}},{"start":{"line":113,"column":8},"end":{"line":113,"column":8}}]},"2":{"line":116,"type":"if","locations":[{"start":{"line":116,"column":8},"end":{"line":116,"column":8}},{"start":{"line":116,"column":8},"end":{"line":116,"column":8}}]},"3":{"line":119,"type":"if","locations":[{"start":{"line":119,"column":8},"end":{"line":119,"column":8}},{"start":{"line":119,"column":8},"end":{"line":119,"column":8}}]},"4":{"line":127,"type":"if","locations":[{"start":{"line":127,"column":13},"end":{"line":127,"column":13}},{"start":{"line":127,"column":13},"end":{"line":127,"column":13}}]},"5":{"line":135,"type":"if","locations":[{"start":{"line":135,"column":13},"end":{"line":135,"column":13}},{"start":{"line":135,"column":13},"end":{"line":135,"column":13}}]},"6":{"line":158,"type":"if","locations":[{"start":{"line":158,"column":8},"end":{"line":158,"column":8}},{"start":{"line":158,"column":8},"end":{"line":158,"column":8}}]},"7":{"line":169,"type":"if","locations":[{"start":{"line":169,"column":8},"end":{"line":169,"column":8}},{"start":{"line":169,"column":8},"end":{"line":169,"column":8}}]},"8":{"line":171,"type":"if","locations":[{"start":{"line":171,"column":8},"end":{"line":171,"column":8}},{"start":{"line":171,"column":8},"end":{"line":171,"column":8}}]},"9":{"line":182,"type":"if","locations":[{"start":{"line":182,"column":8},"end":{"line":182,"column":8}},{"start":{"line":182,"column":8},"end":{"line":182,"column":8}}]},"10":{"line":184,"type":"if","locations":[{"start":{"line":184,"column":8},"end":{"line":184,"column":8}},{"start":{"line":184,"column":8},"end":{"line":184,"column":8}}]},"11":{"line":185,"type":"if","locations":[{"start":{"line":185,"column":8},"end":{"line":185,"column":8}},{"start":{"line":185,"column":8},"end":{"line":185,"column":8}}]},"12":{"line":198,"type":"if","locations":[{"start":{"line":198,"column":8},"end":{"line":198,"column":8}},{"start":{"line":198,"column":8},"end":{"line":198,"column":8}}]},"13":{"line":200,"type":"if","locations":[{"start":{"line":200,"column":8},"end":{"line":200,"column":8}},{"start":{"line":200,"column":8},"end":{"line":200,"column":8}}]},"14":{"line":211,"type":"if","locations":[{"start":{"line":211,"column":8},"end":{"line":211,"column":8}},{"start":{"line":211,"column":8},"end":{"line":211,"column":8}}]},"15":{"line":215,"type":"if","locations":[{"start":{"line":215,"column":12},"end":{"line":215,"column":12}},{"start":{"line":215,"column":12},"end":{"line":215,"column":12}}]},"16":{"line":228,"type":"if","locations":[{"start":{"line":228,"column":8},"end":{"line":228,"column":8}},{"start":{"line":228,"column":8},"end":{"line":228,"column":8}}]},"17":{"line":230,"type":"if","locations":[{"start":{"line":230,"column":8},"end":{"line":230,"column":8}},{"start":{"line":230,"column":8},"end":{"line":230,"column":8}}]},"18":{"line":332,"type":"if","locations":[{"start":{"line":332,"column":8},"end":{"line":332,"column":8}},{"start":{"line":332,"column":8},"end":{"line":332,"column":8}}]},"19":{"line":334,"type":"if","locations":[{"start":{"line":334,"column":8},"end":{"line":334,"column":8}},{"start":{"line":334,"column":8},"end":{"line":334,"column":8}}]},"20":{"line":336,"type":"if","locations":[{"start":{"line":336,"column":8},"end":{"line":336,"column":8}},{"start":{"line":336,"column":8},"end":{"line":336,"column":8}}]},"21":{"line":338,"type":"if","locations":[{"start":{"line":338,"column":12},"end":{"line":338,"column":12}},{"start":{"line":338,"column":12},"end":{"line":338,"column":12}}]},"22":{"line":344,"type":"if","locations":[{"start":{"line":344,"column":12},"end":{"line":344,"column":12}},{"start":{"line":344,"column":12},"end":{"line":344,"column":12}}]},"23":{"line":346,"type":"if","locations":[{"start":{"line":346,"column":12},"end":{"line":346,"column":12}},{"start":{"line":346,"column":12},"end":{"line":346,"column":12}}]},"24":{"line":349,"type":"if","locations":[{"start":{"line":349,"column":12},"end":{"line":349,"column":12}},{"start":{"line":349,"column":12},"end":{"line":349,"column":12}}]},"25":{"line":355,"type":"if","locations":[{"start":{"line":355,"column":12},"end":{"line":355,"column":12}},{"start":{"line":355,"column":12},"end":{"line":355,"column":12}}]},"26":{"line":357,"type":"if","locations":[{"start":{"line":357,"column":12},"end":{"line":357,"column":12}},{"start":{"line":357,"column":12},"end":{"line":357,"column":12}}]},"27":{"line":387,"type":"if","locations":[{"start":{"line":387,"column":8},"end":{"line":387,"column":8}},{"start":{"line":387,"column":8},"end":{"line":387,"column":8}}]},"28":{"line":394,"type":"if","locations":[{"start":{"line":394,"column":12},"end":{"line":394,"column":12}},{"start":{"line":394,"column":12},"end":{"line":394,"column":12}}]},"29":{"line":437,"type":"if","locations":[{"start":{"line":437,"column":12},"end":{"line":437,"column":12}},{"start":{"line":437,"column":12},"end":{"line":437,"column":12}}]},"30":{"line":483,"type":"if","locations":[{"start":{"line":483,"column":8},"end":{"line":483,"column":8}},{"start":{"line":483,"column":8},"end":{"line":483,"column":8}}]},"31":{"line":490,"type":"if","locations":[{"start":{"line":490,"column":12},"end":{"line":490,"column":12}},{"start":{"line":490,"column":12},"end":{"line":490,"column":12}}]},"32":{"line":531,"type":"if","locations":[{"start":{"line":531,"column":12},"end":{"line":531,"column":12}},{"start":{"line":531,"column":12},"end":{"line":531,"column":12}}]},"33":{"line":572,"type":"if","locations":[{"start":{"line":572,"column":8},"end":{"line":572,"column":8}},{"start":{"line":572,"column":8},"end":{"line":572,"column":8}}]},"34":{"line":576,"type":"if","locations":[{"start":{"line":576,"column":12},"end":{"line":576,"column":12}},{"start":{"line":576,"column":12},"end":{"line":576,"column":12}}]},"35":{"line":606,"type":"if","locations":[{"start":{"line":606,"column":12},"end":{"line":606,"column":12}},{"start":{"line":606,"column":12},"end":{"line":606,"column":12}}]},"36":{"line":647,"type":"if","locations":[{"start":{"line":647,"column":8},"end":{"line":647,"column":8}},{"start":{"line":647,"column":8},"end":{"line":647,"column":8}}]},"37":{"line":657,"type":"if","locations":[{"start":{"line":657,"column":12},"end":{"line":657,"column":12}},{"start":{"line":657,"column":12},"end":{"line":657,"column":12}}]},"38":{"line":687,"type":"if","locations":[{"start":{"line":687,"column":12},"end":{"line":687,"column":12}},{"start":{"line":687,"column":12},"end":{"line":687,"column":12}}]},"39":{"line":721,"type":"if","locations":[{"start":{"line":721,"column":8},"end":{"line":721,"column":8}},{"start":{"line":721,"column":8},"end":{"line":721,"column":8}}]},"40":{"line":723,"type":"if","locations":[{"start":{"line":723,"column":8},"end":{"line":723,"column":8}},{"start":{"line":723,"column":8},"end":{"line":723,"column":8}}]},"41":{"line":728,"type":"if","locations":[{"start":{"line":728,"column":8},"end":{"line":728,"column":8}},{"start":{"line":728,"column":8},"end":{"line":728,"column":8}}]},"42":{"line":731,"type":"if","locations":[{"start":{"line":731,"column":8},"end":{"line":731,"column":8}},{"start":{"line":731,"column":8},"end":{"line":731,"column":8}}]},"43":{"line":749,"type":"if","locations":[{"start":{"line":749,"column":8},"end":{"line":749,"column":8}},{"start":{"line":749,"column":8},"end":{"line":749,"column":8}}]},"44":{"line":752,"type":"if","locations":[{"start":{"line":752,"column":12},"end":{"line":752,"column":12}},{"start":{"line":752,"column":12},"end":{"line":752,"column":12}}]},"45":{"line":762,"type":"if","locations":[{"start":{"line":762,"column":12},"end":{"line":762,"column":12}},{"start":{"line":762,"column":12},"end":{"line":762,"column":12}}]},"46":{"line":777,"type":"if","locations":[{"start":{"line":777,"column":8},"end":{"line":777,"column":8}},{"start":{"line":777,"column":8},"end":{"line":777,"column":8}}]},"47":{"line":793,"type":"if","locations":[{"start":{"line":793,"column":8},"end":{"line":793,"column":8}},{"start":{"line":793,"column":8},"end":{"line":793,"column":8}}]}}},
"contracts/Template1155.sol":{"l":{"52":1484,"53":1484,"54":1484,"55":1484,"56":1484,"57":1484,"58":1484,"67":0,"68":0,"69":0,"70":0,"72":0,"74":0,"75":0,"77":0,"85":5,"86":4,"87":3,"95":5,"96":4,"97":3,"110":276,"111":275,"112":274,"113":274,"114":273,"116":273,"117":235,"119":38,"120":38,"122":273,"123":273,"124":273,"132":273,"141":0,"154":338,"155":91,"159":337,"172":13,"173":13,"177":12,"189":274,"218":274,"219":274,"228":897,"248":273,"249":273,"250":273,"251":196},"path":"/home/user/Documents/projects/hungama-heftyverse/contracts/Template1155.sol","s":{"1":1484,"2":1484,"3":1484,"4":1484,"5":1484,"6":1484,"7":1484,"8":0,"9":0,"10":0,"11":0,"12":0,"13":0,"14":0,"15":0,"16":5,"17":4,"18":3,"19":5,"20":4,"21":3,"22":276,"23":275,"24":274,"25":274,"26":273,"27":273,"28":235,"29":38,"30":38,"31":273,"32":234,"33":273,"34":273,"35":273,"36":0,"37":338,"38":91,"39":337,"40":13,"41":13,"42":12,"43":274,"44":274,"45":274,"46":897,"47":273,"48":273,"49":273,"50":196},"b":{"1":[0,0],"2":[0,0],"3":[4,1],"4":[3,1],"5":[4,1],"6":[3,1],"7":[275,1],"8":[274,1],"9":[273,1],"10":[235,38],"11":[38,0],"12":[234,39],"13":[91,247],"14":[90,1],"15":[13,0],"16":[12,1],"17":[196,77]},"f":{"1":1484,"2":0,"3":5,"4":5,"5":276,"6":0,"7":338,"8":13,"9":274,"10":274,"11":897,"12":273},"fnMap":{"1":{"name":"initialize","line":51,"loc":{"start":{"line":46,"column":4},"end":{"line":59,"column":4}}},"2":{"name":"withdrawStuckToken","line":66,"loc":{"start":{"line":66,"column":4},"end":{"line":78,"column":4}}},"3":{"name":"setAdmin","line":84,"loc":{"start":{"line":84,"column":4},"end":{"line":88,"column":4}}},"4":{"name":"setCreator","line":94,"loc":{"start":{"line":94,"column":4},"end":{"line":98,"column":4}}},"5":{"name":"redeem","line":105,"loc":{"start":{"line":105,"column":4},"end":{"line":133,"column":4}}},"6":{"name":"supportsInterface","line":135,"loc":{"start":{"line":135,"column":4},"end":{"line":142,"column":4}}},"7":{"name":"safeTransferFrom","line":147,"loc":{"start":{"line":147,"column":4},"end":{"line":160,"column":4}}},"8":{"name":"safeBatchTransferFrom","line":165,"loc":{"start":{"line":165,"column":4},"end":{"line":178,"column":4}}},"9":{"name":"_hash","line":184,"loc":{"start":{"line":184,"column":4},"end":{"line":206,"column":4}}},"10":{"name":"_verify","line":213,"loc":{"start":{"line":213,"column":4},"end":{"line":220,"column":4}}},"11":{"name":"_msgSender","line":222,"loc":{"start":{"line":222,"column":4},"end":{"line":229,"column":4}}},"12":{"name":"MintNFT","line":240,"loc":{"start":{"line":240,"column":4},"end":{"line":253,"column":4}}}},"statementMap":{"1":{"start":{"line":52,"column":8},"end":{"line":52,"column":26}},"2":{"start":{"line":53,"column":8},"end":{"line":53,"column":33}},"3":{"start":{"line":54,"column":8},"end":{"line":54,"column":23}},"4":{"start":{"line":55,"column":8},"end":{"line":55,"column":51}},"5":{"start":{"line":56,"column":8},"end":{"line":56,"column":21}},"6":{"start":{"line":57,"column":8},"end":{"line":57,"column":25}},"7":{"start":{"line":58,"column":8},"end":{"line":58,"column":25}},"8":{"start":{"line":67,"column":8},"end":{"line":67,"column":23}},"9":{"start":{"line":68,"column":8},"end":{"line":68,"column":2430}},"10":{"start":{"line":69,"column":12},"end":{"line":69,"column":42}},"11":{"start":{"line":70,"column":12},"end":{"line":70,"column":61}},"12":{"start":{"line":72,"column":12},"end":{"line":72,"column":32}},"13":{"start":{"line":74,"column":12},"end":{"line":74,"column":71}},"14":{"start":{"line":75,"column":12},"end":{"line":75,"column":61}},"15":{"start":{"line":77,"column":8},"end":{"line":77,"column":36}},"16":{"start":{"line":85,"column":8},"end":{"line":85,"column":41}},"17":{"start":{"line":86,"column":8},"end":{"line":86,"column":42}},"18":{"start":{"line":87,"column":8},"end":{"line":87,"column":21}},"19":{"start":{"line":95,"column":8},"end":{"line":95,"column":41}},"20":{"start":{"line":96,"column":8},"end":{"line":96,"column":44}},"21":{"start":{"line":97,"column":8},"end":{"line":97,"column":25}},"22":{"start":{"line":110,"column":8},"end":{"line":110,"column":56}},"23":{"start":{"line":111,"column":8},"end":{"line":111,"column":58}},"24":{"start":{"line":112,"column":8},"end":{"line":112,"column":42}},"25":{"start":{"line":113,"column":8},"end":{"line":113,"column":58}},"26":{"start":{"line":114,"column":8},"end":{"line":114,"column":48}},"27":{"start":{"line":116,"column":8},"end":{"line":116,"column":4251}},"28":{"start":{"line":117,"column":12},"end":{"line":117,"column":42}},"29":{"start":{"line":119,"column":12},"end":{"line":119,"column":36}},"30":{"start":{"line":120,"column":12},"end":{"line":120,"column":31}},"31":{"start":{"line":122,"column":8},"end":{"line":122,"column":63}},"32":{"start":{"line":122,"column":23},"end":{"line":122,"column":62}},"33":{"start":{"line":123,"column":8},"end":{"line":123,"column":42}},"34":{"start":{"line":124,"column":8},"end":{"line":124,"column":4560}},"35":{"start":{"line":132,"column":8},"end":{"line":132,"column":71}},"36":{"start":{"line":141,"column":8},"end":{"line":141,"column":51}},"37":{"start":{"line":154,"column":8},"end":{"line":154,"column":5376}},"38":{"start":{"line":155,"column":12},"end":{"line":155,"column":5438}},"39":{"start":{"line":159,"column":8},"end":{"line":159,"column":52}},"40":{"start":{"line":172,"column":8},"end":{"line":172,"column":6013}},"41":{"start":{"line":173,"column":12},"end":{"line":173,"column":6075}},"42":{"start":{"line":177,"column":8},"end":{"line":177,"column":59}},"43":{"start":{"line":189,"column":8},"end":{"line":189,"column":6577}},"44":{"start":{"line":218,"column":8},"end":{"line":218,"column":39}},"45":{"start":{"line":219,"column":8},"end":{"line":219,"column":66}},"46":{"start":{"line":228,"column":8},"end":{"line":228,"column":33}},"47":{"start":{"line":248,"column":8},"end":{"line":248,"column":41}},"48":{"start":{"line":249,"column":8},"end":{"line":249,"column":33}},"49":{"start":{"line":250,"column":8},"end":{"line":250,"column":8631}},"50":{"start":{"line":251,"column":12},"end":{"line":251,"column":64}}},"branchMap":{"1":{"line":68,"type":"if","locations":[{"start":{"line":68,"column":8},"end":{"line":68,"column":8}},{"start":{"line":68,"column":8},"end":{"line":68,"column":8}}]},"2":{"line":72,"type":"if","locations":[{"start":{"line":72,"column":12},"end":{"line":72,"column":12}},{"start":{"line":72,"column":12},"end":{"line":72,"column":12}}]},"3":{"line":85,"type":"if","locations":[{"start":{"line":85,"column":8},"end":{"line":85,"column":8}},{"start":{"line":85,"column":8},"end":{"line":85,"column":8}}]},"4":{"line":86,"type":"if","locations":[{"start":{"line":86,"column":8},"end":{"line":86,"column":8}},{"start":{"line":86,"column":8},"end":{"line":86,"column":8}}]},"5":{"line":95,"type":"if","locations":[{"start":{"line":95,"column":8},"end":{"line":95,"column":8}},{"start":{"line":95,"column":8},"end":{"line":95,"column":8}}]},"6":{"line":96,"type":"if","locations":[{"start":{"line":96,"column":8},"end":{"line":96,"column":8}},{"start":{"line":96,"column":8},"end":{"line":96,"column":8}}]},"7":{"line":110,"type":"if","locations":[{"start":{"line":110,"column":8},"end":{"line":110,"column":8}},{"start":{"line":110,"column":8},"end":{"line":110,"column":8}}]},"8":{"line":111,"type":"if","locations":[{"start":{"line":111,"column":8},"end":{"line":111,"column":8}},{"start":{"line":111,"column":8},"end":{"line":111,"column":8}}]},"9":{"line":113,"type":"if","locations":[{"start":{"line":113,"column":8},"end":{"line":113,"column":8}},{"start":{"line":113,"column":8},"end":{"line":113,"column":8}}]},"10":{"line":116,"type":"if","locations":[{"start":{"line":116,"column":8},"end":{"line":116,"column":8}},{"start":{"line":116,"column":8},"end":{"line":116,"column":8}}]},"11":{"line":119,"type":"if","locations":[{"start":{"line":119,"column":12},"end":{"line":119,"column":12}},{"start":{"line":119,"column":12},"end":{"line":119,"column":12}}]},"12":{"line":122,"type":"if","locations":[{"start":{"line":122,"column":8},"end":{"line":122,"column":8}},{"start":{"line":122,"column":8},"end":{"line":122,"column":8}}]},"13":{"line":154,"type":"if","locations":[{"start":{"line":154,"column":8},"end":{"line":154,"column":8}},{"start":{"line":154,"column":8},"end":{"line":154,"column":8}}]},"14":{"line":155,"type":"if","locations":[{"start":{"line":155,"column":12},"end":{"line":155,"column":12}},{"start":{"line":155,"column":12},"end":{"line":155,"column":12}}]},"15":{"line":172,"type":"if","locations":[{"start":{"line":172,"column":8},"end":{"line":172,"column":8}},{"start":{"line":172,"column":8},"end":{"line":172,"column":8}}]},"16":{"line":173,"type":"if","locations":[{"start":{"line":173,"column":12},"end":{"line":173,"column":12}},{"start":{"line":173,"column":12},"end":{"line":173,"column":12}}]},"17":{"line":250,"type":"if","locations":[{"start":{"line":250,"column":8},"end":{"line":250,"column":8}},{"start":{"line":250,"column":8},"end":{"line":250,"column":8}}]}}},
"contracts/Template721.sol":{"l":{"57":1386,"58":1386,"59":1386,"60":1386,"62":1386,"63":1386,"64":1386,"65":1386,"76":184,"77":183,"78":183,"79":182,"86":182,"95":0,"96":0,"97":0,"98":0,"100":0,"102":0,"103":0,"105":0,"113":5,"114":4,"115":3,"123":5,"124":4,"125":3,"133":1,"144":234,"145":14,"150":233,"159":0,"171":183,"198":183,"199":183,"208":158,"226":182,"227":182,"228":182,"229":182,"230":182,"231":169},"path":"/home/user/Documents/projects/hungama-heftyverse/contracts/Template721.sol","s":{"1":1386,"2":1386,"3":1386,"4":1386,"5":1386,"6":1386,"7":1386,"8":1386,"9":184,"10":183,"11":183,"12":182,"13":182,"14":0,"15":0,"16":0,"17":0,"18":0,"19":0,"20":0,"21":0,"22":5,"23":4,"24":3,"25":5,"26":4,"27":3,"28":1,"29":234,"30":14,"31":233,"32":0,"33":183,"34":183,"35":183,"36":158,"37":182,"38":182,"39":182,"40":182,"41":169},"b":{"1":[183,1],"2":[182,1],"3":[0,0],"4":[0,0],"5":[4,1],"6":[3,1],"7":[4,1],"8":[3,1],"9":[14,220],"10":[13,1],"11":[182,0],"12":[169,13]},"f":{"1":1386,"2":184,"3":0,"4":5,"5":5,"6":1,"7":234,"8":0,"9":183,"10":183,"11":158,"12":182},"fnMap":{"1":{"name":"initialize","line":56,"loc":{"start":{"line":49,"column":4},"end":{"line":66,"column":4}}},"2":{"name":"redeem","line":73,"loc":{"start":{"line":73,"column":4},"end":{"line":87,"column":4}}},"3":{"name":"withdrawStuckToken","line":94,"loc":{"start":{"line":94,"column":4},"end":{"line":106,"column":4}}},"4":{"name":"setAdmin","line":112,"loc":{"start":{"line":112,"column":4},"end":{"line":116,"column":4}}},"5":{"name":"setCreator","line":122,"loc":{"start":{"line":122,"column":4},"end":{"line":126,"column":4}}},"6":{"name":"exists","line":132,"loc":{"start":{"line":132,"column":4},"end":{"line":134,"column":4}}},"7":{"name":"transferFrom","line":139,"loc":{"start":{"line":139,"column":4},"end":{"line":151,"column":4}}},"8":{"name":"supportsInterface","line":153,"loc":{"start":{"line":153,"column":4},"end":{"line":160,"column":4}}},"9":{"name":"_hash","line":166,"loc":{"start":{"line":166,"column":4},"end":{"line":186,"column":4}}},"10":{"name":"_verify","line":193,"loc":{"start":{"line":193,"column":4},"end":{"line":200,"column":4}}},"11":{"name":"_msgSender","line":202,"loc":{"start":{"line":202,"column":4},"end":{"line":209,"column":4}}},"12":{"name":"MintNFT","line":219,"loc":{"start":{"line":219,"column":4},"end":{"line":233,"column":4}}}},"statementMap":{"1":{"start":{"line":57,"column":8},"end":{"line":57,"column":36}},"2":{"start":{"line":58,"column":8},"end":{"line":58,"column":32}},"3":{"start":{"line":59,"column":8},"end":{"line":59,"column":23}},"4":{"start":{"line":60,"column":8},"end":{"line":60,"column":51}},"5":{"start":{"line":62,"column":8},"end":{"line":62,"column":21}},"6":{"start":{"line":63,"column":8},"end":{"line":63,"column":25}},"7":{"start":{"line":64,"column":8},"end":{"line":64,"column":25}},"8":{"start":{"line":65,"column":8},"end":{"line":65,"column":29}},"9":{"start":{"line":76,"column":8},"end":{"line":76,"column":58}},"10":{"start":{"line":77,"column":8},"end":{"line":77,"column":42}},"11":{"start":{"line":78,"column":8},"end":{"line":78,"column":58}},"12":{"start":{"line":79,"column":8},"end":{"line":79,"column":2767}},"13":{"start":{"line":86,"column":8},"end":{"line":86,"column":55}},"14":{"start":{"line":95,"column":8},"end":{"line":95,"column":23}},"15":{"start":{"line":96,"column":8},"end":{"line":96,"column":3305}},"16":{"start":{"line":97,"column":12},"end":{"line":97,"column":42}},"17":{"start":{"line":98,"column":12},"end":{"line":98,"column":61}},"18":{"start":{"line":100,"column":12},"end":{"line":100,"column":32}},"19":{"start":{"line":102,"column":12},"end":{"line":102,"column":71}},"20":{"start":{"line":103,"column":12},"end":{"line":103,"column":61}},"21":{"start":{"line":105,"column":8},"end":{"line":105,"column":36}},"22":{"start":{"line":113,"column":8},"end":{"line":113,"column":41}},"23":{"start":{"line":114,"column":8},"end":{"line":114,"column":42}},"24":{"start":{"line":115,"column":8},"end":{"line":115,"column":21}},"25":{"start":{"line":123,"column":8},"end":{"line":123,"column":41}},"26":{"start":{"line":124,"column":8},"end":{"line":124,"column":44}},"27":{"start":{"line":125,"column":8},"end":{"line":125,"column":25}},"28":{"start":{"line":133,"column":8},"end":{"line":133,"column":31}},"29":{"start":{"line":144,"column":8},"end":{"line":144,"column":4872}},"30":{"start":{"line":145,"column":12},"end":{"line":145,"column":4934}},"31":{"start":{"line":150,"column":8},"end":{"line":150,"column":35}},"32":{"start":{"line":159,"column":8},"end":{"line":159,"column":51}},"33":{"start":{"line":171,"column":8},"end":{"line":171,"column":5643}},"34":{"start":{"line":198,"column":8},"end":{"line":198,"column":39}},"35":{"start":{"line":199,"column":8},"end":{"line":199,"column":66}},"36":{"start":{"line":208,"column":8},"end":{"line":208,"column":33}},"37":{"start":{"line":226,"column":8},"end":{"line":226,"column":73}},"38":{"start":{"line":227,"column":8},"end":{"line":227,"column":33}},"39":{"start":{"line":228,"column":8},"end":{"line":228,"column":38}},"40":{"start":{"line":230,"column":8},"end":{"line":230,"column":7602}},"41":{"start":{"line":231,"column":12},"end":{"line":231,"column":64}}},"branchMap":{"1":{"line":76,"type":"if","locations":[{"start":{"line":76,"column":8},"end":{"line":76,"column":8}},{"start":{"line":76,"column":8},"end":{"line":76,"column":8}}]},"2":{"line":78,"type":"if","locations":[{"start":{"line":78,"column":8},"end":{"line":78,"column":8}},{"start":{"line":78,"column":8},"end":{"line":78,"column":8}}]},"3":{"line":96,"type":"if","locations":[{"start":{"line":96,"column":8},"end":{"line":96,"column":8}},{"start":{"line":96,"column":8},"end":{"line":96,"column":8}}]},"4":{"line":100,"type":"if","locations":[{"start":{"line":100,"column":12},"end":{"line":100,"column":12}},{"start":{"line":100,"column":12},"end":{"line":100,"column":12}}]},"5":{"line":113,"type":"if","locations":[{"start":{"line":113,"column":8},"end":{"line":113,"column":8}},{"start":{"line":113,"column":8},"end":{"line":113,"column":8}}]},"6":{"line":114,"type":"if","locations":[{"start":{"line":114,"column":8},"end":{"line":114,"column":8}},{"start":{"line":114,"column":8},"end":{"line":114,"column":8}}]},"7":{"line":123,"type":"if","locations":[{"start":{"line":123,"column":8},"end":{"line":123,"column":8}},{"start":{"line":123,"column":8},"end":{"line":123,"column":8}}]},"8":{"line":124,"type":"if","locations":[{"start":{"line":124,"column":8},"end":{"line":124,"column":8}},{"start":{"line":124,"column":8},"end":{"line":124,"column":8}}]},"9":{"line":144,"type":"if","locations":[{"start":{"line":144,"column":8},"end":{"line":144,"column":8}},{"start":{"line":144,"column":8},"end":{"line":144,"column":8}}]},"10":{"line":145,"type":"if","locations":[{"start":{"line":145,"column":12},"end":{"line":145,"column":12}},{"start":{"line":145,"column":12},"end":{"line":145,"column":12}}]},"11":{"line":226,"type":"if","locations":[{"start":{"line":226,"column":8},"end":{"line":226,"column":8}},{"start":{"line":226,"column":8},"end":{"line":226,"column":8}}]},"12":{"line":230,"type":"if","locations":[{"start":{"line":230,"column":8},"end":{"line":230,"column":8}},{"start":{"line":230,"column":8},"end":{"line":230,"column":8}}]}}}}
