TN:
SF:/home/user/Documents/projects/hungama-heftyverse/contracts/Airdrop.sol
FN:42,initialize
FN:62,MintNFT
FN:84,withdrawStuckToken
FN:102,setAdmin
FN:112,setCreator
FN:118,supportsInterface
FN:130,safeTransferFrom
FN:148,safeBatchTransferFrom
FN:163,bulkTransfer
FN:180,_msgSender
FNF:10
FNH:0
FNDA:0,initialize
FNDA:0,MintNFT
FNDA:0,withdrawStuckToken
FNDA:0,setAdmin
FNDA:0,setCreator
FNDA:0,supportsInterface
FNDA:0,safeTransferFrom
FNDA:0,safeBatchTransferFrom
FNDA:0,bulkTransfer
FNDA:0,_msgSender
DA:43,0
DA:44,0
DA:45,0
DA:46,0
DA:48,0
DA:49,0
DA:50,0
DA:71,0
DA:72,0
DA:73,0
DA:74,0
DA:75,0
DA:85,0
DA:86,0
DA:87,0
DA:88,0
DA:90,0
DA:92,0
DA:93,0
DA:95,0
DA:103,0
DA:104,0
DA:105,0
DA:113,0
DA:114,0
DA:115,0
DA:124,0
DA:137,0
DA:138,0
DA:142,0
DA:155,0
DA:156,0
DA:160,0
DA:169,0
DA:174,0
DA:175,0
DA:176,0
DA:186,0
LF:38
LH:0
BRDA:71,1,0,0
BRDA:71,1,1,0
BRDA:74,2,0,0
BRDA:74,2,1,0
BRDA:86,3,0,0
BRDA:86,3,1,0
BRDA:90,4,0,0
BRDA:90,4,1,0
BRDA:103,5,0,0
BRDA:103,5,1,0
BRDA:104,6,0,0
BRDA:104,6,1,0
BRDA:113,7,0,0
BRDA:113,7,1,0
BRDA:114,8,0,0
BRDA:114,8,1,0
BRDA:137,9,0,0
BRDA:137,9,1,0
BRDA:138,10,0,0
BRDA:138,10,1,0
BRDA:155,11,0,0
BRDA:155,11,1,0
BRDA:156,12,0,0
BRDA:156,12,1,0
BRDA:169,13,0,0
BRDA:169,13,1,0
BRDA:174,14,0,0
BRDA:174,14,1,0
BRF:28
BRH:0
end_of_record
TN:
SF:/home/user/Documents/projects/hungama-heftyverse/contracts/Factory.sol
FN:53,initialize
FN:69,create721Token
FN:103,create1155Token
FN:131,predictNFTContractAddress
FN:150,updateTemplate721
FN:160,updateTemplate1155
FN:170,updateMarketplace
FN:180,updateAdmin
FN:191,updateOperator
FN:202,withdrawStuckToken
FNF:10
FNH:8
FNDA:1092,initialize
FNDA:295,create721Token
FNDA:394,create1155Token
FNDA:0,predictNFTContractAddress
FNDA:5,updateTemplate721
FNDA:5,updateTemplate1155
FNDA:5,updateMarketplace
FNDA:5,updateAdmin
FNDA:5,updateOperator
FNDA:0,withdrawStuckToken
DA:54,1092
DA:55,1092
DA:56,1092
DA:57,1092
DA:58,1092
DA:76,295
DA:77,294
DA:78,294
DA:79,294
DA:83,294
DA:84,294
DA:85,294
DA:94,252
DA:108,394
DA:109,392
DA:110,392
DA:111,392
DA:115,392
DA:116,392
DA:118,392
DA:125,308
DA:137,0
DA:138,0
DA:151,5
DA:152,4
DA:153,3
DA:161,5
DA:162,4
DA:163,3
DA:171,5
DA:172,4
DA:173,3
DA:181,5
DA:182,4
DA:183,3
DA:192,5
DA:193,4
DA:194,3
DA:203,0
DA:204,0
DA:205,0
DA:206,0
DA:208,0
DA:210,0
DA:211,0
DA:213,0
LF:46
LH:36
BRDA:76,1,0,294
BRDA:76,1,1,1
BRDA:108,2,0,392
BRDA:108,2,1,2
BRDA:151,3,0,4
BRDA:151,3,1,1
BRDA:152,4,0,3
BRDA:152,4,1,1
BRDA:161,5,0,4
BRDA:161,5,1,1
BRDA:162,6,0,3
BRDA:162,6,1,1
BRDA:171,7,0,4
BRDA:171,7,1,1
BRDA:172,8,0,3
BRDA:172,8,1,1
BRDA:181,9,0,4
BRDA:181,9,1,1
BRDA:182,10,0,3
BRDA:182,10,1,1
BRDA:192,11,0,4
BRDA:192,11,1,1
BRDA:193,12,0,3
BRDA:193,12,1,1
BRDA:204,13,0,0
BRDA:204,13,1,0
BRDA:208,14,0,0
BRDA:208,14,1,0
BRF:28
BRH:24
end_of_record
TN:
SF:/home/user/Documents/projects/hungama-heftyverse/contracts/interfaces/IEvents.sol
FNF:0
FNH:0
LF:0
LH:0
BRF:0
BRH:0
end_of_record
TN:
SF:/home/user/Documents/projects/hungama-heftyverse/contracts/interfaces/IFactory.sol
FNF:0
FNH:0
LF:0
LH:0
BRF:0
BRH:0
end_of_record
TN:
SF:/home/user/Documents/projects/hungama-heftyverse/contracts/interfaces/INFTTemplate.sol
FNF:0
FNH:0
LF:0
LH:0
BRF:0
BRH:0
end_of_record
TN:
SF:/home/user/Documents/projects/hungama-heftyverse/contracts/interfaces/IProxy.sol
FNF:0
FNH:0
LF:0
LH:0
BRF:0
BRH:0
end_of_record
TN:
SF:/home/user/Documents/projects/hungama-heftyverse/contracts/interfaces/ISFTTemplate.sol
FNF:0
FNH:0
LF:0
LH:0
BRF:0
BRH:0
end_of_record
TN:
SF:/home/user/Documents/projects/hungama-heftyverse/contracts/interfaces/IUSDT.sol
FNF:0
FNH:0
LF:0
LH:0
BRF:0
BRH:0
end_of_record
TN:
SF:/home/user/Documents/projects/hungama-heftyverse/contracts/libraries/VoucherLib.sol
FNF:0
FNH:0
LF:0
LH:0
BRF:0
BRH:0
end_of_record
TN:
SF:/home/user/Documents/projects/hungama-heftyverse/contracts/mock/USDT.sol
FN:10,initialize
FN:16,mint
FN:21,decimals
FNF:3
FNH:3
FNDA:1092,initialize
FNDA:252,mint
FNDA:1092,decimals
DA:11,1092
DA:12,1092
DA:13,1092
DA:17,252
DA:18,252
DA:22,1092
LF:6
LH:6
BRDA:17,1,0,252
BRDA:17,1,1,0
BRF:2
BRH:1
end_of_record
TN:
SF:/home/user/Documents/projects/hungama-heftyverse/contracts/OwnedUpgradeabilityProxy.sol
FN:32,constructor
FN:40,maintenance
FN:50,setMaintenance
FN:61,proxyOwner
FN:71,setUpgradeabilityOwner
FN:82,transferProxyOwnership
FN:92,upgradeTo
FN:103,upgradeToAndCall
FN:113,
FN:125,implementation
FN:136,setImplementation
FN:147,_upgradeTo
FN:154,_fallback
FN:176,onlyProxyOwner
FNF:14
FNH:2
FNDA:252,constructor
FNDA:0,maintenance
FNDA:0,setMaintenance
FNDA:0,proxyOwner
FNDA:252,setUpgradeabilityOwner
FNDA:0,transferProxyOwnership
FNDA:0,upgradeTo
FNDA:0,upgradeToAndCall
FNDA:0,
FNDA:0,implementation
FNDA:0,setImplementation
FNDA:0,_upgradeTo
FNDA:0,_fallback
FNDA:0,onlyProxyOwner
DA:33,252
DA:41,0
DA:42,0
DA:51,0
DA:52,0
DA:62,0
DA:63,0
DA:72,252
DA:73,252
DA:83,0
DA:84,0
DA:85,0
DA:93,0
DA:104,0
DA:105,0
DA:106,0
DA:114,0
DA:118,0
DA:126,0
DA:127,0
DA:137,0
DA:138,0
DA:148,0
DA:149,0
DA:150,0
DA:151,0
DA:155,0
DA:156,0
DA:158,0
DA:159,0
DA:160,0
DA:177,0
DA:178,0
LF:33
LH:3
BRDA:83,1,0,0
BRDA:83,1,1,0
BRDA:106,2,0,0
BRDA:106,2,1,0
BRDA:149,3,0,0
BRDA:149,3,1,0
BRDA:155,4,0,0
BRDA:155,4,1,0
BRDA:156,5,0,0
BRDA:156,5,1,0
BRDA:159,6,0,0
BRDA:159,6,1,0
BRDA:177,7,0,0
BRDA:177,7,1,0
BRF:14
BRH:0
end_of_record
TN:
SF:/home/user/Documents/projects/hungama-heftyverse/contracts/Relayer/BasicMetaTransaction.sol
FN:13,getChainID
FN:32,executeMetaTransaction
FN:46,getNonce
FN:51,prefixed
FN:55,verify
FN:64,_msgSender
FNF:6
FNH:2
FNDA:220,getChainID
FNDA:0,executeMetaTransaction
FNDA:0,getNonce
FNDA:0,prefixed
FNDA:0,verify
FNDA:1055,_msgSender
DA:14,220
DA:15,220
DA:18,220
DA:35,0
DA:36,0
DA:39,0
DA:41,0
DA:42,0
DA:43,0
DA:47,0
DA:52,0
DA:58,0
DA:59,0
DA:60,0
DA:61,0
DA:65,1055
DA:66,0
DA:67,0
DA:68,0
DA:73,1055
LF:20
LH:5
BRDA:35,1,0,0
BRDA:35,1,1,0
BRDA:41,2,0,0
BRDA:41,2,1,0
BRDA:60,3,0,0
BRDA:60,3,1,0
BRDA:65,4,0,0
BRDA:65,4,1,1055
BRF:8
BRH:1
end_of_record
TN:
SF:/home/user/Documents/projects/hungama-heftyverse/contracts/SingleMarket.sol
FN:86,initialize
FN:105,Buy
FN:157,resetCounter
FN:167,setToken
FN:180,setWallet
FN:196,setMarketFee
FN:209,withdrawStuckToken
FN:227,transferAdminRole
FN:238,_hashSeller
FN:266,_verifySeller
FN:279,_hashBuyer
FN:307,_verifyBuyer
FN:324,verifyVoucherCreators
FN:361,_msgSender
FN:380,BuyCustodial2Custodial
FN:476,BuyCustodial2NonCustodial
FN:565,BuyNonCustodial2Custodial
FN:640,BuyNonCustodial2NonCustodial
FN:716,setCounter
FN:741,sendRoyalty
FN:788,takeMarketplaceFee
FNF:21
FNH:20
FNDA:1092,initialize
FNDA:506,Buy
FNDA:4,resetCounter
FNDA:1100,setToken
FNDA:16,setWallet
FNDA:8,setMarketFee
FNDA:13,withdrawStuckToken
FNDA:8,transferAdminRole
FNDA:502,_hashSeller
FNDA:502,_verifySeller
FNDA:494,_hashBuyer
FNDA:494,_verifyBuyer
FNDA:502,verifyVoucherCreators
FNDA:0,_msgSender
FNDA:137,BuyCustodial2Custodial
FNDA:110,BuyCustodial2NonCustodial
FNDA:110,BuyNonCustodial2Custodial
FNDA:110,BuyNonCustodial2NonCustodial
FNDA:299,setCounter
FNDA:117,sendRoyalty
FNDA:467,takeMarketplaceFee
DA:87,1092
DA:89,1092
DA:90,1092
DA:91,1092
DA:92,1092
DA:93,1092
DA:113,506
DA:114,502
DA:116,467
DA:117,467
DA:119,467
DA:120,137
DA:128,110
DA:136,110
DA:144,110
DA:158,4
DA:159,3
DA:160,3
DA:169,1100
DA:171,1099
DA:172,1098
DA:182,16
DA:184,14
DA:185,12
DA:186,6
DA:188,6
DA:198,8
DA:200,7
DA:201,6
DA:210,13
DA:211,13
DA:212,0
DA:213,0
DA:215,0
DA:217,13
DA:218,13
DA:220,11
DA:228,8
DA:230,7
DA:231,6
DA:243,502
DA:271,502
DA:272,502
DA:284,494
DA:312,494
DA:313,494
DA:332,502
DA:334,494
DA:336,478
DA:338,222
DA:344,221
DA:346,221
DA:349,256
DA:355,251
DA:357,248
DA:367,0
DA:387,137
DA:391,98
DA:394,98
DA:395,42
DA:401,42
DA:407,56
DA:413,56
DA:415,56
DA:423,63
DA:426,39
DA:430,39
DA:434,39
DA:437,39
DA:438,13
DA:446,26
DA:455,34
DA:483,110
DA:488,84
DA:490,84
DA:491,42
DA:496,42
DA:501,42
DA:506,42
DA:507,42
DA:514,63
DA:516,26
DA:519,26
DA:522,26
DA:525,26
DA:531,26
DA:532,13
DA:538,13
DA:546,23
DA:572,110
DA:574,84
DA:576,84
DA:577,42
DA:582,42
DA:583,42
DA:590,54
DA:592,26
DA:595,26
DA:598,26
DA:600,26
DA:606,26
DA:607,13
DA:613,13
DA:621,22
DA:647,110
DA:649,84
DA:651,84
DA:657,84
DA:658,42
DA:663,42
DA:664,42
DA:671,60
DA:673,26
DA:676,26
DA:679,26
DA:681,26
DA:687,26
DA:688,13
DA:694,13
DA:702,23
DA:721,299
DA:722,299
DA:723,299
DA:724,299
DA:726,0
DA:728,299
DA:730,299
DA:731,299
DA:747,117
DA:748,117
DA:749,117
DA:752,52
DA:758,52
DA:762,65
DA:771,65
DA:777,117
DA:780,117
DA:792,467
DA:793,467
DA:796,467
LF:140
LH:135
BRDA:113,1,0,502
BRDA:113,1,1,4
BRDA:116,2,0,467
BRDA:116,2,1,0
BRDA:119,3,0,137
BRDA:119,3,1,330
BRDA:127,4,0,110
BRDA:127,4,1,220
BRDA:135,5,0,110
BRDA:135,5,1,110
BRDA:158,6,0,3
BRDA:158,6,1,1
BRDA:169,7,0,1099
BRDA:169,7,1,1
BRDA:171,8,0,1098
BRDA:171,8,1,1
BRDA:182,9,0,14
BRDA:182,9,1,2
BRDA:184,10,0,12
BRDA:184,10,1,2
BRDA:185,11,0,6
BRDA:185,11,1,6
BRDA:198,12,0,7
BRDA:198,12,1,1
BRDA:200,13,0,6
BRDA:200,13,1,1
BRDA:211,14,0,0
BRDA:211,14,1,13
BRDA:215,15,0,0
BRDA:215,15,1,0
BRDA:228,16,0,7
BRDA:228,16,1,1
BRDA:230,17,0,6
BRDA:230,17,1,1
BRDA:332,18,0,494
BRDA:332,18,1,8
BRDA:334,19,0,478
BRDA:334,19,1,16
BRDA:336,20,0,222
BRDA:336,20,1,256
BRDA:338,21,0,221
BRDA:338,21,1,1
BRDA:344,22,0,221
BRDA:344,22,1,0
BRDA:346,23,0,220
BRDA:346,23,1,1
BRDA:349,24,0,251
BRDA:349,24,1,5
BRDA:355,25,0,248
BRDA:355,25,1,3
BRDA:357,26,0,247
BRDA:357,26,1,1
BRDA:387,27,0,98
BRDA:387,27,1,39
BRDA:394,28,0,42
BRDA:394,28,1,56
BRDA:437,29,0,13
BRDA:437,29,1,26
BRDA:483,30,0,84
BRDA:483,30,1,26
BRDA:490,31,0,42
BRDA:490,31,1,42
BRDA:531,32,0,13
BRDA:531,32,1,13
BRDA:572,33,0,84
BRDA:572,33,1,26
BRDA:576,34,0,42
BRDA:576,34,1,42
BRDA:606,35,0,13
BRDA:606,35,1,13
BRDA:647,36,0,84
BRDA:647,36,1,26
BRDA:657,37,0,42
BRDA:657,37,1,42
BRDA:687,38,0,13
BRDA:687,38,1,13
BRDA:721,39,0,299
BRDA:721,39,1,0
BRDA:723,40,0,299
BRDA:723,40,1,0
BRDA:728,41,0,299
BRDA:728,41,1,0
BRDA:731,42,0,299
BRDA:731,42,1,0
BRDA:749,43,0,52
BRDA:749,43,1,65
BRDA:752,44,0,52
BRDA:752,44,1,0
BRDA:762,45,0,65
BRDA:762,45,1,0
BRDA:777,46,0,65
BRDA:777,46,1,52
BRDA:793,47,0,247
BRDA:793,47,1,220
BRF:94
BRH:83
end_of_record
TN:
SF:/home/user/Documents/projects/hungama-heftyverse/contracts/Template1155.sol
FN:51,initialize
FN:66,withdrawStuckToken
FN:84,setAdmin
FN:94,setCreator
FN:105,redeem
FN:135,supportsInterface
FN:147,safeTransferFrom
FN:165,safeBatchTransferFrom
FN:184,_hash
FN:213,_verify
FN:222,_msgSender
FN:240,MintNFT
FNF:12
FNH:10
FNDA:1484,initialize
FNDA:0,withdrawStuckToken
FNDA:5,setAdmin
FNDA:5,setCreator
FNDA:276,redeem
FNDA:0,supportsInterface
FNDA:338,safeTransferFrom
FNDA:13,safeBatchTransferFrom
FNDA:274,_hash
FNDA:274,_verify
FNDA:897,_msgSender
FNDA:273,MintNFT
DA:52,1484
DA:53,1484
DA:54,1484
DA:55,1484
DA:56,1484
DA:57,1484
DA:58,1484
DA:67,0
DA:68,0
DA:69,0
DA:70,0
DA:72,0
DA:74,0
DA:75,0
DA:77,0
DA:85,5
DA:86,4
DA:87,3
DA:95,5
DA:96,4
DA:97,3
DA:110,276
DA:111,275
DA:112,274
DA:113,274
DA:114,273
DA:116,273
DA:117,235
DA:119,38
DA:120,38
DA:122,273
DA:123,273
DA:124,273
DA:132,273
DA:141,0
DA:154,338
DA:155,91
DA:159,337
DA:172,13
DA:173,13
DA:177,12
DA:189,274
DA:218,274
DA:219,274
DA:228,897
DA:248,273
DA:249,273
DA:250,273
DA:251,196
LF:49
LH:40
BRDA:68,1,0,0
BRDA:68,1,1,0
BRDA:72,2,0,0
BRDA:72,2,1,0
BRDA:85,3,0,4
BRDA:85,3,1,1
BRDA:86,4,0,3
BRDA:86,4,1,1
BRDA:95,5,0,4
BRDA:95,5,1,1
BRDA:96,6,0,3
BRDA:96,6,1,1
BRDA:110,7,0,275
BRDA:110,7,1,1
BRDA:111,8,0,274
BRDA:111,8,1,1
BRDA:113,9,0,273
BRDA:113,9,1,1
BRDA:116,10,0,235
BRDA:116,10,1,38
BRDA:119,11,0,38
BRDA:119,11,1,0
BRDA:122,12,0,234
BRDA:122,12,1,39
BRDA:154,13,0,91
BRDA:154,13,1,247
BRDA:155,14,0,90
BRDA:155,14,1,1
BRDA:172,15,0,13
BRDA:172,15,1,0
BRDA:173,16,0,12
BRDA:173,16,1,1
BRDA:250,17,0,196
BRDA:250,17,1,77
BRF:34
BRH:28
end_of_record
TN:
SF:/home/user/Documents/projects/hungama-heftyverse/contracts/Template721.sol
FN:56,initialize
FN:73,redeem
FN:94,withdrawStuckToken
FN:112,setAdmin
FN:122,setCreator
FN:132,exists
FN:139,transferFrom
FN:153,supportsInterface
FN:166,_hash
FN:193,_verify
FN:202,_msgSender
FN:219,MintNFT
FNF:12
FNH:10
FNDA:1386,initialize
FNDA:184,redeem
FNDA:0,withdrawStuckToken
FNDA:5,setAdmin
FNDA:5,setCreator
FNDA:1,exists
FNDA:234,transferFrom
FNDA:0,supportsInterface
FNDA:183,_hash
FNDA:183,_verify
FNDA:158,_msgSender
FNDA:182,MintNFT
DA:57,1386
DA:58,1386
DA:59,1386
DA:60,1386
DA:62,1386
DA:63,1386
DA:64,1386
DA:65,1386
DA:76,184
DA:77,183
DA:78,183
DA:79,182
DA:86,182
DA:95,0
DA:96,0
DA:97,0
DA:98,0
DA:100,0
DA:102,0
DA:103,0
DA:105,0
DA:113,5
DA:114,4
DA:115,3
DA:123,5
DA:124,4
DA:125,3
DA:133,1
DA:144,234
DA:145,14
DA:150,233
DA:159,0
DA:171,183
DA:198,183
DA:199,183
DA:208,158
DA:226,182
DA:227,182
DA:228,182
DA:229,182
DA:230,182
DA:231,169
LF:42
LH:33
BRDA:76,1,0,183
BRDA:76,1,1,1
BRDA:78,2,0,182
BRDA:78,2,1,1
BRDA:96,3,0,0
BRDA:96,3,1,0
BRDA:100,4,0,0
BRDA:100,4,1,0
BRDA:113,5,0,4
BRDA:113,5,1,1
BRDA:114,6,0,3
BRDA:114,6,1,1
BRDA:123,7,0,4
BRDA:123,7,1,1
BRDA:124,8,0,3
BRDA:124,8,1,1
BRDA:144,9,0,14
BRDA:144,9,1,220
BRDA:145,10,0,13
BRDA:145,10,1,1
BRDA:226,11,0,182
BRDA:226,11,1,0
BRDA:230,12,0,169
BRDA:230,12,1,13
BRF:24
BRH:19
end_of_record
