TN:
SF:/home/user/Projects/hungama-heftyverse/contracts/Airdrop.sol
FN:42,initialize
FN:62,MintNFT
FN:84,withdrawStuckToken
FN:102,setAdmin
FN:112,setCreator
FN:118,supportsInterface
FN:130,safeTransferFrom
FN:148,safeBatchTransferFrom
FN:163,bulkTransfer
FN:180,_msgSender
FNF:10
FNH:0
FNDA:0,initialize
FNDA:0,MintNFT
FNDA:0,withdrawStuckToken
FNDA:0,setAdmin
FNDA:0,setCreator
FNDA:0,supportsInterface
FNDA:0,safeTransferFrom
FNDA:0,safeBatchTransferFrom
FNDA:0,bulkTransfer
FNDA:0,_msgSender
DA:43,0
DA:44,0
DA:45,0
DA:46,0
DA:48,0
DA:49,0
DA:50,0
DA:71,0
DA:72,0
DA:73,0
DA:74,0
DA:75,0
DA:85,0
DA:86,0
DA:87,0
DA:88,0
DA:90,0
DA:92,0
DA:93,0
DA:95,0
DA:103,0
DA:104,0
DA:105,0
DA:113,0
DA:114,0
DA:115,0
DA:124,0
DA:137,0
DA:138,0
DA:142,0
DA:155,0
DA:156,0
DA:160,0
DA:169,0
DA:174,0
DA:175,0
DA:176,0
DA:186,0
LF:38
LH:0
BRDA:71,1,0,0
BRDA:71,1,1,0
BRDA:74,2,0,0
BRDA:74,2,1,0
BRDA:86,3,0,0
BRDA:86,3,1,0
BRDA:90,4,0,0
BRDA:90,4,1,0
BRDA:103,5,0,0
BRDA:103,5,1,0
BRDA:104,6,0,0
BRDA:104,6,1,0
BRDA:113,7,0,0
BRDA:113,7,1,0
BRDA:114,8,0,0
BRDA:114,8,1,0
BRDA:137,9,0,0
BRDA:137,9,1,0
BRDA:138,10,0,0
BRDA:138,10,1,0
BRDA:155,11,0,0
BRDA:155,11,1,0
BRDA:156,12,0,0
BRDA:156,12,1,0
BRDA:169,13,0,0
BRDA:169,13,1,0
BRDA:174,14,0,0
BRDA:174,14,1,0
BRF:28
BRH:0
end_of_record
TN:
SF:/home/user/Projects/hungama-heftyverse/contracts/Factory.sol
FN:53,initialize
FN:69,create721Token
FN:103,create1155Token
FN:131,predictNFTContractAddress
FN:150,updateTemplate721
FN:160,updateTemplate1155
FN:170,updateMarketplace
FN:180,updateAdmin
FN:191,updateOperator
FN:202,withdrawStuckToken
FNF:10
FNH:10
FNDA:1235,initialize
FNDA:337,create721Token
FNDA:450,create1155Token
FNDA:1,predictNFTContractAddress
FNDA:5,updateTemplate721
FNDA:5,updateTemplate1155
FNDA:5,updateMarketplace
FNDA:5,updateAdmin
FNDA:5,updateOperator
FNDA:3,withdrawStuckToken
DA:54,1235
DA:55,1235
DA:56,1235
DA:57,1235
DA:58,1235
DA:76,337
DA:77,336
DA:78,336
DA:79,336
DA:83,336
DA:84,336
DA:85,336
DA:94,288
DA:108,450
DA:109,448
DA:110,448
DA:111,448
DA:115,448
DA:116,448
DA:118,448
DA:125,352
DA:137,1
DA:138,1
DA:151,5
DA:152,4
DA:153,3
DA:161,5
DA:162,4
DA:163,3
DA:171,5
DA:172,4
DA:173,3
DA:181,5
DA:182,4
DA:183,3
DA:192,5
DA:193,4
DA:194,3
DA:203,3
DA:204,3
DA:205,0
DA:206,0
DA:208,0
DA:210,3
DA:211,3
DA:213,3
LF:46
LH:43
BRDA:76,1,0,336
BRDA:76,1,1,1
BRDA:108,2,0,448
BRDA:108,2,1,2
BRDA:151,3,0,4
BRDA:151,3,1,1
BRDA:152,4,0,3
BRDA:152,4,1,1
BRDA:161,5,0,4
BRDA:161,5,1,1
BRDA:162,6,0,3
BRDA:162,6,1,1
BRDA:171,7,0,4
BRDA:171,7,1,1
BRDA:172,8,0,3
BRDA:172,8,1,1
BRDA:181,9,0,4
BRDA:181,9,1,1
BRDA:182,10,0,3
BRDA:182,10,1,1
BRDA:192,11,0,4
BRDA:192,11,1,1
BRDA:193,12,0,3
BRDA:193,12,1,1
BRDA:204,13,0,0
BRDA:204,13,1,3
BRDA:208,14,0,0
BRDA:208,14,1,0
BRF:28
BRH:25
end_of_record
TN:
SF:/home/user/Projects/hungama-heftyverse/contracts/interfaces/IEvents.sol
FNF:0
FNH:0
LF:0
LH:0
BRF:0
BRH:0
end_of_record
TN:
SF:/home/user/Projects/hungama-heftyverse/contracts/interfaces/IFactory.sol
FNF:0
FNH:0
LF:0
LH:0
BRF:0
BRH:0
end_of_record
TN:
SF:/home/user/Projects/hungama-heftyverse/contracts/interfaces/INFTTemplate.sol
FNF:0
FNH:0
LF:0
LH:0
BRF:0
BRH:0
end_of_record
TN:
SF:/home/user/Projects/hungama-heftyverse/contracts/interfaces/IProxy.sol
FNF:0
FNH:0
LF:0
LH:0
BRF:0
BRH:0
end_of_record
TN:
SF:/home/user/Projects/hungama-heftyverse/contracts/interfaces/ISFTTemplate.sol
FNF:0
FNH:0
LF:0
LH:0
BRF:0
BRH:0
end_of_record
TN:
SF:/home/user/Projects/hungama-heftyverse/contracts/interfaces/IUSDT.sol
FNF:0
FNH:0
LF:0
LH:0
BRF:0
BRH:0
end_of_record
TN:
SF:/home/user/Projects/hungama-heftyverse/contracts/libraries/VoucherLib.sol
FNF:0
FNH:0
LF:0
LH:0
BRF:0
BRH:0
end_of_record
TN:
SF:/home/user/Projects/hungama-heftyverse/contracts/mock/USDT.sol
FN:10,initialize
FN:16,mint
FN:21,decimals
FNF:3
FNH:3
FNDA:1235,initialize
FNDA:285,mint
FNDA:1235,decimals
DA:11,1235
DA:12,1235
DA:13,1235
DA:17,285
DA:18,285
DA:22,1235
LF:6
LH:6
BRDA:17,1,0,285
BRDA:17,1,1,0
BRF:2
BRH:1
end_of_record
TN:
SF:/home/user/Projects/hungama-heftyverse/contracts/OwnedUpgradeabilityProxy.sol
FN:32,constructor
FN:40,maintenance
FN:50,setMaintenance
FN:61,proxyOwner
FN:71,setUpgradeabilityOwner
FN:82,transferProxyOwnership
FN:92,upgradeTo
FN:103,upgradeToAndCall
FN:113,
FN:125,implementation
FN:136,setImplementation
FN:147,_upgradeTo
FN:154,_fallback
FN:176,onlyProxyOwner
FNF:14
FNH:2
FNDA:285,constructor
FNDA:0,maintenance
FNDA:0,setMaintenance
FNDA:0,proxyOwner
FNDA:285,setUpgradeabilityOwner
FNDA:0,transferProxyOwnership
FNDA:0,upgradeTo
FNDA:0,upgradeToAndCall
FNDA:0,
FNDA:0,implementation
FNDA:0,setImplementation
FNDA:0,_upgradeTo
FNDA:0,_fallback
FNDA:0,onlyProxyOwner
DA:33,285
DA:41,0
DA:42,0
DA:51,0
DA:52,0
DA:62,0
DA:63,0
DA:72,285
DA:73,285
DA:83,0
DA:84,0
DA:85,0
DA:93,0
DA:104,0
DA:105,0
DA:106,0
DA:114,0
DA:118,0
DA:126,0
DA:127,0
DA:137,0
DA:138,0
DA:148,0
DA:149,0
DA:150,0
DA:151,0
DA:155,0
DA:156,0
DA:158,0
DA:159,0
DA:160,0
DA:177,0
DA:178,0
LF:33
LH:3
BRDA:83,1,0,0
BRDA:83,1,1,0
BRDA:106,2,0,0
BRDA:106,2,1,0
BRDA:149,3,0,0
BRDA:149,3,1,0
BRDA:155,4,0,0
BRDA:155,4,1,0
BRDA:156,5,0,0
BRDA:156,5,1,0
BRDA:159,6,0,0
BRDA:159,6,1,0
BRDA:177,7,0,0
BRDA:177,7,1,0
BRF:14
BRH:0
end_of_record
TN:
SF:/home/user/Projects/hungama-heftyverse/contracts/Relayer/BasicMetaTransaction.sol
FN:13,getChainID
FN:32,executeMetaTransaction
FN:46,getNonce
FN:51,prefixed
FN:55,verify
FN:64,_msgSender
FNF:6
FNH:2
FNDA:251,getChainID
FNDA:0,executeMetaTransaction
FNDA:0,getNonce
FNDA:0,prefixed
FNDA:0,verify
FNDA:1335,_msgSender
DA:14,251
DA:15,251
DA:18,251
DA:35,0
DA:36,0
DA:39,0
DA:41,0
DA:42,0
DA:43,0
DA:47,0
DA:52,0
DA:58,0
DA:59,0
DA:60,0
DA:61,0
DA:65,1335
DA:66,0
DA:67,0
DA:68,0
DA:73,1335
LF:20
LH:5
BRDA:35,1,0,0
BRDA:35,1,1,0
BRDA:41,2,0,0
BRDA:41,2,1,0
BRDA:60,3,0,0
BRDA:60,3,1,0
BRDA:65,4,0,0
BRDA:65,4,1,1335
BRF:8
BRH:1
end_of_record
TN:
SF:/home/user/Projects/hungama-heftyverse/contracts/SingleMarket.sol
FN:85,initialize
FN:104,Buy
FN:156,resetCounter
FN:166,setToken
FN:179,setWallet
FN:195,setMarketFee
FN:208,withdrawStuckToken
FN:226,transferAdminRole
FN:237,_hashSeller
FN:265,_verifySeller
FN:278,_hashBuyer
FN:306,_verifyBuyer
FN:323,verifyVoucherCreators
FN:359,_msgSender
FN:378,BuyCustodial2Custodial
FN:474,BuyCustodial2NonCustodial
FN:564,BuyNonCustodial2Custodial
FN:639,BuyNonCustodial2NonCustodial
FN:715,setCounter
FN:738,sendRoyalty
FN:783,takeMarketplaceFee
FNF:21
FNH:20
FNDA:1235,initialize
FNDA:621,Buy
FNDA:4,resetCounter
FNDA:1243,setToken
FNDA:16,setWallet
FNDA:8,setMarketFee
FNDA:13,withdrawStuckToken
FNDA:8,transferAdminRole
FNDA:617,_hashSeller
FNDA:617,_verifySeller
FNDA:609,_hashBuyer
FNDA:609,_verifyBuyer
FNDA:617,verifyVoucherCreators
FNDA:0,_msgSender
FNDA:152,BuyCustodial2Custodial
FNDA:194,BuyCustodial2NonCustodial
FNDA:110,BuyNonCustodial2Custodial
FNDA:124,BuyNonCustodial2NonCustodial
FNDA:398,setCounter
FNDA:132,sendRoyalty
FNDA:577,takeMarketplaceFee
DA:86,1235
DA:88,1235
DA:89,1235
DA:90,1235
DA:91,1235
DA:92,1235
DA:112,621
DA:113,617
DA:115,581
DA:116,580
DA:118,580
DA:119,152
DA:127,110
DA:135,194
DA:143,124
DA:157,4
DA:158,3
DA:159,3
DA:168,1243
DA:170,1242
DA:171,1241
DA:181,16
DA:183,14
DA:184,12
DA:185,6
DA:187,6
DA:197,8
DA:199,7
DA:200,6
DA:209,13
DA:210,13
DA:211,0
DA:212,0
DA:214,0
DA:216,13
DA:217,13
DA:219,11
DA:227,8
DA:229,7
DA:230,6
DA:242,617
DA:270,617
DA:271,617
DA:283,609
DA:311,609
DA:312,609
DA:331,617
DA:333,609
DA:334,593
DA:336,238
DA:342,237
DA:344,236
DA:347,355
DA:353,350
DA:355,347
DA:365,0
DA:385,152
DA:389,112
DA:392,112
DA:393,42
DA:399,42
DA:405,70
DA:411,70
DA:413,70
DA:421,72
DA:424,40
DA:428,40
DA:432,39
DA:435,39
DA:436,13
DA:444,26
DA:453,34
DA:481,194
DA:486,153
DA:488,153
DA:489,56
DA:494,56
DA:499,97
DA:504,97
DA:506,97
DA:513,113
DA:515,41
DA:518,40
DA:521,39
DA:524,39
DA:530,39
DA:531,13
DA:537,26
DA:545,35
DA:571,110
DA:573,84
DA:575,84
DA:576,42
DA:581,42
DA:582,42
DA:589,54
DA:591,26
DA:594,26
DA:597,26
DA:599,26
DA:605,26
DA:606,13
DA:612,13
DA:620,22
DA:646,124
DA:648,98
DA:650,98
DA:656,98
DA:657,42
DA:662,56
DA:663,56
DA:670,74
DA:672,26
DA:675,26
DA:678,26
DA:680,26
DA:686,26
DA:687,13
DA:693,13
DA:701,23
DA:720,398
DA:721,397
DA:722,397
DA:723,370
DA:725,27
DA:727,397
DA:728,397
DA:744,132
DA:745,132
DA:746,132
DA:748,53
DA:754,52
DA:758,79
DA:767,78
DA:772,130
DA:775,130
DA:787,577
DA:788,577
DA:791,577
LF:139
LH:135
BRDA:112,1,0,617
BRDA:112,1,1,4
BRDA:115,2,0,580
BRDA:115,2,1,1
BRDA:118,3,0,152
BRDA:118,3,1,428
BRDA:126,4,0,110
BRDA:126,4,1,318
BRDA:134,5,0,194
BRDA:134,5,1,124
BRDA:157,6,0,3
BRDA:157,6,1,1
BRDA:168,7,0,1242
BRDA:168,7,1,1
BRDA:170,8,0,1241
BRDA:170,8,1,1
BRDA:181,9,0,14
BRDA:181,9,1,2
BRDA:183,10,0,12
BRDA:183,10,1,2
BRDA:184,11,0,6
BRDA:184,11,1,6
BRDA:197,12,0,7
BRDA:197,12,1,1
BRDA:199,13,0,6
BRDA:199,13,1,1
BRDA:210,14,0,0
BRDA:210,14,1,13
BRDA:214,15,0,0
BRDA:214,15,1,0
BRDA:227,16,0,7
BRDA:227,16,1,1
BRDA:229,17,0,6
BRDA:229,17,1,1
BRDA:331,18,0,609
BRDA:331,18,1,8
BRDA:333,19,0,593
BRDA:333,19,1,16
BRDA:334,20,0,238
BRDA:334,20,1,355
BRDA:336,21,0,237
BRDA:336,21,1,1
BRDA:342,22,0,236
BRDA:342,22,1,1
BRDA:344,23,0,235
BRDA:344,23,1,1
BRDA:347,24,0,350
BRDA:347,24,1,5
BRDA:353,25,0,347
BRDA:353,25,1,3
BRDA:355,26,0,346
BRDA:355,26,1,1
BRDA:385,27,0,112
BRDA:385,27,1,40
BRDA:392,28,0,42
BRDA:392,28,1,70
BRDA:435,29,0,13
BRDA:435,29,1,26
BRDA:481,30,0,153
BRDA:481,30,1,41
BRDA:488,31,0,56
BRDA:488,31,1,97
BRDA:530,32,0,13
BRDA:530,32,1,26
BRDA:571,33,0,84
BRDA:571,33,1,26
BRDA:575,34,0,42
BRDA:575,34,1,42
BRDA:605,35,0,13
BRDA:605,35,1,13
BRDA:646,36,0,98
BRDA:646,36,1,26
BRDA:656,37,0,42
BRDA:656,37,1,56
BRDA:686,38,0,13
BRDA:686,38,1,13
BRDA:720,39,0,397
BRDA:720,39,1,1
BRDA:722,40,0,370
BRDA:722,40,1,27
BRDA:728,41,0,370
BRDA:728,41,1,27
BRDA:746,42,0,53
BRDA:746,42,1,79
BRDA:748,43,0,52
BRDA:748,43,1,1
BRDA:758,44,0,78
BRDA:758,44,1,1
BRDA:772,45,0,65
BRDA:772,45,1,65
BRDA:788,46,0,261
BRDA:788,46,1,316
BRF:92
BRH:89
end_of_record
TN:
SF:/home/user/Projects/hungama-heftyverse/contracts/Template1155.sol
FN:51,initialize
FN:66,withdrawStuckToken
FN:84,setAdmin
FN:94,setCreator
FN:105,redeem
FN:134,supportsInterface
FN:146,safeTransferFrom
FN:167,safeBatchTransferFrom
FN:186,_hash
FN:215,_verify
FN:224,_msgSender
FN:242,MintNFT
FNF:12
FNH:11
FNDA:1683,initialize
FNDA:3,withdrawStuckToken
FNDA:5,setAdmin
FNDA:5,setCreator
FNDA:359,redeem
FNDA:0,supportsInterface
FNDA:447,safeTransferFrom
FNDA:13,safeBatchTransferFrom
FNDA:357,_hash
FNDA:357,_verify
FNDA:1127,_msgSender
FNDA:356,MintNFT
DA:52,1683
DA:53,1683
DA:54,1683
DA:55,1683
DA:56,1683
DA:57,1683
DA:58,1683
DA:67,3
DA:68,3
DA:69,0
DA:70,0
DA:72,0
DA:74,3
DA:75,3
DA:77,3
DA:85,5
DA:86,4
DA:87,3
DA:95,5
DA:96,4
DA:97,3
DA:110,359
DA:111,358
DA:112,357
DA:113,357
DA:114,356
DA:116,356
DA:117,291
DA:119,65
DA:121,356
DA:122,356
DA:123,356
DA:131,356
DA:140,0
DA:154,447
DA:155,104
DA:160,445
DA:174,13
DA:175,13
DA:179,12
DA:191,357
DA:220,357
DA:221,357
DA:230,1127
DA:250,356
DA:251,356
DA:252,356
DA:253,279
LF:48
LH:44
BRDA:68,1,0,0
BRDA:68,1,1,3
BRDA:72,2,0,0
BRDA:72,2,1,0
BRDA:85,3,0,4
BRDA:85,3,1,1
BRDA:86,4,0,3
BRDA:86,4,1,1
BRDA:95,5,0,4
BRDA:95,5,1,1
BRDA:96,6,0,3
BRDA:96,6,1,1
BRDA:110,7,0,358
BRDA:110,7,1,1
BRDA:111,8,0,357
BRDA:111,8,1,1
BRDA:113,9,0,356
BRDA:113,9,1,1
BRDA:116,10,0,291
BRDA:116,10,1,65
BRDA:121,11,0,290
BRDA:121,11,1,66
BRDA:154,12,0,104
BRDA:154,12,1,342
BRDA:155,13,0,103
BRDA:155,13,1,1
BRDA:174,14,0,13
BRDA:174,14,1,0
BRDA:175,15,0,12
BRDA:175,15,1,1
BRDA:252,16,0,279
BRDA:252,16,1,77
BRF:32
BRH:28
end_of_record
TN:
SF:/home/user/Projects/hungama-heftyverse/contracts/Template721.sol
FN:56,initialize
FN:73,redeem
FN:94,withdrawStuckToken
FN:112,setAdmin
FN:122,setCreator
FN:132,exists
FN:139,transferFrom
FN:153,supportsInterface
FN:166,_hash
FN:193,_verify
FN:202,_msgSender
FN:219,MintNFT
FNF:12
FNH:11
FNDA:1571,initialize
FNDA:238,redeem
FNDA:3,withdrawStuckToken
FNDA:5,setAdmin
FNDA:5,setCreator
FNDA:1,exists
FNDA:300,transferFrom
FNDA:0,supportsInterface
FNDA:237,_hash
FNDA:237,_verify
FNDA:208,_msgSender
FNDA:236,MintNFT
DA:57,1571
DA:58,1571
DA:59,1571
DA:60,1571
DA:62,1571
DA:63,1571
DA:64,1571
DA:65,1571
DA:76,238
DA:77,237
DA:78,237
DA:79,236
DA:86,235
DA:95,3
DA:96,3
DA:97,0
DA:98,0
DA:100,0
DA:102,3
DA:103,3
DA:105,3
DA:113,5
DA:114,4
DA:115,3
DA:123,5
DA:124,4
DA:125,3
DA:133,1
DA:144,300
DA:145,64
DA:150,297
DA:159,0
DA:171,237
DA:198,237
DA:199,237
DA:208,208
DA:226,236
DA:227,235
DA:228,235
DA:229,235
DA:231,235
DA:232,222
LF:42
LH:38
BRDA:76,1,0,237
BRDA:76,1,1,1
BRDA:78,2,0,236
BRDA:78,2,1,1
BRDA:96,3,0,0
BRDA:96,3,1,3
BRDA:100,4,0,0
BRDA:100,4,1,0
BRDA:113,5,0,4
BRDA:113,5,1,1
BRDA:114,6,0,3
BRDA:114,6,1,1
BRDA:123,7,0,4
BRDA:123,7,1,1
BRDA:124,8,0,3
BRDA:124,8,1,1
BRDA:144,9,0,64
BRDA:144,9,1,234
BRDA:145,10,0,63
BRDA:145,10,1,1
BRDA:226,11,0,235
BRDA:226,11,1,1
BRDA:231,12,0,222
BRDA:231,12,1,13
BRF:24
BRH:21
end_of_record
